{"/Users/ericfalke/post-secondary-assessment-demo/apps/server/ai-json-service.ts": {"path":"/Users/ericfalke/post-secondary-assessment-demo/apps/server/ai-json-service.ts","statementMap":{"0":{"start":{"line":1,"column":0},"end":{"line":1,"column":46}},"1":{"start":{"line":2,"column":0},"end":{"line":2,"column":36}},"2":{"start":{"line":107,"column":4},"end":{"line":107,"column":42}},"3":{"start":{"line":111,"column":4},"end":{"line":135,"column":5}},"4":{"start":{"line":113,"column":23},"end":{"line":118,"column":8}},"5":{"start":{"line":120,"column":6},"end":{"line":120,"column":57}},"6":{"start":{"line":122,"column":6},"end":{"line":122,"column":63}},"7":{"start":{"line":123,"column":6},"end":{"line":134,"column":7}},"8":{"start":{"line":124,"column":25},"end":{"line":129,"column":10}},"9":{"start":{"line":130,"column":8},"end":{"line":130,"column":59}},"10":{"start":{"line":132,"column":29},"end":{"line":132,"column":108}},"11":{"start":{"line":133,"column":8},"end":{"line":133,"column":67}},"12":{"start":{"line":145,"column":4},"end":{"line":145,"column":68}},"13":{"start":{"line":148,"column":32},"end":{"line":148,"column":92}},"14":{"start":{"line":149,"column":29},"end":{"line":149,"column":72}},"15":{"start":{"line":150,"column":27},"end":{"line":150,"column":98}},"16":{"start":{"line":152,"column":4},"end":{"line":189,"column":5}},"17":{"start":{"line":154,"column":29},"end":{"line":157,"column":8}},"18":{"start":{"line":159,"column":6},"end":{"line":159,"column":53}},"19":{"start":{"line":162,"column":25},"end":{"line":164,"column":48}},"20":{"start":{"line":168,"column":6},"end":{"line":174,"column":7}},"21":{"start":{"line":170,"column":8},"end":{"line":170,"column":125}},"22":{"start":{"line":172,"column":9},"end":{"line":172,"column":115}},"23":{"start":{"line":173,"column":8},"end":{"line":173,"column":99}},"24":{"start":{"line":176,"column":6},"end":{"line":176,"column":62}},"25":{"start":{"line":177,"column":6},"end":{"line":181,"column":7}},"26":{"start":{"line":178,"column":8},"end":{"line":178,"column":93}},"27":{"start":{"line":180,"column":8},"end":{"line":180,"column":205}},"28":{"start":{"line":183,"column":6},"end":{"line":183,"column":44}},"29":{"start":{"line":186,"column":6},"end":{"line":186,"column":63}},"30":{"start":{"line":187,"column":27},"end":{"line":187,"column":83}},"31":{"start":{"line":188,"column":6},"end":{"line":188,"column":72}},"32":{"start":{"line":193,"column":26},"end":{"line":199,"column":6}},"33":{"start":{"line":201,"column":30},"end":{"line":201,"column":91}},"34":{"start":{"line":202,"column":26},"end":{"line":204,"column":61}},"35":{"start":{"line":206,"column":4},"end":{"line":212,"column":5}},"36":{"start":{"line":207,"column":20},"end":{"line":207,"column":83}},"37":{"start":{"line":207,"column":56},"end":{"line":207,"column":82}},"38":{"start":{"line":208,"column":6},"end":{"line":211,"column":7}},"39":{"start":{"line":209,"column":8},"end":{"line":209,"column":77}},"40":{"start":{"line":210,"column":8},"end":{"line":210,"column":29}},"41":{"start":{"line":214,"column":4},"end":{"line":214,"column":155}},"42":{"start":{"line":223,"column":23},"end":{"line":284,"column":70}},"43":{"start":{"line":286,"column":24},"end":{"line":286,"column":26}},"44":{"start":{"line":287,"column":4},"end":{"line":293,"column":5}},"45":{"start":{"line":288,"column":6},"end":{"line":288,"column":114}},"46":{"start":{"line":289,"column":11},"end":{"line":293,"column":5}},"47":{"start":{"line":290,"column":6},"end":{"line":290,"column":133}},"48":{"start":{"line":292,"column":6},"end":{"line":292,"column":141}},"49":{"start":{"line":295,"column":42},"end":{"line":295,"column":44}},"50":{"start":{"line":296,"column":4},"end":{"line":298,"column":5}},"51":{"start":{"line":297,"column":6},"end":{"line":297,"column":63}},"52":{"start":{"line":299,"column":4},"end":{"line":301,"column":5}},"53":{"start":{"line":300,"column":6},"end":{"line":300,"column":59}},"54":{"start":{"line":303,"column":28},"end":{"line":305,"column":75}},"55":{"start":{"line":307,"column":27},"end":{"line":309,"column":10}},"56":{"start":{"line":311,"column":4},"end":{"line":311,"column":86}},"57":{"start":{"line":315,"column":4},"end":{"line":335,"column":5}},"58":{"start":{"line":317,"column":28},"end":{"line":320,"column":15}},"59":{"start":{"line":322,"column":21},"end":{"line":322,"column":46}},"60":{"start":{"line":325,"column":6},"end":{"line":327,"column":7}},"61":{"start":{"line":326,"column":8},"end":{"line":326,"column":78}},"62":{"start":{"line":329,"column":6},"end":{"line":329,"column":43}},"63":{"start":{"line":331,"column":6},"end":{"line":331,"column":50}},"64":{"start":{"line":332,"column":6},"end":{"line":332,"column":47}},"65":{"start":{"line":333,"column":27},"end":{"line":333,"column":83}},"66":{"start":{"line":334,"column":6},"end":{"line":334,"column":72}},"67":{"start":{"line":339,"column":24},"end":{"line":344,"column":6}},"68":{"start":{"line":346,"column":29},"end":{"line":346,"column":78}},"69":{"start":{"line":346,"column":56},"end":{"line":346,"column":77}},"70":{"start":{"line":347,"column":30},"end":{"line":349,"column":10}},"71":{"start":{"line":348,"column":47},"end":{"line":348,"column":58}},"72":{"start":{"line":351,"column":31},"end":{"line":351,"column":95}},"73":{"start":{"line":351,"column":61},"end":{"line":351,"column":87}},"74":{"start":{"line":352,"column":29},"end":{"line":352,"column":78}},"75":{"start":{"line":354,"column":4},"end":{"line":358,"column":6}},"76":{"start":{"line":362,"column":19},"end":{"line":362,"column":49}},"77":{"start":{"line":365,"column":4},"end":{"line":365,"column":83}},"78":{"start":{"line":366,"column":4},"end":{"line":368,"column":5}},"79":{"start":{"line":367,"column":6},"end":{"line":367,"column":88}},"80":{"start":{"line":371,"column":4},"end":{"line":371,"column":35}},"81":{"start":{"line":372,"column":4},"end":{"line":377,"column":7}},"82":{"start":{"line":373,"column":6},"end":{"line":373,"column":83}},"83":{"start":{"line":374,"column":6},"end":{"line":376,"column":7}},"84":{"start":{"line":375,"column":8},"end":{"line":375,"column":79}},"85":{"start":{"line":380,"column":4},"end":{"line":380,"column":52}},"86":{"start":{"line":381,"column":4},"end":{"line":386,"column":7}},"87":{"start":{"line":382,"column":6},"end":{"line":382,"column":85}},"88":{"start":{"line":383,"column":6},"end":{"line":385,"column":7}},"89":{"start":{"line":384,"column":8},"end":{"line":384,"column":80}},"90":{"start":{"line":389,"column":4},"end":{"line":389,"column":48}},"91":{"start":{"line":390,"column":4},"end":{"line":395,"column":7}},"92":{"start":{"line":391,"column":6},"end":{"line":391,"column":81}},"93":{"start":{"line":392,"column":6},"end":{"line":394,"column":7}},"94":{"start":{"line":393,"column":8},"end":{"line":393,"column":78}},"95":{"start":{"line":397,"column":4},"end":{"line":397,"column":20}},"96":{"start":{"line":402,"column":4},"end":{"line":467,"column":5}},"97":{"start":{"line":404,"column":28},"end":{"line":407,"column":15}},"98":{"start":{"line":409,"column":21},"end":{"line":409,"column":46}},"99":{"start":{"line":412,"column":6},"end":{"line":415,"column":7}},"100":{"start":{"line":414,"column":8},"end":{"line":414,"column":87}},"101":{"start":{"line":418,"column":6},"end":{"line":420,"column":7}},"102":{"start":{"line":419,"column":8},"end":{"line":419,"column":86}},"103":{"start":{"line":422,"column":6},"end":{"line":424,"column":7}},"104":{"start":{"line":423,"column":8},"end":{"line":423,"column":108}},"105":{"start":{"line":426,"column":6},"end":{"line":428,"column":7}},"106":{"start":{"line":427,"column":8},"end":{"line":427,"column":89}},"107":{"start":{"line":430,"column":6},"end":{"line":432,"column":7}},"108":{"start":{"line":431,"column":8},"end":{"line":431,"column":61}},"109":{"start":{"line":434,"column":6},"end":{"line":436,"column":7}},"110":{"start":{"line":435,"column":8},"end":{"line":435,"column":62}},"111":{"start":{"line":439,"column":6},"end":{"line":441,"column":7}},"112":{"start":{"line":440,"column":8},"end":{"line":440,"column":47}},"113":{"start":{"line":442,"column":6},"end":{"line":444,"column":7}},"114":{"start":{"line":443,"column":8},"end":{"line":443,"column":38}},"115":{"start":{"line":445,"column":6},"end":{"line":447,"column":7}},"116":{"start":{"line":446,"column":8},"end":{"line":446,"column":60}},"117":{"start":{"line":448,"column":6},"end":{"line":450,"column":7}},"118":{"start":{"line":449,"column":8},"end":{"line":449,"column":45}},"119":{"start":{"line":451,"column":6},"end":{"line":453,"column":7}},"120":{"start":{"line":452,"column":8},"end":{"line":452,"column":43}},"121":{"start":{"line":454,"column":6},"end":{"line":456,"column":7}},"122":{"start":{"line":455,"column":8},"end":{"line":455,"column":46}},"123":{"start":{"line":457,"column":6},"end":{"line":459,"column":7}},"124":{"start":{"line":458,"column":8},"end":{"line":458,"column":43}},"125":{"start":{"line":461,"column":6},"end":{"line":461,"column":47}},"126":{"start":{"line":463,"column":6},"end":{"line":463,"column":59}},"127":{"start":{"line":464,"column":6},"end":{"line":464,"column":47}},"128":{"start":{"line":465,"column":27},"end":{"line":465,"column":83}},"129":{"start":{"line":466,"column":6},"end":{"line":466,"column":81}},"130":{"start":{"line":472,"column":28},"end":{"line":472,"column":112}},"131":{"start":{"line":472,"column":58},"end":{"line":472,"column":111}},"132":{"start":{"line":474,"column":4},"end":{"line":478,"column":5}},"133":{"start":{"line":475,"column":6},"end":{"line":475,"column":73}},"134":{"start":{"line":477,"column":6},"end":{"line":477,"column":64}},"135":{"start":{"line":480,"column":4},"end":{"line":480,"column":104}},"136":{"start":{"line":482,"column":4},"end":{"line":501,"column":5}},"137":{"start":{"line":484,"column":27},"end":{"line":484,"column":168}},"138":{"start":{"line":486,"column":23},"end":{"line":488,"column":8}},"139":{"start":{"line":491,"column":28},"end":{"line":494,"column":15}},"140":{"start":{"line":496,"column":6},"end":{"line":496,"column":27}},"141":{"start":{"line":498,"column":6},"end":{"line":498,"column":75}},"142":{"start":{"line":500,"column":6},"end":{"line":500,"column":64}},"143":{"start":{"line":505,"column":19},"end":{"line":505,"column":69}},"144":{"start":{"line":508,"column":4},"end":{"line":508,"column":169}},"145":{"start":{"line":509,"column":4},"end":{"line":509,"column":121}},"146":{"start":{"line":510,"column":4},"end":{"line":510,"column":26}},"147":{"start":{"line":513,"column":4},"end":{"line":513,"column":44}},"148":{"start":{"line":514,"column":4},"end":{"line":514,"column":97}},"149":{"start":{"line":515,"column":4},"end":{"line":515,"column":44}},"150":{"start":{"line":516,"column":4},"end":{"line":516,"column":83}},"151":{"start":{"line":517,"column":4},"end":{"line":517,"column":83}},"152":{"start":{"line":518,"column":4},"end":{"line":518,"column":85}},"153":{"start":{"line":519,"column":4},"end":{"line":519,"column":51}},"154":{"start":{"line":520,"column":4},"end":{"line":520,"column":159}},"155":{"start":{"line":521,"column":4},"end":{"line":521,"column":69}},"156":{"start":{"line":522,"column":4},"end":{"line":522,"column":59}},"157":{"start":{"line":523,"column":4},"end":{"line":523,"column":26}},"158":{"start":{"line":526,"column":4},"end":{"line":526,"column":45}},"159":{"start":{"line":527,"column":4},"end":{"line":532,"column":5}},"160":{"start":{"line":528,"column":6},"end":{"line":528,"column":74}},"161":{"start":{"line":531,"column":6},"end":{"line":531,"column":74}},"162":{"start":{"line":533,"column":4},"end":{"line":533,"column":26}},"163":{"start":{"line":536,"column":4},"end":{"line":536,"column":71}},"164":{"start":{"line":537,"column":4},"end":{"line":545,"column":5}},"165":{"start":{"line":538,"column":6},"end":{"line":538,"column":80}},"166":{"start":{"line":541,"column":6},"end":{"line":541,"column":109}},"167":{"start":{"line":542,"column":6},"end":{"line":542,"column":119}},"168":{"start":{"line":543,"column":6},"end":{"line":543,"column":98}},"169":{"start":{"line":544,"column":6},"end":{"line":544,"column":109}},"170":{"start":{"line":546,"column":4},"end":{"line":546,"column":26}},"171":{"start":{"line":549,"column":4},"end":{"line":549,"column":50}},"172":{"start":{"line":550,"column":4},"end":{"line":550,"column":84}},"173":{"start":{"line":551,"column":4},"end":{"line":551,"column":83}},"174":{"start":{"line":552,"column":4},"end":{"line":555,"column":7}},"175":{"start":{"line":553,"column":25},"end":{"line":553,"column":205}},"176":{"start":{"line":554,"column":6},"end":{"line":554,"column":97}},"177":{"start":{"line":556,"column":4},"end":{"line":556,"column":28}},"178":{"start":{"line":559,"column":4},"end":{"line":559,"column":67}},"179":{"start":{"line":560,"column":4},"end":{"line":560,"column":85}},"180":{"start":{"line":561,"column":4},"end":{"line":561,"column":84}},"181":{"start":{"line":562,"column":4},"end":{"line":565,"column":7}},"182":{"start":{"line":563,"column":25},"end":{"line":563,"column":210}},"183":{"start":{"line":564,"column":6},"end":{"line":564,"column":100}},"184":{"start":{"line":568,"column":4},"end":{"line":570,"column":5}},"185":{"start":{"line":569,"column":6},"end":{"line":569,"column":82}},"186":{"start":{"line":572,"column":4},"end":{"line":572,"column":20}},"187":{"start":{"line":103,"column":0},"end":{"line":103,"column":13}},"188":{"start":{"line":576,"column":13},"end":{"line":576,"column":49}}},"fnMap":{"0":{"name":"(anonymous_7)","decl":{"start":{"line":106,"column":2},"end":{"line":106,"column":null}},"loc":{"start":{"line":106,"column":2},"end":{"line":108,"column":3}}},"1":{"name":"(anonymous_8)","decl":{"start":{"line":110,"column":16},"end":{"line":110,"column":32}},"loc":{"start":{"line":110,"column":81},"end":{"line":136,"column":null}}},"2":{"name":"(anonymous_10)","decl":{"start":{"line":138,"column":8},"end":{"line":138,"column":26}},"loc":{"start":{"line":142,"column":22},"end":{"line":190,"column":null}}},"3":{"name":"(anonymous_12)","decl":{"start":{"line":192,"column":16},"end":{"line":192,"column":36}},"loc":{"start":{"line":192,"column":55},"end":{"line":215,"column":null}}},"4":{"name":"(anonymous_14)","decl":{"start":{"line":207,"column":39},"end":{"line":207,"column":40}},"loc":{"start":{"line":207,"column":56},"end":{"line":207,"column":82}}},"5":{"name":"(anonymous_15)","decl":{"start":{"line":217,"column":10},"end":{"line":217,"column":29}},"loc":{"start":{"line":221,"column":22},"end":{"line":312,"column":3}}},"6":{"name":"(anonymous_16)","decl":{"start":{"line":314,"column":10},"end":{"line":314,"column":27}},"loc":{"start":{"line":314,"column":44},"end":{"line":336,"column":3}}},"7":{"name":"(anonymous_17)","decl":{"start":{"line":338,"column":10},"end":{"line":338,"column":28}},"loc":{"start":{"line":338,"column":56},"end":{"line":359,"column":3}}},"8":{"name":"(anonymous_18)","decl":{"start":{"line":346,"column":45},"end":{"line":346,"column":52}},"loc":{"start":{"line":346,"column":56},"end":{"line":346,"column":77}}},"9":{"name":"(anonymous_19)","decl":{"start":{"line":348,"column":31},"end":{"line":348,"column":32}},"loc":{"start":{"line":348,"column":47},"end":{"line":348,"column":58}}},"10":{"name":"(anonymous_20)","decl":{"start":{"line":351,"column":50},"end":{"line":351,"column":57}},"loc":{"start":{"line":351,"column":61},"end":{"line":351,"column":87}}},"11":{"name":"(anonymous_21)","decl":{"start":{"line":361,"column":10},"end":{"line":361,"column":31}},"loc":{"start":{"line":361,"column":83},"end":{"line":398,"column":3}}},"12":{"name":"(anonymous_22)","decl":{"start":{"line":372,"column":33},"end":{"line":372,"column":34}},"loc":{"start":{"line":372,"column":53},"end":{"line":377,"column":5}}},"13":{"name":"(anonymous_23)","decl":{"start":{"line":381,"column":34},"end":{"line":381,"column":35}},"loc":{"start":{"line":381,"column":55},"end":{"line":386,"column":5}}},"14":{"name":"(anonymous_24)","decl":{"start":{"line":390,"column":34},"end":{"line":390,"column":35}},"loc":{"start":{"line":390,"column":53},"end":{"line":395,"column":5}}},"15":{"name":"(anonymous_25)","decl":{"start":{"line":401,"column":10},"end":{"line":401,"column":35}},"loc":{"start":{"line":401,"column":94},"end":{"line":468,"column":3}}},"16":{"name":"(anonymous_26)","decl":{"start":{"line":470,"column":16},"end":{"line":470,"column":44}},"loc":{"start":{"line":470,"column":112},"end":{"line":502,"column":null}}},"17":{"name":"(anonymous_28)","decl":{"start":{"line":472,"column":53},"end":{"line":472,"column":54}},"loc":{"start":{"line":472,"column":58},"end":{"line":472,"column":111}}},"18":{"name":"(anonymous_29)","decl":{"start":{"line":504,"column":10},"end":{"line":504,"column":39}},"loc":{"start":{"line":504,"column":79},"end":{"line":573,"column":3}}},"19":{"name":"(anonymous_30)","decl":{"start":{"line":552,"column":49},"end":{"line":552,"column":50}},"loc":{"start":{"line":552,"column":62},"end":{"line":555,"column":5}}},"20":{"name":"(anonymous_31)","decl":{"start":{"line":562,"column":50},"end":{"line":562,"column":51}},"loc":{"start":{"line":562,"column":64},"end":{"line":565,"column":5}}}},"branchMap":{"0":{"loc":{"start":{"line":120,"column":13},"end":{"line":120,"column":56}},"type":"binary-expr","locations":[{"start":{"line":120,"column":13},"end":{"line":120,"column":50}},{"start":{"line":120,"column":54},"end":{"line":120,"column":56}}]},"1":{"loc":{"start":{"line":120,"column":13},"end":{"line":120,"column":50}},"type":"cond-expr","locations":[{"start":{"line":120,"column":41},"end":{"line":120,"column":43}},{"start":{"line":120,"column":41},"end":{"line":120,"column":50}}]},"2":{"loc":{"start":{"line":120,"column":13},"end":{"line":120,"column":43}},"type":"binary-expr","locations":[{"start":{"line":120,"column":13},"end":{"line":120,"column":43}},{"start":{"line":120,"column":41},"end":{"line":120,"column":43}}]},"3":{"loc":{"start":{"line":120,"column":13},"end":{"line":120,"column":41}},"type":"cond-expr","locations":[{"start":{"line":120,"column":32},"end":{"line":120,"column":34}},{"start":{"line":120,"column":32},"end":{"line":120,"column":41}}]},"4":{"loc":{"start":{"line":120,"column":13},"end":{"line":120,"column":34}},"type":"binary-expr","locations":[{"start":{"line":120,"column":13},"end":{"line":120,"column":34}},{"start":{"line":120,"column":32},"end":{"line":120,"column":34}}]},"5":{"loc":{"start":{"line":130,"column":15},"end":{"line":130,"column":58}},"type":"binary-expr","locations":[{"start":{"line":130,"column":15},"end":{"line":130,"column":52}},{"start":{"line":130,"column":56},"end":{"line":130,"column":58}}]},"6":{"loc":{"start":{"line":130,"column":15},"end":{"line":130,"column":52}},"type":"cond-expr","locations":[{"start":{"line":130,"column":43},"end":{"line":130,"column":45}},{"start":{"line":130,"column":43},"end":{"line":130,"column":52}}]},"7":{"loc":{"start":{"line":130,"column":15},"end":{"line":130,"column":45}},"type":"binary-expr","locations":[{"start":{"line":130,"column":15},"end":{"line":130,"column":45}},{"start":{"line":130,"column":43},"end":{"line":130,"column":45}}]},"8":{"loc":{"start":{"line":130,"column":15},"end":{"line":130,"column":43}},"type":"cond-expr","locations":[{"start":{"line":130,"column":34},"end":{"line":130,"column":36}},{"start":{"line":130,"column":34},"end":{"line":130,"column":43}}]},"9":{"loc":{"start":{"line":130,"column":15},"end":{"line":130,"column":36}},"type":"binary-expr","locations":[{"start":{"line":130,"column":15},"end":{"line":130,"column":36}},{"start":{"line":130,"column":34},"end":{"line":130,"column":36}}]},"10":{"loc":{"start":{"line":132,"column":29},"end":{"line":132,"column":108}},"type":"cond-expr","locations":[{"start":{"line":132,"column":62},"end":{"line":132,"column":83}},{"start":{"line":132,"column":86},"end":{"line":132,"column":108}}]},"11":{"loc":{"start":{"line":162,"column":25},"end":{"line":164,"column":48}},"type":"cond-expr","locations":[{"start":{"line":163,"column":10},"end":{"line":163,"column":80}},{"start":{"line":164,"column":10},"end":{"line":164,"column":48}}]},"12":{"loc":{"start":{"line":168,"column":6},"end":{"line":174,"column":7}},"type":"if","locations":[{"start":{"line":168,"column":6},"end":{"line":174,"column":7}},{"start":{"line":171,"column":13},"end":{"line":174,"column":7}}]},"13":{"loc":{"start":{"line":177,"column":6},"end":{"line":181,"column":7}},"type":"if","locations":[{"start":{"line":177,"column":6},"end":{"line":181,"column":7}},{"start":{"line":179,"column":13},"end":{"line":181,"column":7}}]},"14":{"loc":{"start":{"line":187,"column":27},"end":{"line":187,"column":83}},"type":"cond-expr","locations":[{"start":{"line":187,"column":52},"end":{"line":187,"column":65}},{"start":{"line":187,"column":68},"end":{"line":187,"column":83}}]},"15":{"loc":{"start":{"line":202,"column":26},"end":{"line":204,"column":61}},"type":"cond-expr","locations":[{"start":{"line":203,"column":8},"end":{"line":203,"column":25}},{"start":{"line":204,"column":8},"end":{"line":204,"column":61}}]},"16":{"loc":{"start":{"line":208,"column":6},"end":{"line":211,"column":7}},"type":"if","locations":[{"start":{"line":208,"column":6},"end":{"line":211,"column":7}}]},"17":{"loc":{"start":{"line":208,"column":10},"end":{"line":208,"column":24}},"type":"cond-expr","locations":[{"start":{"line":208,"column":15},"end":{"line":208,"column":17}},{"start":{"line":208,"column":10},"end":{"line":208,"column":24}}]},"18":{"loc":{"start":{"line":208,"column":10},"end":{"line":208,"column":17}},"type":"binary-expr","locations":[{"start":{"line":208,"column":10},"end":{"line":208,"column":17}},{"start":{"line":208,"column":10},"end":{"line":208,"column":17}}]},"19":{"loc":{"start":{"line":287,"column":4},"end":{"line":293,"column":5}},"type":"if","locations":[{"start":{"line":287,"column":4},"end":{"line":293,"column":5}},{"start":{"line":289,"column":11},"end":{"line":293,"column":5}}]},"20":{"loc":{"start":{"line":289,"column":11},"end":{"line":293,"column":5}},"type":"if","locations":[{"start":{"line":289,"column":11},"end":{"line":293,"column":5}},{"start":{"line":291,"column":11},"end":{"line":293,"column":5}}]},"21":{"loc":{"start":{"line":296,"column":4},"end":{"line":298,"column":5}},"type":"if","locations":[{"start":{"line":296,"column":4},"end":{"line":298,"column":5}}]},"22":{"loc":{"start":{"line":299,"column":4},"end":{"line":301,"column":5}},"type":"if","locations":[{"start":{"line":299,"column":4},"end":{"line":301,"column":5}}]},"23":{"loc":{"start":{"line":303,"column":28},"end":{"line":305,"column":75}},"type":"cond-expr","locations":[{"start":{"line":304,"column":8},"end":{"line":304,"column":67}},{"start":{"line":305,"column":8},"end":{"line":305,"column":75}}]},"24":{"loc":{"start":{"line":307,"column":27},"end":{"line":309,"column":10}},"type":"cond-expr","locations":[{"start":{"line":308,"column":8},"end":{"line":308,"column":47}},{"start":{"line":309,"column":8},"end":{"line":309,"column":10}}]},"25":{"loc":{"start":{"line":325,"column":6},"end":{"line":327,"column":7}},"type":"if","locations":[{"start":{"line":325,"column":6},"end":{"line":327,"column":7}}]},"26":{"loc":{"start":{"line":325,"column":10},"end":{"line":325,"column":98}},"type":"binary-expr","locations":[{"start":{"line":325,"column":10},"end":{"line":325,"column":33}},{"start":{"line":325,"column":37},"end":{"line":325,"column":54}},{"start":{"line":325,"column":58},"end":{"line":325,"column":76}},{"start":{"line":325,"column":80},"end":{"line":325,"column":98}}]},"27":{"loc":{"start":{"line":333,"column":27},"end":{"line":333,"column":83}},"type":"cond-expr","locations":[{"start":{"line":333,"column":52},"end":{"line":333,"column":65}},{"start":{"line":333,"column":68},"end":{"line":333,"column":83}}]},"28":{"loc":{"start":{"line":352,"column":29},"end":{"line":352,"column":78}},"type":"binary-expr","locations":[{"start":{"line":352,"column":29},"end":{"line":352,"column":52}},{"start":{"line":352,"column":56},"end":{"line":352,"column":78}}]},"29":{"loc":{"start":{"line":366,"column":4},"end":{"line":368,"column":5}},"type":"if","locations":[{"start":{"line":366,"column":4},"end":{"line":368,"column":5}}]},"30":{"loc":{"start":{"line":374,"column":6},"end":{"line":376,"column":7}},"type":"if","locations":[{"start":{"line":374,"column":6},"end":{"line":376,"column":7}}]},"31":{"loc":{"start":{"line":383,"column":6},"end":{"line":385,"column":7}},"type":"if","locations":[{"start":{"line":383,"column":6},"end":{"line":385,"column":7}}]},"32":{"loc":{"start":{"line":392,"column":6},"end":{"line":394,"column":7}},"type":"if","locations":[{"start":{"line":392,"column":6},"end":{"line":394,"column":7}}]},"33":{"loc":{"start":{"line":412,"column":6},"end":{"line":415,"column":7}},"type":"if","locations":[{"start":{"line":412,"column":6},"end":{"line":415,"column":7}}]},"34":{"loc":{"start":{"line":412,"column":10},"end":{"line":413,"column":49}},"type":"binary-expr","locations":[{"start":{"line":412,"column":10},"end":{"line":412,"column":22}},{"start":{"line":412,"column":26},"end":{"line":412,"column":50}},{"start":{"line":412,"column":54},"end":{"line":412,"column":84}},{"start":{"line":413,"column":10},"end":{"line":413,"column":27}},{"start":{"line":413,"column":31},"end":{"line":413,"column":49}}]},"35":{"loc":{"start":{"line":418,"column":6},"end":{"line":420,"column":7}},"type":"if","locations":[{"start":{"line":418,"column":6},"end":{"line":420,"column":7}}]},"36":{"loc":{"start":{"line":418,"column":10},"end":{"line":418,"column":111}},"type":"binary-expr","locations":[{"start":{"line":418,"column":10},"end":{"line":418,"column":49}},{"start":{"line":418,"column":53},"end":{"line":418,"column":111}}]},"37":{"loc":{"start":{"line":422,"column":6},"end":{"line":424,"column":7}},"type":"if","locations":[{"start":{"line":422,"column":6},"end":{"line":424,"column":7}}]},"38":{"loc":{"start":{"line":422,"column":10},"end":{"line":422,"column":186}},"type":"binary-expr","locations":[{"start":{"line":422,"column":10},"end":{"line":422,"column":44}},{"start":{"line":422,"column":48},"end":{"line":422,"column":92}},{"start":{"line":422,"column":96},"end":{"line":422,"column":143}},{"start":{"line":422,"column":147},"end":{"line":422,"column":186}}]},"39":{"loc":{"start":{"line":426,"column":6},"end":{"line":428,"column":7}},"type":"if","locations":[{"start":{"line":426,"column":6},"end":{"line":428,"column":7}}]},"40":{"loc":{"start":{"line":426,"column":10},"end":{"line":426,"column":99}},"type":"binary-expr","locations":[{"start":{"line":426,"column":10},"end":{"line":426,"column":50}},{"start":{"line":426,"column":54},"end":{"line":426,"column":99}}]},"41":{"loc":{"start":{"line":430,"column":6},"end":{"line":432,"column":7}},"type":"if","locations":[{"start":{"line":430,"column":6},"end":{"line":432,"column":7}}]},"42":{"loc":{"start":{"line":430,"column":10},"end":{"line":430,"column":75}},"type":"binary-expr","locations":[{"start":{"line":430,"column":10},"end":{"line":430,"column":42}},{"start":{"line":430,"column":46},"end":{"line":430,"column":75}}]},"43":{"loc":{"start":{"line":434,"column":6},"end":{"line":436,"column":7}},"type":"if","locations":[{"start":{"line":434,"column":6},"end":{"line":436,"column":7}}]},"44":{"loc":{"start":{"line":434,"column":10},"end":{"line":434,"column":77}},"type":"binary-expr","locations":[{"start":{"line":434,"column":10},"end":{"line":434,"column":43}},{"start":{"line":434,"column":47},"end":{"line":434,"column":77}}]},"45":{"loc":{"start":{"line":439,"column":6},"end":{"line":441,"column":7}},"type":"if","locations":[{"start":{"line":439,"column":6},"end":{"line":441,"column":7}}]},"46":{"loc":{"start":{"line":439,"column":10},"end":{"line":439,"column":50}},"type":"binary-expr","locations":[{"start":{"line":439,"column":10},"end":{"line":439,"column":35}},{"start":{"line":439,"column":39},"end":{"line":439,"column":50}}]},"47":{"loc":{"start":{"line":442,"column":6},"end":{"line":444,"column":7}},"type":"if","locations":[{"start":{"line":442,"column":6},"end":{"line":444,"column":7}}]},"48":{"loc":{"start":{"line":442,"column":10},"end":{"line":442,"column":41}},"type":"binary-expr","locations":[{"start":{"line":442,"column":10},"end":{"line":442,"column":28}},{"start":{"line":442,"column":32},"end":{"line":442,"column":41}}]},"49":{"loc":{"start":{"line":445,"column":6},"end":{"line":447,"column":7}},"type":"if","locations":[{"start":{"line":445,"column":6},"end":{"line":447,"column":7}}]},"50":{"loc":{"start":{"line":448,"column":6},"end":{"line":450,"column":7}},"type":"if","locations":[{"start":{"line":448,"column":6},"end":{"line":450,"column":7}}]},"51":{"loc":{"start":{"line":451,"column":6},"end":{"line":453,"column":7}},"type":"if","locations":[{"start":{"line":451,"column":6},"end":{"line":453,"column":7}}]},"52":{"loc":{"start":{"line":454,"column":6},"end":{"line":456,"column":7}},"type":"if","locations":[{"start":{"line":454,"column":6},"end":{"line":456,"column":7}}]},"53":{"loc":{"start":{"line":457,"column":6},"end":{"line":459,"column":7}},"type":"if","locations":[{"start":{"line":457,"column":6},"end":{"line":459,"column":7}}]},"54":{"loc":{"start":{"line":465,"column":27},"end":{"line":465,"column":83}},"type":"cond-expr","locations":[{"start":{"line":465,"column":52},"end":{"line":465,"column":65}},{"start":{"line":465,"column":68},"end":{"line":465,"column":83}}]},"55":{"loc":{"start":{"line":474,"column":4},"end":{"line":478,"column":5}},"type":"if","locations":[{"start":{"line":474,"column":4},"end":{"line":478,"column":5}}]},"56":{"loc":{"start":{"line":474,"column":8},"end":{"line":474,"column":52}},"type":"binary-expr","locations":[{"start":{"line":474,"column":8},"end":{"line":474,"column":24}},{"start":{"line":474,"column":28},"end":{"line":474,"column":52}}]},"57":{"loc":{"start":{"line":527,"column":4},"end":{"line":532,"column":5}},"type":"if","locations":[{"start":{"line":527,"column":4},"end":{"line":532,"column":5}},{"start":{"line":529,"column":11},"end":{"line":532,"column":5}}]},"58":{"loc":{"start":{"line":527,"column":8},"end":{"line":527,"column":99}},"type":"binary-expr","locations":[{"start":{"line":527,"column":8},"end":{"line":527,"column":49}},{"start":{"line":527,"column":53},"end":{"line":527,"column":99}}]},"59":{"loc":{"start":{"line":537,"column":4},"end":{"line":545,"column":5}},"type":"if","locations":[{"start":{"line":537,"column":4},"end":{"line":545,"column":5}},{"start":{"line":539,"column":11},"end":{"line":545,"column":5}}]},"60":{"loc":{"start":{"line":537,"column":8},"end":{"line":537,"column":111}},"type":"binary-expr","locations":[{"start":{"line":537,"column":8},"end":{"line":537,"column":55}},{"start":{"line":537,"column":59},"end":{"line":537,"column":111}}]},"61":{"loc":{"start":{"line":553,"column":52},"end":{"line":553,"column":129}},"type":"cond-expr","locations":[{"start":{"line":553,"column":72},"end":{"line":553,"column":124}},{"start":{"line":553,"column":127},"end":{"line":553,"column":129}}]},"62":{"loc":{"start":{"line":553,"column":132},"end":{"line":553,"column":203}},"type":"cond-expr","locations":[{"start":{"line":553,"column":150},"end":{"line":553,"column":198}},{"start":{"line":553,"column":201},"end":{"line":553,"column":203}}]},"63":{"loc":{"start":{"line":563,"column":53},"end":{"line":563,"column":132}},"type":"cond-expr","locations":[{"start":{"line":563,"column":74},"end":{"line":563,"column":127}},{"start":{"line":563,"column":130},"end":{"line":563,"column":132}}]},"64":{"loc":{"start":{"line":563,"column":135},"end":{"line":563,"column":208}},"type":"cond-expr","locations":[{"start":{"line":563,"column":154},"end":{"line":563,"column":203}},{"start":{"line":563,"column":206},"end":{"line":563,"column":208}}]},"65":{"loc":{"start":{"line":568,"column":4},"end":{"line":570,"column":5}},"type":"if","locations":[{"start":{"line":568,"column":4},"end":{"line":570,"column":5}}]}},"s":{"0":0,"1":0,"2":0,"3":0,"4":0,"5":0,"6":0,"7":0,"8":0,"9":0,"10":0,"11":0,"12":0,"13":0,"14":0,"15":0,"16":0,"17":0,"18":0,"19":0,"20":0,"21":0,"22":0,"23":0,"24":0,"25":0,"26":0,"27":0,"28":0,"29":0,"30":0,"31":0,"32":0,"33":0,"34":0,"35":0,"36":0,"37":0,"38":0,"39":0,"40":0,"41":0,"42":0,"43":0,"44":0,"45":0,"46":0,"47":0,"48":0,"49":0,"50":0,"51":0,"52":0,"53":0,"54":0,"55":0,"56":0,"57":0,"58":0,"59":0,"60":0,"61":0,"62":0,"63":0,"64":0,"65":0,"66":0,"67":0,"68":0,"69":0,"70":0,"71":0,"72":0,"73":0,"74":0,"75":0,"76":0,"77":0,"78":0,"79":0,"80":0,"81":0,"82":0,"83":0,"84":0,"85":0,"86":0,"87":0,"88":0,"89":0,"90":0,"91":0,"92":0,"93":0,"94":0,"95":0,"96":0,"97":0,"98":0,"99":0,"100":0,"101":0,"102":0,"103":0,"104":0,"105":0,"106":0,"107":0,"108":0,"109":0,"110":0,"111":0,"112":0,"113":0,"114":0,"115":0,"116":0,"117":0,"118":0,"119":0,"120":0,"121":0,"122":0,"123":0,"124":0,"125":0,"126":0,"127":0,"128":0,"129":0,"130":0,"131":0,"132":0,"133":0,"134":0,"135":0,"136":0,"137":0,"138":0,"139":0,"140":0,"141":0,"142":0,"143":0,"144":0,"145":0,"146":0,"147":0,"148":0,"149":0,"150":0,"151":0,"152":0,"153":0,"154":0,"155":0,"156":0,"157":0,"158":0,"159":0,"160":0,"161":0,"162":0,"163":0,"164":0,"165":0,"166":0,"167":0,"168":0,"169":0,"170":0,"171":0,"172":0,"173":0,"174":0,"175":0,"176":0,"177":0,"178":0,"179":0,"180":0,"181":0,"182":0,"183":0,"184":0,"185":0,"186":0,"187":0,"188":0},"f":{"0":0,"1":0,"2":0,"3":0,"4":0,"5":0,"6":0,"7":0,"8":0,"9":0,"10":0,"11":0,"12":0,"13":0,"14":0,"15":0,"16":0,"17":0,"18":0,"19":0,"20":0},"b":{"0":[0,0],"1":[0,0],"2":[0,0],"3":[0,0],"4":[0,0],"5":[0,0],"6":[0,0],"7":[0,0],"8":[0,0],"9":[0,0],"10":[0,0],"11":[0,0],"12":[0,0],"13":[0,0],"14":[0,0],"15":[0,0],"16":[0],"17":[0,0],"18":[0,0],"19":[0,0],"20":[0,0],"21":[0],"22":[0],"23":[0,0],"24":[0,0],"25":[0],"26":[0,0,0,0],"27":[0,0],"28":[0,0],"29":[0],"30":[0],"31":[0],"32":[0],"33":[0],"34":[0,0,0,0,0],"35":[0],"36":[0,0],"37":[0],"38":[0,0,0,0],"39":[0],"40":[0,0],"41":[0],"42":[0,0],"43":[0],"44":[0,0],"45":[0],"46":[0,0],"47":[0],"48":[0,0],"49":[0],"50":[0],"51":[0],"52":[0],"53":[0],"54":[0,0],"55":[0],"56":[0,0],"57":[0,0],"58":[0,0],"59":[0,0],"60":[0,0],"61":[0,0],"62":[0,0],"63":[0,0],"64":[0,0],"65":[0]}}
,"/Users/ericfalke/post-secondary-assessment-demo/apps/server/ai-service.ts": {"path":"/Users/ericfalke/post-secondary-assessment-demo/apps/server/ai-service.ts","statementMap":{"0":{"start":{"line":5,"column":0},"end":{"line":5,"column":28}},"1":{"start":{"line":6,"column":0},"end":{"line":6,"column":36}},"2":{"start":{"line":7,"column":0},"end":{"line":7,"column":123}},"3":{"start":{"line":8,"column":0},"end":{"line":8,"column":65}},"4":{"start":{"line":38,"column":19},"end":{"line":38,"column":45}},"5":{"start":{"line":40,"column":4},"end":{"line":42,"column":5}},"6":{"start":{"line":41,"column":6},"end":{"line":41,"column":73}},"7":{"start":{"line":44,"column":4},"end":{"line":44,"column":81}},"8":{"start":{"line":47,"column":4},"end":{"line":49,"column":7}},"9":{"start":{"line":53,"column":4},"end":{"line":53,"column":77}},"10":{"start":{"line":54,"column":4},"end":{"line":54,"column":52}},"11":{"start":{"line":55,"column":4},"end":{"line":55,"column":61}},"12":{"start":{"line":57,"column":4},"end":{"line":306,"column":5}},"13":{"start":{"line":59,"column":27},"end":{"line":59,"column":77}},"14":{"start":{"line":60,"column":23},"end":{"line":64,"column":8}},"15":{"start":{"line":66,"column":6},"end":{"line":66,"column":48}},"16":{"start":{"line":69,"column":27},"end":{"line":69,"column":105}},"17":{"start":{"line":70,"column":25},"end":{"line":70,"column":82}},"18":{"start":{"line":73,"column":23},"end":{"line":76,"column":8}},"19":{"start":{"line":82,"column":6},"end":{"line":95,"column":7}},"20":{"start":{"line":84,"column":26},"end":{"line":84,"column":45}},"21":{"start":{"line":85,"column":8},"end":{"line":85,"column":75}},"22":{"start":{"line":86,"column":8},"end":{"line":86,"column":158}},"23":{"start":{"line":87,"column":13},"end":{"line":95,"column":7}},"24":{"start":{"line":89,"column":8},"end":{"line":89,"column":36}},"25":{"start":{"line":90,"column":8},"end":{"line":90,"column":57}},"26":{"start":{"line":93,"column":8},"end":{"line":93,"column":56}},"27":{"start":{"line":94,"column":8},"end":{"line":94,"column":83}},"28":{"start":{"line":97,"column":6},"end":{"line":154,"column":7}},"29":{"start":{"line":99,"column":8},"end":{"line":99,"column":89}},"30":{"start":{"line":101,"column":8},"end":{"line":120,"column":9}},"31":{"start":{"line":102,"column":10},"end":{"line":102,"column":94}},"32":{"start":{"line":103,"column":10},"end":{"line":109,"column":13}},"33":{"start":{"line":111,"column":10},"end":{"line":111,"column":90}},"34":{"start":{"line":112,"column":10},"end":{"line":119,"column":13}},"35":{"start":{"line":122,"column":8},"end":{"line":122,"column":92}},"36":{"start":{"line":125,"column":30},"end":{"line":125,"column":39}},"37":{"start":{"line":126,"column":8},"end":{"line":126,"column":72}},"38":{"start":{"line":128,"column":8},"end":{"line":153,"column":9}},"39":{"start":{"line":129,"column":10},"end":{"line":148,"column":11}},"40":{"start":{"line":130,"column":12},"end":{"line":130,"column":105}},"41":{"start":{"line":131,"column":12},"end":{"line":137,"column":15}},"42":{"start":{"line":139,"column":12},"end":{"line":139,"column":101}},"43":{"start":{"line":140,"column":12},"end":{"line":147,"column":15}},"44":{"start":{"line":149,"column":10},"end":{"line":149,"column":76}},"45":{"start":{"line":151,"column":10},"end":{"line":151,"column":87}},"46":{"start":{"line":152,"column":10},"end":{"line":152,"column":30}},"47":{"start":{"line":156,"column":27},"end":{"line":156,"column":64}},"48":{"start":{"line":157,"column":27},"end":{"line":157,"column":29}},"49":{"start":{"line":158,"column":31},"end":{"line":158,"column":33}},"50":{"start":{"line":161,"column":6},"end":{"line":273,"column":7}},"51":{"start":{"line":163,"column":8},"end":{"line":244,"column":9}},"52":{"start":{"line":164,"column":10},"end":{"line":164,"column":57}},"53":{"start":{"line":165,"column":34},"end":{"line":168,"column":null}},"54":{"start":{"line":172,"column":10},"end":{"line":243,"column":11}},"55":{"start":{"line":174,"column":12},"end":{"line":174,"column":57}},"56":{"start":{"line":177,"column":12},"end":{"line":183,"column":13}},"57":{"start":{"line":178,"column":14},"end":{"line":182,"column":17}},"58":{"start":{"line":186,"column":12},"end":{"line":186,"column":72}},"59":{"start":{"line":187,"column":12},"end":{"line":212,"column":13}},"60":{"start":{"line":188,"column":14},"end":{"line":195,"column":17}},"61":{"start":{"line":197,"column":14},"end":{"line":197,"column":107}},"62":{"start":{"line":200,"column":36},"end":{"line":200,"column":45}},"63":{"start":{"line":201,"column":14},"end":{"line":201,"column":91}},"64":{"start":{"line":203,"column":14},"end":{"line":210,"column":17}},"65":{"start":{"line":211,"column":14},"end":{"line":211,"column":97}},"66":{"start":{"line":215,"column":12},"end":{"line":242,"column":13}},"67":{"start":{"line":216,"column":14},"end":{"line":220,"column":16}},"68":{"start":{"line":223,"column":14},"end":{"line":223,"column":59}},"69":{"start":{"line":224,"column":14},"end":{"line":230,"column":15}},"70":{"start":{"line":225,"column":16},"end":{"line":229,"column":19}},"71":{"start":{"line":233,"column":14},"end":{"line":233,"column":70}},"72":{"start":{"line":234,"column":38},"end":{"line":239,"column":16}},"73":{"start":{"line":241,"column":14},"end":{"line":241,"column":74}},"74":{"start":{"line":247,"column":8},"end":{"line":272,"column":9}},"75":{"start":{"line":248,"column":10},"end":{"line":248,"column":57}},"76":{"start":{"line":249,"column":10},"end":{"line":271,"column":11}},"77":{"start":{"line":250,"column":12},"end":{"line":254,"column":14}},"78":{"start":{"line":257,"column":12},"end":{"line":267,"column":13}},"79":{"start":{"line":258,"column":14},"end":{"line":258,"column":100}},"80":{"start":{"line":262,"column":14},"end":{"line":266,"column":16}},"81":{"start":{"line":269,"column":12},"end":{"line":269,"column":101}},"82":{"start":{"line":276,"column":39},"end":{"line":282,"column":8}},"83":{"start":{"line":286,"column":6},"end":{"line":286,"column":87}},"84":{"start":{"line":288,"column":6},"end":{"line":288,"column":83}},"85":{"start":{"line":289,"column":6},"end":{"line":289,"column":20}},"86":{"start":{"line":292,"column":6},"end":{"line":292,"column":58}},"87":{"start":{"line":294,"column":44},"end":{"line":300,"column":8}},"88":{"start":{"line":303,"column":6},"end":{"line":303,"column":85}},"89":{"start":{"line":305,"column":6},"end":{"line":305,"column":25}},"90":{"start":{"line":311,"column":4},"end":{"line":311,"column":70}},"91":{"start":{"line":313,"column":4},"end":{"line":366,"column":5}},"92":{"start":{"line":315,"column":24},"end":{"line":315,"column":85}},"93":{"start":{"line":316,"column":6},"end":{"line":316,"column":66}},"94":{"start":{"line":319,"column":23},"end":{"line":319,"column":43}},"95":{"start":{"line":320,"column":21},"end":{"line":322,"column":null}},"96":{"start":{"line":325,"column":6},"end":{"line":343,"column":7}},"97":{"start":{"line":326,"column":8},"end":{"line":326,"column":71}},"98":{"start":{"line":328,"column":31},"end":{"line":330,"column":null}},"99":{"start":{"line":333,"column":8},"end":{"line":335,"column":9}},"100":{"start":{"line":334,"column":10},"end":{"line":334,"column":67}},"101":{"start":{"line":337,"column":23},"end":{"line":337,"column":45}},"102":{"start":{"line":338,"column":8},"end":{"line":342,"column":10}},"103":{"start":{"line":345,"column":21},"end":{"line":345,"column":35}},"104":{"start":{"line":346,"column":6},"end":{"line":350,"column":9}},"105":{"start":{"line":352,"column":6},"end":{"line":356,"column":8}},"106":{"start":{"line":359,"column":6},"end":{"line":359,"column":63}},"107":{"start":{"line":361,"column":6},"end":{"line":365,"column":8}},"108":{"start":{"line":369,"column":34},"end":{"line":398,"column":null}},"109":{"start":{"line":371,"column":4},"end":{"line":397,"column":5}},"110":{"start":{"line":372,"column":28},"end":{"line":372,"column":90}},"111":{"start":{"line":373,"column":27},"end":{"line":374,"column":null}},"112":{"start":{"line":374,"column":8},"end":{"line":374,"column":72}},"113":{"start":{"line":377,"column":6},"end":{"line":393,"column":7}},"114":{"start":{"line":378,"column":8},"end":{"line":378,"column":121}},"115":{"start":{"line":379,"column":8},"end":{"line":379,"column":36}},"116":{"start":{"line":382,"column":32},"end":{"line":382,"column":95}},"117":{"start":{"line":383,"column":31},"end":{"line":384,"column":null}},"118":{"start":{"line":384,"column":10},"end":{"line":384,"column":63}},"119":{"start":{"line":387,"column":8},"end":{"line":390,"column":9}},"120":{"start":{"line":388,"column":10},"end":{"line":388,"column":88}},"121":{"start":{"line":389,"column":10},"end":{"line":389,"column":40}},"122":{"start":{"line":392,"column":8},"end":{"line":392,"column":98}},"123":{"start":{"line":395,"column":6},"end":{"line":395,"column":86}},"124":{"start":{"line":396,"column":6},"end":{"line":396,"column":199}},"125":{"start":{"line":401,"column":28},"end":{"line":401,"column":187}},"126":{"start":{"line":403,"column":4},"end":{"line":410,"column":242}},"127":{"start":{"line":405,"column":32},"end":{"line":408,"column":2}},"128":{"start":{"line":415,"column":4},"end":{"line":482,"column":5}},"129":{"start":{"line":416,"column":6},"end":{"line":481,"column":8}},"130":{"start":{"line":485,"column":4},"end":{"line":539,"column":6}},"131":{"start":{"line":544,"column":27},"end":{"line":544,"column":29}},"132":{"start":{"line":545,"column":29},"end":{"line":545,"column":31}},"133":{"start":{"line":547,"column":4},"end":{"line":637,"column":5}},"134":{"start":{"line":548,"column":6},"end":{"line":548,"column":76}},"135":{"start":{"line":550,"column":6},"end":{"line":636,"column":7}},"136":{"start":{"line":552,"column":21},"end":{"line":552,"column":60}},"137":{"start":{"line":553,"column":61},"end":{"line":553,"column":65}},"138":{"start":{"line":556,"column":8},"end":{"line":578,"column":9}},"139":{"start":{"line":556,"column":21},"end":{"line":556,"column":22}},"140":{"start":{"line":557,"column":26},"end":{"line":557,"column":40}},"141":{"start":{"line":558,"column":29},"end":{"line":559,"column":71}},"142":{"start":{"line":560,"column":28},"end":{"line":563,"column":47}},"143":{"start":{"line":565,"column":31},"end":{"line":573,"column":13}},"144":{"start":{"line":575,"column":10},"end":{"line":577,"column":11}},"145":{"start":{"line":576,"column":12},"end":{"line":576,"column":50}},"146":{"start":{"line":580,"column":8},"end":{"line":580,"column":85}},"147":{"start":{"line":582,"column":13},"end":{"line":636,"column":7}},"148":{"start":{"line":584,"column":21},"end":{"line":584,"column":60}},"149":{"start":{"line":585,"column":37},"end":{"line":585,"column":41}},"150":{"start":{"line":587,"column":8},"end":{"line":617,"column":9}},"151":{"start":{"line":589,"column":30},"end":{"line":594,"column":25}},"152":{"start":{"line":597,"column":27},"end":{"line":602,"column":12}},"153":{"start":{"line":604,"column":10},"end":{"line":604,"column":40}},"154":{"start":{"line":607,"column":34},"end":{"line":608,"column":null}},"155":{"start":{"line":608,"column":12},"end":{"line":608,"column":49}},"156":{"start":{"line":610,"column":10},"end":{"line":616,"column":11}},"157":{"start":{"line":611,"column":12},"end":{"line":615,"column":15}},"158":{"start":{"line":619,"column":13},"end":{"line":636,"column":7}},"159":{"start":{"line":621,"column":21},"end":{"line":621,"column":60}},"160":{"start":{"line":625,"column":33},"end":{"line":625,"column":91}},"161":{"start":{"line":628,"column":31},"end":{"line":628,"column":129}},"162":{"start":{"line":630,"column":8},"end":{"line":630,"column":47}},"163":{"start":{"line":632,"column":13},"end":{"line":636,"column":7}},"164":{"start":{"line":633,"column":21},"end":{"line":633,"column":60}},"165":{"start":{"line":634,"column":31},"end":{"line":634,"column":107}},"166":{"start":{"line":635,"column":8},"end":{"line":635,"column":47}},"167":{"start":{"line":639,"column":4},"end":{"line":639,"column":26}},"168":{"start":{"line":644,"column":29},"end":{"line":644,"column":31}},"169":{"start":{"line":646,"column":4},"end":{"line":667,"column":5}},"170":{"start":{"line":647,"column":6},"end":{"line":647,"column":99}},"171":{"start":{"line":650,"column":24},"end":{"line":650,"column":45}},"172":{"start":{"line":653,"column":6},"end":{"line":655,"column":7}},"173":{"start":{"line":654,"column":8},"end":{"line":654,"column":110}},"174":{"start":{"line":658,"column":6},"end":{"line":660,"column":7}},"175":{"start":{"line":659,"column":8},"end":{"line":659,"column":106}},"176":{"start":{"line":662,"column":6},"end":{"line":666,"column":9}},"177":{"start":{"line":669,"column":4},"end":{"line":669,"column":28}},"178":{"start":{"line":675,"column":21},"end":{"line":681,"column":6}},"179":{"start":{"line":683,"column":4},"end":{"line":687,"column":5}},"180":{"start":{"line":684,"column":6},"end":{"line":686,"column":7}},"181":{"start":{"line":684,"column":35},"end":{"line":684,"column":71}},"182":{"start":{"line":685,"column":8},"end":{"line":685,"column":32}},"183":{"start":{"line":689,"column":4},"end":{"line":689,"column":29}},"184":{"start":{"line":694,"column":4},"end":{"line":694,"column":55}},"185":{"start":{"line":697,"column":25},"end":{"line":697,"column":67}},"186":{"start":{"line":698,"column":25},"end":{"line":698,"column":62}},"187":{"start":{"line":699,"column":26},"end":{"line":699,"column":35}},"188":{"start":{"line":702,"column":28},"end":{"line":711,"column":90}},"189":{"start":{"line":713,"column":4},"end":{"line":747,"column":5}},"190":{"start":{"line":714,"column":6},"end":{"line":714,"column":75}},"191":{"start":{"line":715,"column":23},"end":{"line":720,"column":8}},"192":{"start":{"line":722,"column":26},"end":{"line":722,"column":90}},"193":{"start":{"line":723,"column":6},"end":{"line":723,"column":61}},"194":{"start":{"line":724,"column":6},"end":{"line":724,"column":25}},"195":{"start":{"line":727,"column":6},"end":{"line":727,"column":91}},"196":{"start":{"line":730,"column":6},"end":{"line":746,"column":7}},"197":{"start":{"line":731,"column":8},"end":{"line":731,"column":72}},"198":{"start":{"line":732,"column":25},"end":{"line":737,"column":10}},"199":{"start":{"line":739,"column":28},"end":{"line":739,"column":92}},"200":{"start":{"line":740,"column":8},"end":{"line":740,"column":74}},"201":{"start":{"line":741,"column":8},"end":{"line":741,"column":27}},"202":{"start":{"line":744,"column":8},"end":{"line":744,"column":96}},"203":{"start":{"line":745,"column":8},"end":{"line":745,"column":33}},"204":{"start":{"line":752,"column":27},"end":{"line":752,"column":29}},"205":{"start":{"line":755,"column":31},"end":{"line":755,"column":82}},"206":{"start":{"line":757,"column":4},"end":{"line":774,"column":5}},"207":{"start":{"line":759,"column":23},"end":{"line":771,"column":8}},"208":{"start":{"line":762,"column":83},"end":{"line":762,"column":98}},"209":{"start":{"line":766,"column":25},"end":{"line":766,"column":75}},"210":{"start":{"line":767,"column":22},"end":{"line":767,"column":57}},"211":{"start":{"line":773,"column":6},"end":{"line":773,"column":36}},"212":{"start":{"line":776,"column":4},"end":{"line":776,"column":26}},"213":{"start":{"line":781,"column":4},"end":{"line":781,"column":61}},"214":{"start":{"line":781,"column":37},"end":{"line":781,"column":61}},"215":{"start":{"line":783,"column":28},"end":{"line":801,"column":20}},"216":{"start":{"line":788,"column":29},"end":{"line":792,"column":2}},"217":{"start":{"line":803,"column":4},"end":{"line":803,"column":27}},"218":{"start":{"line":808,"column":27},"end":{"line":808,"column":29}},"219":{"start":{"line":810,"column":4},"end":{"line":821,"column":5}},"220":{"start":{"line":812,"column":6},"end":{"line":818,"column":7}},"221":{"start":{"line":813,"column":33},"end":{"line":813,"column":75}},"222":{"start":{"line":814,"column":8},"end":{"line":817,"column":9}},"223":{"start":{"line":815,"column":26},"end":{"line":815,"column":83}},"224":{"start":{"line":815,"column":57},"end":{"line":815,"column":82}},"225":{"start":{"line":816,"column":10},"end":{"line":816,"column":42}},"226":{"start":{"line":820,"column":6},"end":{"line":820,"column":54}},"227":{"start":{"line":823,"column":4},"end":{"line":823,"column":26}},"228":{"start":{"line":833,"column":4},"end":{"line":833,"column":87}},"229":{"start":{"line":836,"column":23},"end":{"line":836,"column":99}},"230":{"start":{"line":839,"column":26},"end":{"line":839,"column":68}},"231":{"start":{"line":842,"column":23},"end":{"line":842,"column":25}},"232":{"start":{"line":843,"column":27},"end":{"line":843,"column":38}},"233":{"start":{"line":844,"column":25},"end":{"line":844,"column":31}},"234":{"start":{"line":846,"column":4},"end":{"line":866,"column":5}},"235":{"start":{"line":847,"column":6},"end":{"line":847,"column":77}},"236":{"start":{"line":848,"column":6},"end":{"line":848,"column":75}},"237":{"start":{"line":850,"column":6},"end":{"line":856,"column":8}},"238":{"start":{"line":859,"column":6},"end":{"line":865,"column":7}},"239":{"start":{"line":860,"column":8},"end":{"line":860,"column":44}},"240":{"start":{"line":861,"column":8},"end":{"line":861,"column":36}},"241":{"start":{"line":863,"column":8},"end":{"line":863,"column":47}},"242":{"start":{"line":864,"column":8},"end":{"line":864,"column":35}},"243":{"start":{"line":869,"column":25},"end":{"line":884,"column":6}},"244":{"start":{"line":886,"column":4},"end":{"line":886,"column":81}},"245":{"start":{"line":887,"column":4},"end":{"line":887,"column":24}},"246":{"start":{"line":892,"column":19},"end":{"line":899,"column":6}},"247":{"start":{"line":901,"column":4},"end":{"line":933,"column":5}},"248":{"start":{"line":903,"column":23},"end":{"line":903,"column":63}},"249":{"start":{"line":904,"column":28},"end":{"line":904,"column":80}},"250":{"start":{"line":904,"column":48},"end":{"line":904,"column":79}},"251":{"start":{"line":905,"column":6},"end":{"line":908,"column":7}},"252":{"start":{"line":906,"column":8},"end":{"line":906,"column":73}},"253":{"start":{"line":907,"column":8},"end":{"line":907,"column":58}},"254":{"start":{"line":911,"column":23},"end":{"line":911,"column":81}},"255":{"start":{"line":912,"column":6},"end":{"line":917,"column":7}},"256":{"start":{"line":913,"column":8},"end":{"line":913,"column":51}},"257":{"start":{"line":914,"column":8},"end":{"line":916,"column":9}},"258":{"start":{"line":915,"column":10},"end":{"line":915,"column":53}},"259":{"start":{"line":920,"column":23},"end":{"line":920,"column":81}},"260":{"start":{"line":921,"column":6},"end":{"line":923,"column":7}},"261":{"start":{"line":922,"column":8},"end":{"line":922,"column":54}},"262":{"start":{"line":926,"column":27},"end":{"line":926,"column":91}},"263":{"start":{"line":927,"column":6},"end":{"line":929,"column":7}},"264":{"start":{"line":928,"column":8},"end":{"line":928,"column":71}},"265":{"start":{"line":932,"column":6},"end":{"line":932,"column":58}},"266":{"start":{"line":935,"column":4},"end":{"line":935,"column":18}},"267":{"start":{"line":940,"column":27},"end":{"line":947,"column":6}},"268":{"start":{"line":949,"column":4},"end":{"line":949,"column":78}},"269":{"start":{"line":949,"column":42},"end":{"line":949,"column":76}},"270":{"start":{"line":960,"column":19},"end":{"line":985,"column":56}},"271":{"start":{"line":969,"column":29},"end":{"line":969,"column":41}},"272":{"start":{"line":973,"column":26},"end":{"line":973,"column":31}},"273":{"start":{"line":974,"column":25},"end":{"line":974,"column":43}},"274":{"start":{"line":988,"column":25},"end":{"line":988,"column":62}},"275":{"start":{"line":989,"column":25},"end":{"line":989,"column":62}},"276":{"start":{"line":990,"column":26},"end":{"line":990,"column":35}},"277":{"start":{"line":992,"column":4},"end":{"line":1037,"column":5}},"278":{"start":{"line":993,"column":6},"end":{"line":993,"column":86}},"279":{"start":{"line":994,"column":23},"end":{"line":1000,"column":8}},"280":{"start":{"line":1002,"column":31},"end":{"line":1002,"column":86}},"281":{"start":{"line":1003,"column":6},"end":{"line":1003,"column":89}},"282":{"start":{"line":1004,"column":6},"end":{"line":1004,"column":30}},"283":{"start":{"line":1007,"column":6},"end":{"line":1007,"column":98}},"284":{"start":{"line":1010,"column":6},"end":{"line":1036,"column":7}},"285":{"start":{"line":1011,"column":8},"end":{"line":1011,"column":96}},"286":{"start":{"line":1012,"column":25},"end":{"line":1018,"column":10}},"287":{"start":{"line":1020,"column":33},"end":{"line":1020,"column":88}},"288":{"start":{"line":1021,"column":8},"end":{"line":1021,"column":108}},"289":{"start":{"line":1022,"column":8},"end":{"line":1022,"column":32}},"290":{"start":{"line":1025,"column":8},"end":{"line":1025,"column":103}},"291":{"start":{"line":1028,"column":8},"end":{"line":1035,"column":10}},"292":{"start":{"line":1029,"column":88},"end":{"line":1029,"column":103}},"293":{"start":{"line":33,"column":0},"end":{"line":33,"column":13}}},"fnMap":{"0":{"name":"(anonymous_14)","decl":{"start":{"line":36,"column":2},"end":{"line":36,"column":null}},"loc":{"start":{"line":36,"column":2},"end":{"line":50,"column":3}}},"1":{"name":"(anonymous_15)","decl":{"start":{"line":52,"column":8},"end":{"line":52,"column":23}},"loc":{"start":{"line":52,"column":50},"end":{"line":307,"column":null}}},"2":{"name":"(anonymous_17)","decl":{"start":{"line":309,"column":16},"end":{"line":309,"column":35}},"loc":{"start":{"line":309,"column":54},"end":{"line":367,"column":null}}},"3":{"name":"(anonymous_19)","decl":{"start":{"line":319,"column":23},"end":{"line":319,"column":36}},"loc":{"start":{"line":319,"column":23},"end":{"line":319,"column":43}}},"4":{"name":"(anonymous_20)","decl":{"start":{"line":369,"column":16},"end":{"line":369,"column":33}},"loc":{"start":{"line":369,"column":33},"end":{"line":398,"column":null}}},"5":{"name":"(anonymous_21)","decl":{"start":{"line":369,"column":34},"end":{"line":369,"column":52}},"loc":{"start":{"line":369,"column":81},"end":{"line":398,"column":3}}},"6":{"name":"(anonymous_22)","decl":{"start":{"line":373,"column":46},"end":{"line":373,"column":47}},"loc":{"start":{"line":374,"column":8},"end":{"line":374,"column":72}}},"7":{"name":"(anonymous_23)","decl":{"start":{"line":383,"column":52},"end":{"line":383,"column":53}},"loc":{"start":{"line":384,"column":10},"end":{"line":384,"column":63}}},"8":{"name":"(anonymous_24)","decl":{"start":{"line":400,"column":10},"end":{"line":400,"column":25}},"loc":{"start":{"line":400,"column":101},"end":{"line":411,"column":3}}},"9":{"name":"(anonymous_25)","decl":{"start":{"line":405,"column":16},"end":{"line":405,"column":17}},"loc":{"start":{"line":405,"column":32},"end":{"line":408,"column":2}}},"10":{"name":"(anonymous_26)","decl":{"start":{"line":413,"column":10},"end":{"line":413,"column":32}},"loc":{"start":{"line":413,"column":51},"end":{"line":540,"column":3}}},"11":{"name":"(anonymous_27)","decl":{"start":{"line":543,"column":16},"end":{"line":543,"column":38}},"loc":{"start":{"line":543,"column":91},"end":{"line":640,"column":null}}},"12":{"name":"(anonymous_29)","decl":{"start":{"line":607,"column":58},"end":{"line":607,"column":59}},"loc":{"start":{"line":608,"column":12},"end":{"line":608,"column":49}}},"13":{"name":"(anonymous_30)","decl":{"start":{"line":643,"column":16},"end":{"line":643,"column":36}},"loc":{"start":{"line":643,"column":72},"end":{"line":670,"column":null}}},"14":{"name":"(anonymous_32)","decl":{"start":{"line":673,"column":16},"end":{"line":673,"column":35}},"loc":{"start":{"line":673,"column":68},"end":{"line":690,"column":null}}},"15":{"name":"(anonymous_34)","decl":{"start":{"line":684,"column":24},"end":{"line":684,"column":31}},"loc":{"start":{"line":684,"column":35},"end":{"line":684,"column":71}}},"16":{"name":"(anonymous_35)","decl":{"start":{"line":693,"column":16},"end":{"line":693,"column":31}},"loc":{"start":{"line":693,"column":64},"end":{"line":748,"column":null}}},"17":{"name":"(anonymous_37)","decl":{"start":{"line":751,"column":16},"end":{"line":751,"column":38}},"loc":{"start":{"line":751,"column":113},"end":{"line":777,"column":null}}},"18":{"name":"(anonymous_39)","decl":{"start":{"line":762,"column":78},"end":{"line":762,"column":79}},"loc":{"start":{"line":762,"column":83},"end":{"line":762,"column":98}}},"19":{"name":"(anonymous_40)","decl":{"start":{"line":766,"column":18},"end":{"line":766,"column":21}},"loc":{"start":{"line":766,"column":25},"end":{"line":766,"column":75}}},"20":{"name":"(anonymous_41)","decl":{"start":{"line":767,"column":15},"end":{"line":767,"column":18}},"loc":{"start":{"line":767,"column":22},"end":{"line":767,"column":57}}},"21":{"name":"(anonymous_42)","decl":{"start":{"line":780,"column":16},"end":{"line":780,"column":50}},"loc":{"start":{"line":780,"column":118},"end":{"line":804,"column":null}}},"22":{"name":"(anonymous_44)","decl":{"start":{"line":788,"column":21},"end":{"line":788,"column":25}},"loc":{"start":{"line":788,"column":29},"end":{"line":792,"column":2}}},"23":{"name":"(anonymous_45)","decl":{"start":{"line":807,"column":16},"end":{"line":807,"column":48}},"loc":{"start":{"line":807,"column":92},"end":{"line":824,"column":null}}},"24":{"name":"(anonymous_47)","decl":{"start":{"line":815,"column":50},"end":{"line":815,"column":53}},"loc":{"start":{"line":815,"column":57},"end":{"line":815,"column":82}}},"25":{"name":"(anonymous_48)","decl":{"start":{"line":827,"column":16},"end":{"line":827,"column":48}},"loc":{"start":{"line":831,"column":21},"end":{"line":888,"column":null}}},"26":{"name":"(anonymous_50)","decl":{"start":{"line":891,"column":16},"end":{"line":891,"column":39}},"loc":{"start":{"line":891,"column":79},"end":{"line":936,"column":null}}},"27":{"name":"(anonymous_52)","decl":{"start":{"line":904,"column":43},"end":{"line":904,"column":44}},"loc":{"start":{"line":904,"column":48},"end":{"line":904,"column":79}}},"28":{"name":"(anonymous_53)","decl":{"start":{"line":939,"column":10},"end":{"line":939,"column":35}},"loc":{"start":{"line":939,"column":45},"end":{"line":950,"column":3}}},"29":{"name":"(anonymous_54)","decl":{"start":{"line":949,"column":33},"end":{"line":949,"column":38}},"loc":{"start":{"line":949,"column":42},"end":{"line":949,"column":76}}},"30":{"name":"(anonymous_55)","decl":{"start":{"line":953,"column":16},"end":{"line":953,"column":38}},"loc":{"start":{"line":958,"column":21},"end":{"line":1038,"column":null}}},"31":{"name":"(anonymous_57)","decl":{"start":{"line":969,"column":20},"end":{"line":969,"column":25}},"loc":{"start":{"line":969,"column":29},"end":{"line":969,"column":41}}},"32":{"name":"(anonymous_58)","decl":{"start":{"line":973,"column":10},"end":{"line":973,"column":11}},"loc":{"start":{"line":973,"column":26},"end":{"line":973,"column":31}}},"33":{"name":"(anonymous_59)","decl":{"start":{"line":974,"column":7},"end":{"line":974,"column":8}},"loc":{"start":{"line":974,"column":25},"end":{"line":974,"column":43}}},"34":{"name":"(anonymous_60)","decl":{"start":{"line":1029,"column":83},"end":{"line":1029,"column":84}},"loc":{"start":{"line":1029,"column":88},"end":{"line":1029,"column":103}}}},"branchMap":{"0":{"loc":{"start":{"line":40,"column":4},"end":{"line":42,"column":5}},"type":"if","locations":[{"start":{"line":40,"column":4},"end":{"line":42,"column":5}}]},"1":{"loc":{"start":{"line":60,"column":23},"end":{"line":64,"column":8}},"type":"binary-expr","locations":[{"start":{"line":60,"column":23},"end":{"line":60,"column":35}},{"start":{"line":60,"column":39},"end":{"line":64,"column":8}}]},"2":{"loc":{"start":{"line":69,"column":76},"end":{"line":69,"column":104}},"type":"binary-expr","locations":[{"start":{"line":69,"column":76},"end":{"line":69,"column":91}},{"start":{"line":69,"column":95},"end":{"line":69,"column":104}}]},"3":{"loc":{"start":{"line":82,"column":6},"end":{"line":95,"column":7}},"type":"if","locations":[{"start":{"line":82,"column":6},"end":{"line":95,"column":7}},{"start":{"line":87,"column":13},"end":{"line":95,"column":7}}]},"4":{"loc":{"start":{"line":87,"column":13},"end":{"line":95,"column":7}},"type":"if","locations":[{"start":{"line":87,"column":13},"end":{"line":95,"column":7}},{"start":{"line":91,"column":13},"end":{"line":95,"column":7}}]},"5":{"loc":{"start":{"line":93,"column":27},"end":{"line":93,"column":55}},"type":"binary-expr","locations":[{"start":{"line":93,"column":27},"end":{"line":93,"column":42}},{"start":{"line":93,"column":46},"end":{"line":93,"column":55}}]},"6":{"loc":{"start":{"line":101,"column":8},"end":{"line":120,"column":9}},"type":"if","locations":[{"start":{"line":101,"column":8},"end":{"line":120,"column":9}},{"start":{"line":110,"column":15},"end":{"line":120,"column":9}}]},"7":{"loc":{"start":{"line":129,"column":10},"end":{"line":148,"column":11}},"type":"if","locations":[{"start":{"line":129,"column":10},"end":{"line":148,"column":11}},{"start":{"line":138,"column":17},"end":{"line":148,"column":11}}]},"8":{"loc":{"start":{"line":161,"column":6},"end":{"line":273,"column":7}},"type":"if","locations":[{"start":{"line":161,"column":6},"end":{"line":273,"column":7}},{"start":{"line":245,"column":13},"end":{"line":273,"column":7}}]},"9":{"loc":{"start":{"line":163,"column":8},"end":{"line":244,"column":9}},"type":"if","locations":[{"start":{"line":163,"column":8},"end":{"line":244,"column":9}}]},"10":{"loc":{"start":{"line":172,"column":10},"end":{"line":243,"column":11}},"type":"if","locations":[{"start":{"line":172,"column":10},"end":{"line":243,"column":11}}]},"11":{"loc":{"start":{"line":215,"column":12},"end":{"line":242,"column":13}},"type":"if","locations":[{"start":{"line":215,"column":12},"end":{"line":242,"column":13}}]},"12":{"loc":{"start":{"line":247,"column":8},"end":{"line":272,"column":9}},"type":"if","locations":[{"start":{"line":247,"column":8},"end":{"line":272,"column":9}}]},"13":{"loc":{"start":{"line":257,"column":12},"end":{"line":267,"column":13}},"type":"if","locations":[{"start":{"line":257,"column":12},"end":{"line":267,"column":13}},{"start":{"line":260,"column":19},"end":{"line":267,"column":13}}]},"14":{"loc":{"start":{"line":279,"column":25},"end":{"line":279,"column":76}},"type":"binary-expr","locations":[{"start":{"line":279,"column":25},"end":{"line":279,"column":39}},{"start":{"line":279,"column":43},"end":{"line":279,"column":76}}]},"15":{"loc":{"start":{"line":315,"column":24},"end":{"line":315,"column":85}},"type":"cond-expr","locations":[{"start":{"line":315,"column":47},"end":{"line":315,"column":59}},{"start":{"line":315,"column":62},"end":{"line":315,"column":85}}]},"16":{"loc":{"start":{"line":325,"column":6},"end":{"line":343,"column":7}},"type":"if","locations":[{"start":{"line":325,"column":6},"end":{"line":343,"column":7}}]},"17":{"loc":{"start":{"line":333,"column":8},"end":{"line":335,"column":9}},"type":"if","locations":[{"start":{"line":333,"column":8},"end":{"line":335,"column":9}}]},"18":{"loc":{"start":{"line":369,"column":54},"end":{"line":369,"column":81}},"type":"default-arg","locations":[{"start":{"line":369,"column":72},"end":{"line":369,"column":81}}]},"19":{"loc":{"start":{"line":377,"column":6},"end":{"line":393,"column":7}},"type":"if","locations":[{"start":{"line":377,"column":6},"end":{"line":393,"column":7}},{"start":{"line":380,"column":13},"end":{"line":393,"column":7}}]},"20":{"loc":{"start":{"line":377,"column":10},"end":{"line":377,"column":46}},"type":"binary-expr","locations":[{"start":{"line":377,"column":10},"end":{"line":377,"column":22}},{"start":{"line":377,"column":26},"end":{"line":377,"column":46}}]},"21":{"loc":{"start":{"line":387,"column":8},"end":{"line":390,"column":9}},"type":"if","locations":[{"start":{"line":387,"column":8},"end":{"line":390,"column":9}}]},"22":{"loc":{"start":{"line":387,"column":12},"end":{"line":387,"column":52}},"type":"binary-expr","locations":[{"start":{"line":387,"column":12},"end":{"line":387,"column":26}},{"start":{"line":387,"column":30},"end":{"line":387,"column":52}}]},"23":{"loc":{"start":{"line":401,"column":28},"end":{"line":401,"column":187}},"type":"cond-expr","locations":[{"start":{"line":401,"column":42},"end":{"line":401,"column":182}},{"start":{"line":401,"column":185},"end":{"line":401,"column":187}}]},"24":{"loc":{"start":{"line":410,"column":115},"end":{"line":410,"column":239}},"type":"cond-expr","locations":[{"start":{"line":410,"column":129},"end":{"line":410,"column":234}},{"start":{"line":410,"column":237},"end":{"line":410,"column":239}}]},"25":{"loc":{"start":{"line":415,"column":4},"end":{"line":482,"column":5}},"type":"if","locations":[{"start":{"line":415,"column":4},"end":{"line":482,"column":5}}]},"26":{"loc":{"start":{"line":550,"column":6},"end":{"line":636,"column":7}},"type":"if","locations":[{"start":{"line":550,"column":6},"end":{"line":636,"column":7}},{"start":{"line":582,"column":13},"end":{"line":636,"column":7}}]},"27":{"loc":{"start":{"line":558,"column":29},"end":{"line":559,"column":71}},"type":"binary-expr","locations":[{"start":{"line":558,"column":30},"end":{"line":558,"column":42}},{"start":{"line":558,"column":46},"end":{"line":558,"column":70}},{"start":{"line":559,"column":28},"end":{"line":559,"column":41}},{"start":{"line":559,"column":45},"end":{"line":559,"column":70}}]},"28":{"loc":{"start":{"line":560,"column":28},"end":{"line":563,"column":47}},"type":"cond-expr","locations":[{"start":{"line":561,"column":12},"end":{"line":561,"column":39}},{"start":{"line":562,"column":12},"end":{"line":563,"column":47}}]},"29":{"loc":{"start":{"line":560,"column":28},"end":{"line":560,"column":68}},"type":"binary-expr","locations":[{"start":{"line":560,"column":28},"end":{"line":560,"column":40}},{"start":{"line":560,"column":44},"end":{"line":560,"column":68}}]},"30":{"loc":{"start":{"line":562,"column":12},"end":{"line":563,"column":47}},"type":"cond-expr","locations":[{"start":{"line":563,"column":12},"end":{"line":563,"column":40}},{"start":{"line":563,"column":43},"end":{"line":563,"column":47}}]},"31":{"loc":{"start":{"line":562,"column":12},"end":{"line":562,"column":54}},"type":"binary-expr","locations":[{"start":{"line":562,"column":12},"end":{"line":562,"column":25}},{"start":{"line":562,"column":29},"end":{"line":562,"column":54}}]},"32":{"loc":{"start":{"line":565,"column":37},"end":{"line":573,"column":12}},"type":"cond-expr","locations":[{"start":{"line":565,"column":68},"end":{"line":565,"column":71}},{"start":{"line":565,"column":68},"end":{"line":573,"column":12}}]},"33":{"loc":{"start":{"line":565,"column":37},"end":{"line":565,"column":71}},"type":"binary-expr","locations":[{"start":{"line":565,"column":37},"end":{"line":565,"column":71}},{"start":{"line":565,"column":68},"end":{"line":565,"column":71}}]},"34":{"loc":{"start":{"line":575,"column":10},"end":{"line":577,"column":11}},"type":"if","locations":[{"start":{"line":575,"column":10},"end":{"line":577,"column":11}}]},"35":{"loc":{"start":{"line":575,"column":14},"end":{"line":575,"column":40}},"type":"binary-expr","locations":[{"start":{"line":575,"column":14},"end":{"line":575,"column":24}},{"start":{"line":575,"column":28},"end":{"line":575,"column":40}}]},"36":{"loc":{"start":{"line":582,"column":13},"end":{"line":636,"column":7}},"type":"if","locations":[{"start":{"line":582,"column":13},"end":{"line":636,"column":7}},{"start":{"line":619,"column":13},"end":{"line":636,"column":7}}]},"37":{"loc":{"start":{"line":591,"column":26},"end":{"line":591,"column":68}},"type":"binary-expr","locations":[{"start":{"line":591,"column":26},"end":{"line":591,"column":45}},{"start":{"line":591,"column":49},"end":{"line":591,"column":68}}]},"38":{"loc":{"start":{"line":610,"column":10},"end":{"line":616,"column":11}},"type":"if","locations":[{"start":{"line":610,"column":10},"end":{"line":616,"column":11}}]},"39":{"loc":{"start":{"line":611,"column":18},"end":{"line":615,"column":14}},"type":"cond-expr","locations":[{"start":{"line":611,"column":49},"end":{"line":611,"column":52}},{"start":{"line":611,"column":49},"end":{"line":615,"column":14}}]},"40":{"loc":{"start":{"line":611,"column":18},"end":{"line":611,"column":52}},"type":"binary-expr","locations":[{"start":{"line":611,"column":18},"end":{"line":611,"column":52}},{"start":{"line":611,"column":49},"end":{"line":611,"column":52}}]},"41":{"loc":{"start":{"line":619,"column":13},"end":{"line":636,"column":7}},"type":"if","locations":[{"start":{"line":619,"column":13},"end":{"line":636,"column":7}},{"start":{"line":632,"column":13},"end":{"line":636,"column":7}}]},"42":{"loc":{"start":{"line":628,"column":83},"end":{"line":628,"column":108}},"type":"binary-expr","locations":[{"start":{"line":628,"column":83},"end":{"line":628,"column":102}},{"start":{"line":628,"column":106},"end":{"line":628,"column":108}}]},"43":{"loc":{"start":{"line":632,"column":13},"end":{"line":636,"column":7}},"type":"if","locations":[{"start":{"line":632,"column":13},"end":{"line":636,"column":7}}]},"44":{"loc":{"start":{"line":647,"column":50},"end":{"line":647,"column":95}},"type":"binary-expr","locations":[{"start":{"line":647,"column":50},"end":{"line":647,"column":70}},{"start":{"line":647,"column":74},"end":{"line":647,"column":95}}]},"45":{"loc":{"start":{"line":653,"column":6},"end":{"line":655,"column":7}},"type":"if","locations":[{"start":{"line":653,"column":6},"end":{"line":655,"column":7}}]},"46":{"loc":{"start":{"line":653,"column":10},"end":{"line":653,"column":51}},"type":"binary-expr","locations":[{"start":{"line":653,"column":10},"end":{"line":653,"column":22}},{"start":{"line":653,"column":26},"end":{"line":653,"column":51}}]},"47":{"loc":{"start":{"line":654,"column":53},"end":{"line":654,"column":96}},"type":"binary-expr","locations":[{"start":{"line":654,"column":53},"end":{"line":654,"column":73}},{"start":{"line":654,"column":77},"end":{"line":654,"column":96}}]},"48":{"loc":{"start":{"line":658,"column":6},"end":{"line":660,"column":7}},"type":"if","locations":[{"start":{"line":658,"column":6},"end":{"line":660,"column":7}}]},"49":{"loc":{"start":{"line":658,"column":10},"end":{"line":658,"column":51}},"type":"binary-expr","locations":[{"start":{"line":658,"column":10},"end":{"line":658,"column":22}},{"start":{"line":658,"column":26},"end":{"line":658,"column":51}}]},"50":{"loc":{"start":{"line":659,"column":49},"end":{"line":659,"column":92}},"type":"binary-expr","locations":[{"start":{"line":659,"column":49},"end":{"line":659,"column":69}},{"start":{"line":659,"column":73},"end":{"line":659,"column":92}}]},"51":{"loc":{"start":{"line":665,"column":27},"end":{"line":665,"column":96}},"type":"cond-expr","locations":[{"start":{"line":665,"column":67},"end":{"line":665,"column":80}},{"start":{"line":665,"column":83},"end":{"line":665,"column":96}}]},"52":{"loc":{"start":{"line":684,"column":6},"end":{"line":686,"column":7}},"type":"if","locations":[{"start":{"line":684,"column":6},"end":{"line":686,"column":7}}]},"53":{"loc":{"start":{"line":698,"column":25},"end":{"line":698,"column":62}},"type":"binary-expr","locations":[{"start":{"line":698,"column":25},"end":{"line":698,"column":49}},{"start":{"line":698,"column":53},"end":{"line":698,"column":62}}]},"54":{"loc":{"start":{"line":698,"column":25},"end":{"line":698,"column":49}},"type":"cond-expr","locations":[{"start":{"line":698,"column":37},"end":{"line":698,"column":39}},{"start":{"line":698,"column":25},"end":{"line":698,"column":49}}]},"55":{"loc":{"start":{"line":698,"column":25},"end":{"line":698,"column":39}},"type":"binary-expr","locations":[{"start":{"line":698,"column":25},"end":{"line":698,"column":39}},{"start":{"line":698,"column":25},"end":{"line":698,"column":39}}]},"56":{"loc":{"start":{"line":722,"column":26},"end":{"line":722,"column":90}},"type":"binary-expr","locations":[{"start":{"line":722,"column":26},"end":{"line":722,"column":69}},{"start":{"line":722,"column":73},"end":{"line":722,"column":90}}]},"57":{"loc":{"start":{"line":722,"column":26},"end":{"line":722,"column":69}},"type":"cond-expr","locations":[{"start":{"line":722,"column":61},"end":{"line":722,"column":63}},{"start":{"line":722,"column":61},"end":{"line":722,"column":69}}]},"58":{"loc":{"start":{"line":722,"column":26},"end":{"line":722,"column":63}},"type":"binary-expr","locations":[{"start":{"line":722,"column":26},"end":{"line":722,"column":63}},{"start":{"line":722,"column":61},"end":{"line":722,"column":63}}]},"59":{"loc":{"start":{"line":739,"column":28},"end":{"line":739,"column":92}},"type":"binary-expr","locations":[{"start":{"line":739,"column":28},"end":{"line":739,"column":71}},{"start":{"line":739,"column":75},"end":{"line":739,"column":92}}]},"60":{"loc":{"start":{"line":739,"column":28},"end":{"line":739,"column":71}},"type":"cond-expr","locations":[{"start":{"line":739,"column":63},"end":{"line":739,"column":65}},{"start":{"line":739,"column":63},"end":{"line":739,"column":71}}]},"61":{"loc":{"start":{"line":739,"column":28},"end":{"line":739,"column":65}},"type":"binary-expr","locations":[{"start":{"line":739,"column":28},"end":{"line":739,"column":65}},{"start":{"line":739,"column":63},"end":{"line":739,"column":65}}]},"62":{"loc":{"start":{"line":755,"column":31},"end":{"line":755,"column":82}},"type":"cond-expr","locations":[{"start":{"line":755,"column":63},"end":{"line":755,"column":77}},{"start":{"line":755,"column":80},"end":{"line":755,"column":82}}]},"63":{"loc":{"start":{"line":766,"column":25},"end":{"line":766,"column":75}},"type":"binary-expr","locations":[{"start":{"line":766,"column":25},"end":{"line":766,"column":28}},{"start":{"line":766,"column":32},"end":{"line":766,"column":75}}]},"64":{"loc":{"start":{"line":767,"column":22},"end":{"line":767,"column":57}},"type":"binary-expr","locations":[{"start":{"line":767,"column":22},"end":{"line":767,"column":37}},{"start":{"line":767,"column":41},"end":{"line":767,"column":57}}]},"65":{"loc":{"start":{"line":781,"column":4},"end":{"line":781,"column":61}},"type":"if","locations":[{"start":{"line":781,"column":4},"end":{"line":781,"column":61}}]},"66":{"loc":{"start":{"line":812,"column":6},"end":{"line":818,"column":7}},"type":"if","locations":[{"start":{"line":812,"column":6},"end":{"line":818,"column":7}}]},"67":{"loc":{"start":{"line":846,"column":4},"end":{"line":866,"column":5}},"type":"if","locations":[{"start":{"line":846,"column":4},"end":{"line":866,"column":5}}]},"68":{"loc":{"start":{"line":859,"column":6},"end":{"line":865,"column":7}},"type":"if","locations":[{"start":{"line":859,"column":6},"end":{"line":865,"column":7}},{"start":{"line":862,"column":13},"end":{"line":865,"column":7}}]},"69":{"loc":{"start":{"line":873,"column":18},"end":{"line":873,"column":66}},"type":"binary-expr","locations":[{"start":{"line":873,"column":18},"end":{"line":873,"column":39}},{"start":{"line":873,"column":43},"end":{"line":873,"column":66}}]},"70":{"loc":{"start":{"line":874,"column":29},"end":{"line":874,"column":99}},"type":"binary-expr","locations":[{"start":{"line":874,"column":29},"end":{"line":874,"column":61}},{"start":{"line":874,"column":65},"end":{"line":874,"column":99}}]},"71":{"loc":{"start":{"line":875,"column":29},"end":{"line":875,"column":99}},"type":"binary-expr","locations":[{"start":{"line":875,"column":29},"end":{"line":875,"column":61}},{"start":{"line":875,"column":65},"end":{"line":875,"column":99}}]},"72":{"loc":{"start":{"line":876,"column":17},"end":{"line":876,"column":63}},"type":"binary-expr","locations":[{"start":{"line":876,"column":17},"end":{"line":876,"column":37}},{"start":{"line":876,"column":41},"end":{"line":876,"column":63}}]},"73":{"loc":{"start":{"line":877,"column":17},"end":{"line":877,"column":63}},"type":"binary-expr","locations":[{"start":{"line":877,"column":17},"end":{"line":877,"column":37}},{"start":{"line":877,"column":41},"end":{"line":877,"column":63}}]},"74":{"loc":{"start":{"line":878,"column":20},"end":{"line":878,"column":72}},"type":"binary-expr","locations":[{"start":{"line":878,"column":20},"end":{"line":878,"column":43}},{"start":{"line":878,"column":47},"end":{"line":878,"column":72}}]},"75":{"loc":{"start":{"line":883,"column":14},"end":{"line":883,"column":74}},"type":"cond-expr","locations":[{"start":{"line":883,"column":42},"end":{"line":883,"column":52}},{"start":{"line":883,"column":55},"end":{"line":883,"column":74}}]},"76":{"loc":{"start":{"line":903,"column":29},"end":{"line":903,"column":62}},"type":"cond-expr","locations":[{"start":{"line":903,"column":58},"end":{"line":903,"column":62}},{"start":{"line":903,"column":58},"end":{"line":903,"column":62}}]},"77":{"loc":{"start":{"line":903,"column":29},"end":{"line":903,"column":62}},"type":"binary-expr","locations":[{"start":{"line":903,"column":29},"end":{"line":903,"column":62}},{"start":{"line":903,"column":58},"end":{"line":903,"column":62}}]},"78":{"loc":{"start":{"line":904,"column":28},"end":{"line":904,"column":80}},"type":"cond-expr","locations":[{"start":{"line":904,"column":36},"end":{"line":904,"column":38}},{"start":{"line":904,"column":28},"end":{"line":904,"column":80}}]},"79":{"loc":{"start":{"line":904,"column":28},"end":{"line":904,"column":38}},"type":"binary-expr","locations":[{"start":{"line":904,"column":28},"end":{"line":904,"column":38}},{"start":{"line":904,"column":28},"end":{"line":904,"column":38}}]},"80":{"loc":{"start":{"line":905,"column":6},"end":{"line":908,"column":7}},"type":"if","locations":[{"start":{"line":905,"column":6},"end":{"line":908,"column":7}}]},"81":{"loc":{"start":{"line":911,"column":29},"end":{"line":911,"column":80}},"type":"cond-expr","locations":[{"start":{"line":911,"column":53},"end":{"line":911,"column":56}},{"start":{"line":911,"column":53},"end":{"line":911,"column":80}}]},
[...]
{"line":111,"column":8},"end":{"line":111,"column":70}},"type":"binary-expr","locations":[{"start":{"line":111,"column":8},"end":{"line":111,"column":24}},{"start":{"line":111,"column":28},"end":{"line":111,"column":51}},{"start":{"line":111,"column":55},"end":{"line":111,"column":70}}]},"6":{"loc":{"start":{"line":117,"column":4},"end":{"line":165,"column":5}},"type":"if","locations":[{"start":{"line":117,"column":4},"end":{"line":165,"column":5}}]},"7":{"loc":{"start":{"line":120,"column":8},"end":{"line":120,"column":31}},"type":"if","locations":[{"start":{"line":120,"column":8},"end":{"line":120,"column":31}}]},"8":{"loc":{"start":{"line":123,"column":8},"end":{"line":125,"column":9}},"type":"if","locations":[{"start":{"line":123,"column":8},"end":{"line":125,"column":9}}]},"9":{"loc":{"start":{"line":123,"column":12},"end":{"line":123,"column":67}},"type":"binary-expr","locations":[{"start":{"line":123,"column":12},"end":{"line":123,"column":27}},{"start":{"line":123,"column":31},"end":{"line":123,"column":67}}]},"10":{"loc":{"start":{"line":128,"column":8},"end":{"line":130,"column":9}},"type":"if","locations":[{"start":{"line":128,"column":8},"end":{"line":130,"column":9}}]},"11":{"loc":{"start":{"line":128,"column":12},"end":{"line":128,"column":66}},"type":"binary-expr","locations":[{"start":{"line":128,"column":12},"end":{"line":128,"column":25}},{"start":{"line":128,"column":29},"end":{"line":128,"column":66}}]},"12":{"loc":{"start":{"line":133,"column":8},"end":{"line":136,"column":9}},"type":"if","locations":[{"start":{"line":133,"column":8},"end":{"line":136,"column":9}}]},"13":{"loc":{"start":{"line":133,"column":12},"end":{"line":134,"column":63}},"type":"binary-expr","locations":[{"start":{"line":133,"column":12},"end":{"line":133,"column":31}},{"start":{"line":133,"column":35},"end":{"line":133,"column":65}},{"start":{"line":134,"column":12},"end":{"line":134,"column":63}}]},"14":{"loc":{"start":{"line":142,"column":6},"end":{"line":154,"column":7}},"type":"if","locations":[{"start":{"line":142,"column":6},"end":{"line":154,"column":7}}]},"15":{"loc":{"start":{"line":142,"column":10},"end":{"line":142,"column":51}},"type":"binary-expr","locations":[{"start":{"line":142,"column":10},"end":{"line":142,"column":18}},{"start":{"line":142,"column":22},"end":{"line":142,"column":51}}]},"16":{"loc":{"start":{"line":145,"column":24},"end":{"line":145,"column":null}},"type":"binary-expr","locations":[{"start":{"line":145,"column":24},"end":{"line":145,"column":43}},{"start":{"line":145,"column":47},"end":{"line":145,"column":68}}]},"17":{"loc":{"start":{"line":145,"column":47},"end":{"line":145,"column":68}},"type":"cond-expr","locations":[{"start":{"line":145,"column":64},"end":{"line":145,"column":66}},{"start":{"line":145,"column":64},"end":{"line":145,"column":68}}]},"18":{"loc":{"start":{"line":145,"column":47},"end":{"line":145,"column":66}},"type":"binary-expr","locations":[{"start":{"line":145,"column":47},"end":{"line":145,"column":66}},{"start":{"line":145,"column":64},"end":{"line":145,"column":66}}]},"19":{"loc":{"start":{"line":157,"column":6},"end":{"line":164,"column":7}},"type":"if","locations":[{"start":{"line":157,"column":6},"end":{"line":164,"column":7}}]},"20":{"loc":{"start":{"line":157,"column":10},"end":{"line":157,"column":109}},"type":"binary-expr","locations":[{"start":{"line":157,"column":10},"end":{"line":157,"column":18}},{"start":{"line":157,"column":23},"end":{"line":157,"column":61}},{"start":{"line":157,"column":65},"end":{"line":157,"column":108}}]},"21":{"loc":{"start":{"line":158,"column":8},"end":{"line":163,"column":9}},"type":"if","locations":[{"start":{"line":158,"column":8},"end":{"line":163,"column":9}}]},"22":{"loc":{"start":{"line":158,"column":12},"end":{"line":158,"column":59}},"type":"binary-expr","locations":[{"start":{"line":158,"column":12},"end":{"line":158,"column":33}},{"start":{"line":158,"column":37},"end":{"line":158,"column":59}}]},"23":{"loc":{"start":{"line":160,"column":10},"end":{"line":162,"column":11}},"type":"if","locations":[{"start":{"line":160,"column":10},"end":{"line":162,"column":11}}]},"24":{"loc":{"start":{"line":168,"column":4},"end":{"line":265,"column":5}},"type":"if","locations":[{"start":{"line":168,"column":4},"end":{"line":265,"column":5}}]},"25":{"loc":{"start":{"line":168,"column":8},"end":{"line":168,"column":51}},"type":"binary-expr","locations":[{"start":{"line":168,"column":8},"end":{"line":168,"column":24}},{"start":{"line":168,"column":28},"end":{"line":168,"column":51}}]},"26":{"loc":{"start":{"line":173,"column":6},"end":{"line":242,"column":7}},"type":"if","locations":[{"start":{"line":173,"column":6},"end":{"line":242,"column":7}}]},"27":{"loc":{"start":{"line":176,"column":8},"end":{"line":226,"column":9}},"type":"if","locations":[{"start":{"line":176,"column":8},"end":{"line":226,"column":9}},{"start":{"line":190,"column":15},"end":{"line":226,"column":9}}]},"28":{"loc":{"start":{"line":192,"column":10},"end":{"line":206,"column":11}},"type":"if","locations":[{"start":{"line":192,"column":10},"end":{"line":206,"column":11}}]},"29":{"loc":{"start":{"line":192,"column":14},"end":{"line":192,"column":65}},"type":"binary-expr","locations":[{"start":{"line":192,"column":14},"end":{"line":192,"column":45}},{"start":{"line":192,"column":49},"end":{"line":192,"column":65}}]},"30":{"loc":{"start":{"line":209,"column":24},"end":{"line":209,"column":54}},"type":"binary-expr","locations":[{"start":{"line":209,"column":24},"end":{"line":209,"column":48}},{"start":{"line":209,"column":52},"end":{"line":209,"column":54}}]},"31":{"loc":{"start":{"line":213,"column":10},"end":{"line":225,"column":11}},"type":"if","locations":[{"start":{"line":213,"column":10},"end":{"line":225,"column":11}}]},"32":{"loc":{"start":{"line":213,"column":14},"end":{"line":213,"column":73}},"type":"binary-expr","locations":[{"start":{"line":213,"column":14},"end":{"line":213,"column":24}},{"start":{"line":213,"column":28},"end":{"line":213,"column":73}}]},"33":{"loc":{"start":{"line":252,"column":16},"end":{"line":252,"column":84}},"type":"cond-expr","locations":[{"start":{"line":252,"column":25},"end":{"line":252,"column":58}},{"start":{"line":252,"column":61},"end":{"line":252,"column":84}}]},"34":{"loc":{"start":{"line":256,"column":15},"end":{"line":258,"column":94}},"type":"cond-expr","locations":[{"start":{"line":257,"column":12},"end":{"line":257,"column":86}},{"start":{"line":258,"column":12},"end":{"line":258,"column":94}}]},"35":{"loc":{"start":{"line":261,"column":16},"end":{"line":263,"column":77}},"type":"cond-expr","locations":[{"start":{"line":262,"column":12},"end":{"line":262,"column":96}},{"start":{"line":263,"column":12},"end":{"line":263,"column":77}}]}},"s":{"0":0,"1":0,"2":0,"3":0,"4":0,"5":0,"6":0,"7":0,"8":0,"9":0,"10":0,"11":0,"12":0,"13":0,"14":0,"15":0,"16":0,"17":0,"18":0,"19":0,"20":0,"21":0,"22":0,"23":0,"24":0,"25":0,"26":0,"27":0,"28":0,"29":0,"30":0,"31":0,"32":0,"33":0,"34":0,"35":0,"36":0,"37":0,"38":0,"39":0,"40":0,"41":0,"42":0,"43":0,"44":0,"45":0,"46":0,"47":0,"48":0,"49":0,"50":0,"51":0,"52":0,"53":0,"54":0,"55":0,"56":0,"57":0,"58":0,"59":0,"60":0,"61":0,"62":0,"63":0,"64":0,"65":0,"66":0,"67":0,"68":0,"69":0,"70":0,"71":0,"72":0,"73":0,"74":0,"75":0,"76":0,"77":0,"78":0,"79":0,"80":0,"81":0},"f":{"0":0,"1":0,"2":0,"3":0,"4":0,"5":0,"6":0},"b":{"0":[0,0],"1":[0,0],"2":[0],"3":[0,0],"4":[0],"5":[0,0,0],"6":[0],"7":[0],"8":[0],"9":[0,0],"10":[0],"11":[0,0],"12":[0],"13":[0,0,0],"14":[0],"15":[0,0],"16":[0,0],"17":[0,0],"18":[0,0],"19":[0],"20":[0,0,0],"21":[0],"22":[0,0],"23":[0],"24":[0],"25":[0,0],"26":[0],"27":[0,0],"28":[0],"29":[0,0],"30":[0,0],"31":[0],"32":[0,0],"33":[0,0],"34":[0,0],"35":[0,0]}}
,"/Users/ericfalke/post-secondary-assessment-demo/apps/server/routes/status-routes.ts": {"path":"/Users/ericfalke/post-secondary-assessment-demo/apps/server/routes/status-routes.ts","statementMap":{"0":{"start":{"line":4,"column":0},"end":{"line":4,"column":16}},"1":{"start":{"line":2,"column":0},"end":{"line":2,"column":37}},"2":{"start":{"line":5,"column":2},"end":{"line":23,"column":5}},"3":{"start":{"line":5,"column":54},"end":{"line":23,"column":4}},"4":{"start":{"line":6,"column":4},"end":{"line":22,"column":5}},"5":{"start":{"line":7,"column":21},"end":{"line":7,"column":48}},"6":{"start":{"line":8,"column":6},"end":{"line":13,"column":9}},"7":{"start":{"line":15,"column":6},"end":{"line":15,"column":54}},"8":{"start":{"line":16,"column":6},"end":{"line":21,"column":9}},"9":{"start":{"line":25,"column":2},"end":{"line":63,"column":5}},"10":{"start":{"line":26,"column":4},"end":{"line":26,"column":47}},"11":{"start":{"line":27,"column":4},"end":{"line":62,"column":7}}},"fnMap":{"0":{"name":"registerStatusRoutes","decl":{"start":{"line":4,"column":16},"end":{"line":4,"column":36}},"loc":{"start":{"line":4,"column":49},"end":{"line":64,"column":1}}},"1":{"name":"(anonymous_8)","decl":{"start":{"line":5,"column":34},"end":{"line":5,"column":41}},"loc":{"start":{"line":5,"column":54},"end":{"line":23,"column":4}}},"2":{"name":"(anonymous_9)","decl":{"start":{"line":5,"column":54},"end":{"line":5,"column":null}},"loc":{"start":{"line":5,"column":54},"end":{"line":23,"column":3}}},"3":{"name":"(anonymous_10)","decl":{"start":{"line":25,"column":25},"end":{"line":25,"column":26}},"loc":{"start":{"line":25,"column":39},"end":{"line":63,"column":3}}}},"branchMap":{"0":{"loc":{"start":{"line":48,"column":50},"end":{"line":48,"column":74}},"type":"binary-expr","locations":[{"start":{"line":48,"column":50},"end":{"line":48,"column":66}},{"start":{"line":48,"column":70},"end":{"line":48,"column":74}}]}},"s":{"0":0,"1":0,"2":0,"3":0,"4":0,"5":0,"6":0,"7":0,"8":0,"9":0,"10":0,"11":0},"f":{"0":0,"1":0,"2":0,"3":0},"b":{"0":[0,0]}}
,"/Users/ericfalke/post-secondary-assessment-demo/apps/server/services/sendgrid.ts": {"path":"/Users/ericfalke/post-secondary-assessment-demo/apps/server/services/sendgrid.ts","statementMap":{"0":{"start":{"line":19,"column":0},"end":{"line":19,"column":22}},"1":{"start":{"line":38,"column":0},"end":{"line":38,"column":16}},"2":{"start":{"line":78,"column":0},"end":{"line":78,"column":16}},"3":{"start":{"line":2,"column":0},"end":{"line":2,"column":45}},"4":{"start":{"line":4,"column":0},"end":{"line":6,"column":1}},"5":{"start":{"line":5,"column":2},"end":{"line":5,"column":71}},"6":{"start":{"line":8,"column":20},"end":{"line":8,"column":37}},"7":{"start":{"line":9,"column":0},"end":{"line":9,"column":52}},"8":{"start":{"line":20,"column":2},"end":{"line":35,"column":3}},"9":{"start":{"line":21,"column":27},"end":{"line":25,"column":6}},"10":{"start":{"line":27,"column":4},"end":{"line":27,"column":50}},"11":{"start":{"line":27,"column":21},"end":{"line":27,"column":50}},"12":{"start":{"line":28,"column":4},"end":{"line":28,"column":50}},"13":{"start":{"line":28,"column":21},"end":{"line":28,"column":50}},"14":{"start":{"line":30,"column":4},"end":{"line":30,"column":38}},"15":{"start":{"line":31,"column":4},"end":{"line":31,"column":16}},"16":{"start":{"line":33,"column":4},"end":{"line":33,"column":50}},"17":{"start":{"line":34,"column":4},"end":{"line":34,"column":17}},"18":{"start":{"line":39,"column":20},"end":{"line":39,"column":75}},"19":{"start":{"line":40,"column":2},"end":{"line":75,"column":4}},"20":{"start":{"line":79,"column":20},"end":{"line":79,"column":75}},"21":{"start":{"line":80,"column":23},"end":{"line":82,"column":51}},"22":{"start":{"line":84,"column":2},"end":{"line":115,"column":4}}},"fnMap":{"0":{"name":"sendEmail","decl":{"start":{"line":19,"column":22},"end":{"line":19,"column":31}},"loc":{"start":{"line":19,"column":51},"end":{"line":36,"column":null}}},"1":{"name":"generatePasswordResetEmail","decl":{"start":{"line":38,"column":16},"end":{"line":38,"column":42}},"loc":{"start":{"line":38,"column":94},"end":{"line":76,"column":1}}},"2":{"name":"generateForgotUsernameEmail","decl":{"start":{"line":78,"column":16},"end":{"line":78,"column":43}},"loc":{"start":{"line":78,"column":78},"end":{"line":116,"column":1}}}},"branchMap":{"0":{"loc":{"start":{"line":4,"column":0},"end":{"line":6,"column":1}},"type":"if","locations":[{"start":{"line":4,"column":0},"end":{"line":6,"column":1}}]},"1":{"loc":{"start":{"line":27,"column":4},"end":{"line":27,"column":50}},"type":"if","locations":[{"start":{"line":27,"column":4},"end":{"line":27,"column":50}}]},"2":{"loc":{"start":{"line":28,"column":4},"end":{"line":28,"column":50}},"type":"if","locations":[{"start":{"line":28,"column":4},"end":{"line":28,"column":50}}]},"3":{"loc":{"start":{"line":39,"column":20},"end":{"line":39,"column":75}},"type":"binary-expr","locations":[{"start":{"line":39,"column":20},"end":{"line":39,"column":51}},{"start":{"line":39,"column":55},"end":{"line":39,"column":75}}]},"4":{"loc":{"start":{"line":79,"column":20},"end":{"line":79,"column":75}},"type":"binary-expr","locations":[{"start":{"line":79,"column":20},"end":{"line":79,"column":51}},{"start":{"line":79,"column":55},"end":{"line":79,"column":75}}]},"5":{"loc":{"start":{"line":80,"column":23},"end":{"line":82,"column":51}},"type":"cond-expr","locations":[{"start":{"line":81,"column":6},"end":{"line":81,"column":41}},{"start":{"line":82,"column":6},"end":{"line":82,"column":51}}]},"6":{"loc":{"start":{"line":95,"column":24},"end":{"line":95,"column":91}},"type":"cond-expr","locations":[{"start":{"line":95,"column":49},"end":{"line":95,"column":64}},{"start":{"line":95,"column":67},"end":{"line":95,"column":91}}]},"7":{"loc":{"start":{"line":109,"column":29},"end":{"line":109,"column":96}},"type":"cond-expr","locations":[{"start":{"line":109,"column":54},"end":{"line":109,"column":69}},{"start":{"line":109,"column":72},"end":{"line":109,"column":96}}]}},"s":{"0":0,"1":0,"2":0,"3":0,"4":0,"5":0,"6":0,"7":0,"8":0,"9":0,"10":0,"11":0,"12":0,"13":0,"14":0,"15":0,"16":0,"17":0,"18":0,"19":0,"20":0,"21":0,"22":0},"f":{"0":0,"1":0,"2":0},"b":{"0":[0],"1":[0],"2":[0],"3":[0,0],"4":[0,0],"5":[0,0],"6":[0,0],"7":[0,0]}}
,"/Users/ericfalke/post-secondary-assessment-demo/apps/server/utils/environmentDetection.ts": {"path":"/Users/ericfalke/post-secondary-assessment-demo/apps/server/utils/environmentDetection.ts","statementMap":{"0":{"start":{"line":8,"column":0},"end":{"line":8,"column":16}},"1":{"start":{"line":21,"column":0},"end":{"line":21,"column":16}},"2":{"start":{"line":57,"column":0},"end":{"line":57,"column":16}},"3":{"start":{"line":75,"column":0},"end":{"line":75,"column":16}},"4":{"start":{"line":83,"column":0},"end":{"line":83,"column":16}},"5":{"start":{"line":9,"column":2},"end":{"line":9,"column":32}},"6":{"start":{"line":9,"column":12},"end":{"line":9,"column":32}},"7":{"start":{"line":12,"column":2},"end":{"line":14,"column":12}},"8":{"start":{"line":23,"column":18},"end":{"line":28,"column":4}},"9":{"start":{"line":31,"column":2},"end":{"line":43,"column":3}},"10":{"start":{"line":32,"column":4},"end":{"line":32,"column":26}},"11":{"start":{"line":32,"column":17},"end":{"line":32,"column":26}},"12":{"start":{"line":34,"column":23},"end":{"line":34,"column":51}},"13":{"start":{"line":37,"column":4},"end":{"line":42,"column":5}},"14":{"start":{"line":41,"column":6},"end":{"line":41,"column":18}},"15":{"start":{"line":46,"column":2},"end":{"line":49,"column":3}},"16":{"start":{"line":48,"column":4},"end":{"line":48,"column":16}},"17":{"start":{"line":51,"column":2},"end":{"line":51,"column":15}},"18":{"start":{"line":58,"column":14},"end":{"line":58,"column":56}},"19":{"start":{"line":60,"column":2},"end":{"line":66,"column":3}},"20":{"start":{"line":61,"column":4},"end":{"line":61,"column":28}},"21":{"start":{"line":62,"column":9},"end":{"line":66,"column":3}},"22":{"start":{"line":63,"column":4},"end":{"line":63,"column":17}},"23":{"start":{"line":64,"column":9},"end":{"line":66,"column":3}},"24":{"start":{"line":65,"column":4},"end":{"line":65,"column":22}},"25":{"start":{"line":69,"column":2},"end":{"line":69,"column":19}},"26":{"start":{"line":76,"column":21},"end":{"line":76,"column":63}},"27":{"start":{"line":77,"column":28},"end":{"line":77,"column":57}},"28":{"start":{"line":79,"column":2},"end":{"line":79,"column":84}},"29":{"start":{"line":89,"column":14},"end":{"line":89,"column":34}},"30":{"start":{"line":90,"column":21},"end":{"line":90,"column":46}},"31":{"start":{"line":91,"column":17},"end":{"line":91,"column":36}},"32":{"start":{"line":92,"column":17},"end":{"line":92,"column":43}},"33":{"start":{"line":94,"column":2},"end":{"line":99,"column":4}},"34":{"start":{"line":102,"column":0},"end":{"line":108,"column":2}}},"fnMap":{"0":{"name":"normalizeEnvironment","decl":{"start":{"line":8,"column":16},"end":{"line":8,"column":36}},"loc":{"start":{"line":8,"column":60},"end":{"line":15,"column":1}}},"1":{"name":"isDemoEnvironment","decl":{"start":{"line":21,"column":16},"end":{"line":21,"column":33}},"loc":{"start":{"line":21,"column":33},"end":{"line":52,"column":1}}},"2":{"name":"getModuleFromEnvironment","decl":{"start":{"line":57,"column":16},"end":{"line":57,"column":40}},"loc":{"start":{"line":57,"column":40},"end":{"line":70,"column":1}}},"3":{"name":"isEnvironment","decl":{"start":{"line":75,"column":16},"end":{"line":75,"column":29}},"loc":{"start":{"line":75,"column":45},"end":{"line":80,"column":1}}},"4":{"name":"getEnvironmentStatus","decl":{"start":{"line":83,"column":16},"end":{"line":83,"column":36}},"loc":{"start":{"line":83,"column":36},"end":{"line":100,"column":1}}}},"branchMap":{"0":{"loc":{"start":{"line":9,"column":2},"end":{"line":9,"column":32}},"type":"if","locations":[{"start":{"line":9,"column":2},"end":{"line":9,"column":32}}]},"1":{"loc":{"start":{"line":32,"column":4},"end":{"line":32,"column":26}},"type":"if","locations":[{"start":{"line":32,"column":4},"end":{"line":32,"column":26}}]},"2":{"loc":{"start":{"line":37,"column":4},"end":{"line":42,"column":5}},"type":"if","locations":[{"start":{"line":37,"column":4},"end":{"line":42,"column":5}}]},"3":{"loc":{"start":{"line":37,"column":8},"end":{"line":40,"column":28}},"type":"binary-expr","locations":[{"start":{"line":37,"column":8},"end":{"line":37,"column":35}},{"start":{"line":38,"column":8},"end":{"line":38,"column":44}},{"start":{"line":39,"column":8},"end":{"line":39,"column":29}},{"start":{"line":40,"column":8},"end":{"line":40,"column":28}}]},"4":{"loc":{"start":{"line":46,"column":2},"end":{"line":49,"column":3}},"type":"if","locations":[{"start":{"line":46,"column":2},"end":{"line":49,"column":3}}]},"5":{"loc":{"start":{"line":46,"column":6},"end":{"line":47,"column":45}},"type":"binary-expr","locations":[{"start":{"line":46,"column":6},"end":{"line":46,"column":48}},{"start":{"line":47,"column":6},"end":{"line":47,"column":45}}]},"6":{"loc":{"start":{"line":60,"column":2},"end":{"line":66,"column":3}},"type":"if","locations":[{"start":{"line":60,"column":2},"end":{"line":66,"column":3}},{"start":{"line":62,"column":9},"end":{"line":66,"column":3}}]},"7":{"loc":{"start":{"line":62,"column":9},"end":{"line":66,"column":3}},"type":"if","locations":[{"start":{"line":62,"column":9},"end":{"line":66,"column":3}},{"start":{"line":64,"column":9},"end":{"line":66,"column":3}}]},"8":{"loc":{"start":{"line":64,"column":9},"end":{"line":66,"column":3}},"type":"if","locations":[{"start":{"line":64,"column":9},"end":{"line":66,"column":3}}]},"9":{"loc":{"start":{"line":79,"column":9},"end":{"line":79,"column":83}},"type":"binary-expr","locations":[{"start":{"line":79,"column":9},"end":{"line":79,"column":41}},{"start":{"line":79,"column":45},"end":{"line":79,"column":83}}]}},"s":{"0":1,"1":1,"2":1,"3":1,"4":1,"5":19,"6":3,"7":16,"8":5,"9":5,"10":12,"11":5,"12":7,"13":7,"14":3,"15":2,"16":1,"17":1,"18":5,"19":5,"20":2,"21":3,"22":1,"23":2,"24":1,"25":1,"26":0,"27":0,"28":0,"29":1,"30":1,"31":1,"32":1,"33":1,"34":1},"f":{"0":19,"1":5,"2":5,"3":0,"4":1},"b":{"0":[3],"1":[5],"2":[3],"3":[7,5,5,4],"4":[1],"5":[2,2],"6":[2,3],"7":[1,2],"8":[1],"9":[0,0]}}
}
