TN:
SF:ai-json-service.ts
FN:106,(anonymous_7)
FN:110,(anonymous_8)
FN:138,(anonymous_10)
FN:192,(anonymous_12)
FN:207,(anonymous_14)
FN:217,(anonymous_15)
FN:314,(anonymous_16)
FN:338,(anonymous_17)
FN:346,(anonymous_18)
FN:348,(anonymous_19)
FN:351,(anonymous_20)
FN:361,(anonymous_21)
FN:372,(anonymous_22)
FN:381,(anonymous_23)
FN:390,(anonymous_24)
FN:401,(anonymous_25)
FN:470,(anonymous_26)
FN:472,(anonymous_28)
FN:504,(anonymous_29)
FN:552,(anonymous_30)
FN:562,(anonymous_31)
FNF:21
FNH:0
FNDA:0,(anonymous_7)
FNDA:0,(anonymous_8)
FNDA:0,(anonymous_10)
FNDA:0,(anonymous_12)
FNDA:0,(anonymous_14)
FNDA:0,(anonymous_15)
FNDA:0,(anonymous_16)
FNDA:0,(anonymous_17)
FNDA:0,(anonymous_18)
FNDA:0,(anonymous_19)
FNDA:0,(anonymous_20)
FNDA:0,(anonymous_21)
FNDA:0,(anonymous_22)
FNDA:0,(anonymous_23)
FNDA:0,(anonymous_24)
FNDA:0,(anonymous_25)
FNDA:0,(anonymous_26)
FNDA:0,(anonymous_28)
FNDA:0,(anonymous_29)
FNDA:0,(anonymous_30)
FNDA:0,(anonymous_31)
DA:1,0
DA:2,0
DA:103,0
DA:107,0
DA:111,0
DA:113,0
DA:120,0
DA:122,0
DA:123,0
DA:124,0
DA:130,0
DA:132,0
DA:133,0
DA:145,0
DA:148,0
DA:149,0
DA:150,0
DA:152,0
DA:154,0
DA:159,0
DA:162,0
DA:168,0
DA:170,0
DA:172,0
DA:173,0
DA:176,0
DA:177,0
DA:178,0
DA:180,0
DA:183,0
DA:186,0
DA:187,0
DA:188,0
DA:193,0
DA:201,0
DA:202,0
DA:206,0
DA:207,0
DA:208,0
DA:209,0
DA:210,0
DA:214,0
DA:223,0
DA:286,0
DA:287,0
DA:288,0
DA:289,0
DA:290,0
DA:292,0
DA:295,0
DA:296,0
DA:297,0
DA:299,0
DA:300,0
DA:303,0
DA:307,0
DA:311,0
DA:315,0
DA:317,0
DA:322,0
DA:325,0
DA:326,0
DA:329,0
DA:331,0
DA:332,0
DA:333,0
DA:334,0
DA:339,0
DA:346,0
DA:347,0
DA:348,0
DA:351,0
DA:352,0
DA:354,0
DA:362,0
DA:365,0
DA:366,0
DA:367,0
DA:371,0
DA:372,0
DA:373,0
DA:374,0
DA:375,0
DA:380,0
DA:381,0
DA:382,0
DA:383,0
DA:384,0
DA:389,0
DA:390,0
DA:391,0
DA:392,0
DA:393,0
DA:397,0
DA:402,0
DA:404,0
DA:409,0
DA:412,0
DA:414,0
DA:418,0
DA:419,0
DA:422,0
DA:423,0
DA:426,0
DA:427,0
DA:430,0
DA:431,0
DA:434,0
DA:435,0
DA:439,0
DA:440,0
DA:442,0
DA:443,0
DA:445,0
DA:446,0
DA:448,0
DA:449,0
DA:451,0
DA:452,0
DA:454,0
DA:455,0
DA:457,0
DA:458,0
DA:461,0
DA:463,0
DA:464,0
DA:465,0
DA:466,0
DA:472,0
DA:474,0
DA:475,0
DA:477,0
DA:480,0
DA:482,0
DA:484,0
DA:486,0
DA:491,0
DA:496,0
DA:498,0
DA:500,0
DA:505,0
DA:508,0
DA:509,0
DA:510,0
DA:513,0
DA:514,0
DA:515,0
DA:516,0
DA:517,0
DA:518,0
DA:519,0
DA:520,0
DA:521,0
DA:522,0
DA:523,0
DA:526,0
DA:527,0
DA:528,0
DA:531,0
DA:533,0
DA:536,0
DA:537,0
DA:538,0
DA:541,0
DA:542,0
DA:543,0
DA:544,0
DA:546,0
DA:549,0
DA:550,0
DA:551,0
DA:552,0
DA:553,0
DA:554,0
DA:556,0
DA:559,0
DA:560,0
DA:561,0
DA:562,0
DA:563,0
DA:564,0
DA:568,0
DA:569,0
DA:572,0
DA:576,0
LF:185
LH:0
BRDA:120,0,0,0
BRDA:120,0,1,0
BRDA:120,1,0,0
BRDA:120,1,1,0
BRDA:120,2,0,0
BRDA:120,2,1,0
BRDA:120,3,0,0
BRDA:120,3,1,0
BRDA:120,4,0,0
BRDA:120,4,1,0
BRDA:130,5,0,0
BRDA:130,5,1,0
BRDA:130,6,0,0
BRDA:130,6,1,0
BRDA:130,7,0,0
BRDA:130,7,1,0
BRDA:130,8,0,0
BRDA:130,8,1,0
BRDA:130,9,0,0
BRDA:130,9,1,0
BRDA:132,10,0,0
BRDA:132,10,1,0
BRDA:162,11,0,0
BRDA:162,11,1,0
BRDA:168,12,0,0
BRDA:168,12,1,0
BRDA:177,13,0,0
BRDA:177,13,1,0
BRDA:187,14,0,0
BRDA:187,14,1,0
BRDA:202,15,0,0
BRDA:202,15,1,0
BRDA:208,16,0,0
BRDA:208,17,0,0
BRDA:208,17,1,0
BRDA:208,18,0,0
BRDA:208,18,1,0
BRDA:287,19,0,0
BRDA:287,19,1,0
BRDA:289,20,0,0
BRDA:289,20,1,0
BRDA:296,21,0,0
BRDA:299,22,0,0
BRDA:303,23,0,0
BRDA:303,23,1,0
BRDA:307,24,0,0
BRDA:307,24,1,0
BRDA:325,25,0,0
BRDA:325,26,0,0
BRDA:325,26,1,0
BRDA:325,26,2,0
BRDA:325,26,3,0
BRDA:333,27,0,0
BRDA:333,27,1,0
BRDA:352,28,0,0
BRDA:352,28,1,0
BRDA:366,29,0,0
BRDA:374,30,0,0
BRDA:383,31,0,0
BRDA:392,32,0,0
BRDA:412,33,0,0
BRDA:412,34,0,0
BRDA:412,34,1,0
BRDA:412,34,2,0
BRDA:412,34,3,0
BRDA:412,34,4,0
BRDA:418,35,0,0
BRDA:418,36,0,0
BRDA:418,36,1,0
BRDA:422,37,0,0
BRDA:422,38,0,0
BRDA:422,38,1,0
BRDA:422,38,2,0
BRDA:422,38,3,0
BRDA:426,39,0,0
BRDA:426,40,0,0
BRDA:426,40,1,0
BRDA:430,41,0,0
BRDA:430,42,0,0
BRDA:430,42,1,0
BRDA:434,43,0,0
BRDA:434,44,0,0
BRDA:434,44,1,0
BRDA:439,45,0,0
BRDA:439,46,0,0
BRDA:439,46,1,0
BRDA:442,47,0,0
BRDA:442,48,0,0
BRDA:442,48,1,0
BRDA:445,49,0,0
BRDA:448,50,0,0
BRDA:451,51,0,0
BRDA:454,52,0,0
BRDA:457,53,0,0
BRDA:465,54,0,0
BRDA:465,54,1,0
BRDA:474,55,0,0
BRDA:474,56,0,0
BRDA:474,56,1,0
BRDA:527,57,0,0
BRDA:527,57,1,0
BRDA:527,58,0,0
BRDA:527,58,1,0
BRDA:537,59,0,0
BRDA:537,59,1,0
BRDA:537,60,0,0
BRDA:537,60,1,0
BRDA:553,61,0,0
BRDA:553,61,1,0
BRDA:553,62,0,0
BRDA:553,62,1,0
BRDA:563,63,0,0
BRDA:563,63,1,0
BRDA:563,64,0,0
BRDA:563,64,1,0
BRDA:568,65,0,0
BRF:116
BRH:0
end_of_record
TN:
SF:ai-service.ts
FN:36,(anonymous_14)
FN:52,(anonymous_15)
FN:309,(anonymous_17)
FN:319,(anonymous_19)
FN:369,(anonymous_20)
FN:369,(anonymous_21)
FN:373,(anonymous_22)
FN:383,(anonymous_23)
FN:400,(anonymous_24)
FN:405,(anonymous_25)
FN:413,(anonymous_26)
FN:543,(anonymous_27)
FN:607,(anonymous_29)
FN:643,(anonymous_30)
FN:673,(anonymous_32)
FN:684,(anonymous_34)
FN:693,(anonymous_35)
FN:751,(anonymous_37)
FN:762,(anonymous_39)
FN:766,(anonymous_40)
FN:767,(anonymous_41)
FN:780,(anonymous_42)
FN:788,(anonymous_44)
FN:807,(anonymous_45)
FN:815,(anonymous_47)
FN:827,(anonymous_48)
FN:891,(anonymous_50)
FN:904,(anonymous_52)
FN:939,(anonymous_53)
FN:949,(anonymous_54)
FN:953,(anonymous_55)
FN:969,(anonymous_57)
FN:973,(anonymous_58)
FN:974,(anonymous_59)
FN:1029,(anonymous_60)
FNF:35
FNH:0
FNDA:0,(anonymous_14)
FNDA:0,(anonymous_15)
FNDA:0,(anonymous_17)
FNDA:0,(anonymous_19)
FNDA:0,(anonymous_20)
FNDA:0,(anonymous_21)
FNDA:0,(anonymous_22)
FNDA:0,(anonymous_23)
FNDA:0,(anonymous_24)
FNDA:0,(anonymous_25)
FNDA:0,(anonymous_26)
FNDA:0,(anonymous_27)
FNDA:0,(anonymous_29)
FNDA:0,(anonymous_30)
FNDA:0,(anonymous_32)
FNDA:0,(anonymous_34)
FNDA:0,(anonymous_35)
FNDA:0,(anonymous_37)
FNDA:0,(anonymous_39)
FNDA:0,(anonymous_40)
FNDA:0,(anonymous_41)
FNDA:0,(anonymous_42)
FNDA:0,(anonymous_44)
FNDA:0,(anonymous_45)
FNDA:0,(anonymous_47)
FNDA:0,(anonymous_48)
FNDA:0,(anonymous_50)
FNDA:0,(anonymous_52)
FNDA:0,(anonymous_53)
FNDA:0,(anonymous_54)
FNDA:0,(anonymous_55)
FNDA:0,(anonymous_57)
FNDA:0,(anonymous_58)
FNDA:0,(anonymous_59)
FNDA:0,(anonymous_60)
DA:5,0
DA:6,0
DA:7,0
DA:8,0
DA:33,0
DA:38,0
DA:40,0
DA:41,0
DA:44,0
DA:47,0
DA:53,0
DA:54,0
DA:55,0
DA:57,0
DA:59,0
DA:60,0
DA:66,0
DA:69,0
DA:70,0
DA:73,0
DA:82,0
DA:84,0
DA:85,0
DA:86,0
DA:87,0
DA:89,0
DA:90,0
DA:93,0
DA:94,0
DA:97,0
DA:99,0
DA:101,0
DA:102,0
DA:103,0
DA:111,0
DA:112,0
DA:122,0
DA:125,0
DA:126,0
DA:128,0
DA:129,0
DA:130,0
DA:131,0
DA:139,0
DA:140,0
DA:149,0
DA:151,0
DA:152,0
DA:156,0
DA:157,0
DA:158,0
DA:161,0
DA:163,0
DA:164,0
DA:165,0
DA:172,0
DA:174,0
DA:177,0
DA:178,0
DA:186,0
DA:187,0
DA:188,0
DA:197,0
DA:200,0
DA:201,0
DA:203,0
DA:211,0
DA:215,0
DA:216,0
DA:223,0
DA:224,0
DA:225,0
DA:233,0
DA:234,0
DA:241,0
DA:247,0
DA:248,0
DA:249,0
DA:250,0
DA:257,0
DA:258,0
DA:262,0
DA:269,0
DA:276,0
DA:286,0
DA:288,0
DA:289,0
DA:292,0
DA:294,0
DA:303,0
DA:305,0
DA:311,0
DA:313,0
DA:315,0
DA:316,0
DA:319,0
DA:320,0
DA:325,0
DA:326,0
DA:328,0
DA:333,0
DA:334,0
DA:337,0
DA:338,0
DA:345,0
DA:346,0
DA:352,0
DA:359,0
DA:361,0
DA:369,0
DA:371,0
DA:372,0
DA:373,0
DA:374,0
DA:377,0
DA:378,0
DA:379,0
DA:382,0
DA:383,0
DA:384,0
DA:387,0
DA:388,0
DA:389,0
DA:392,0
DA:395,0
DA:396,0
DA:401,0
DA:403,0
DA:405,0
DA:415,0
DA:416,0
DA:485,0
DA:544,0
DA:545,0
DA:547,0
DA:548,0
DA:550,0
DA:552,0
DA:553,0
DA:556,0
DA:557,0
DA:558,0
DA:560,0
DA:565,0
DA:575,0
DA:576,0
DA:580,0
DA:582,0
DA:584,0
DA:585,0
DA:587,0
DA:589,0
DA:597,0
DA:604,0
DA:607,0
DA:608,0
DA:610,0
DA:611,0
DA:619,0
DA:621,0
DA:625,0
DA:628,0
DA:630,0
DA:632,0
DA:633,0
DA:634,0
DA:635,0
DA:639,0
DA:644,0
DA:646,0
DA:647,0
DA:650,0
DA:653,0
DA:654,0
DA:658,0
DA:659,0
DA:662,0
DA:669,0
DA:675,0
DA:683,0
DA:684,0
DA:685,0
DA:689,0
DA:694,0
DA:697,0
DA:698,0
DA:699,0
DA:702,0
DA:713,0
DA:714,0
DA:715,0
DA:722,0
DA:723,0
DA:724,0
DA:727,0
DA:730,0
DA:731,0
DA:732,0
DA:739,0
DA:740,0
DA:741,0
DA:744,0
DA:745,0
DA:752,0
DA:755,0
DA:757,0
DA:759,0
DA:762,0
DA:766,0
DA:767,0
DA:773,0
DA:776,0
DA:781,0
DA:783,0
DA:788,0
DA:803,0
DA:808,0
DA:810,0
DA:812,0
DA:813,0
DA:814,0
DA:815,0
DA:816,0
DA:820,0
DA:823,0
DA:833,0
DA:836,0
DA:839,0
DA:842,0
DA:843,0
DA:844,0
DA:846,0
DA:847,0
DA:848,0
DA:850,0
DA:859,0
DA:860,0
DA:861,0
DA:863,0
DA:864,0
DA:869,0
DA:886,0
DA:887,0
DA:892,0
DA:901,0
DA:903,0
DA:904,0
DA:905,0
DA:906,0
DA:907,0
DA:911,0
DA:912,0
DA:913,0
DA:914,0
DA:915,0
DA:920,0
DA:921,0
DA:922,0
DA:926,0
DA:927,0
DA:928,0
DA:932,0
DA:935,0
DA:940,0
DA:949,0
DA:960,0
DA:969,0
DA:973,0
DA:974,0
DA:988,0
DA:989,0
DA:990,0
DA:992,0
DA:993,0
DA:994,0
DA:1002,0
DA:1003,0
DA:1004,0
DA:1007,0
DA:1010,0
DA:1011,0
DA:1012,0
DA:1020,0
DA:1021,0
DA:1022,0
DA:1025,0
DA:1028,0
DA:1029,0
LF:288
LH:0
BRDA:40,0,0,0
BRDA:60,1,0,0
BRDA:60,1,1,0
BRDA:69,2,0,0
BRDA:69,2,1,0
BRDA:82,3,0,0
BRDA:82,3,1,0
BRDA:87,4,0,0
BRDA:87,4,1,0
BRDA:93,5,0,0
BRDA:93,5,1,0
BRDA:101,6,0,0
BRDA:101,6,1,0
BRDA:129,7,0,0
BRDA:129,7,1,0
BRDA:161,8,0,0
BRDA:161,8,1,0
BRDA:163,9,0,0
BRDA:172,10,0,0
BRDA:215,11,0,0
BRDA:247,12,0,0
BRDA:257,13,0,0
BRDA:257,13,1,0
BRDA:279,14,0,0
BRDA:279,14,1,0
BRDA:315,15,0,0
BRDA:315,15,1,0
BRDA:325,16,0,0
BRDA:333,17,0,0
BRDA:369,18,0,0
BRDA:377,19,0,0
BRDA:377,19,1,0
BRDA:377,20,0,0
BRDA:377,20,1,0
BRDA:387,21,0,0
BRDA:387,22,0,0
BRDA:387,22,1,0
BRDA:401,23,0,0
BRDA:401,23,1,0
BRDA:410,24,0,0
BRDA:410,24,1,0
BRDA:415,25,0,0
BRDA:550,26,0,0
BRDA:550,26,1,0
BRDA:558,27,0,0
BRDA:558,27,1,0
BRDA:558,27,2,0
BRDA:558,27,3,0
BRDA:560,28,0,0
BRDA:560,28,1,0
BRDA:560,29,0,0
BRDA:560,29,1,0
BRDA:562,30,0,0
BRDA:562,30,1,0
BRDA:562,31,0,0
BRDA:562,31,1,0
BRDA:565,32,0,0
BRDA:565,32,1,0
BRDA:565,33,0,0
BRDA:565,33,1,0
BRDA:575,34,0,0
BRDA:575,35,0,0
BRDA:575,35,1,0
BRDA:582,36,0,0
BRDA:582,36,1,0
BRDA:591,37,0,0
BRDA:591,37,1,0
BRDA:610,38,0,0
BRDA:611,39,0,0
BRDA:611,39,1,0
BRDA:611,40,0,0
BRDA:611,40,1,0
BRDA:619,41,0,0
BRDA:619,41,1,0
BRDA:628,42,0,0
BRDA:628,42,1,0
BRDA:632,43,0,0
BRDA:647,44,0,0
BRDA:647,44,1,0
BRDA:653,45,0,0
BRDA:653,46,0,0
BRDA:653,46,1,0
BRDA:654,47,0,0
BRDA:654,47,1,0
BRDA:658,48,0,0
BRDA:658,49,0,0
BRDA:658,49,1,0
BRDA:659,50,0,0
BRDA:659,50,1,0
BRDA:665,51,0,0
BRDA:665,51,1,0
BRDA:684,52,0,0
BRDA:698,53,0,0
BRDA:698,53,1,0
BRDA:698,54,0,0
BRDA:698,54,1,0
BRDA:698,55,0,0
BRDA:698,55,1,0
BRDA:722,56,0,0
BRDA:722,56,1,0
BRDA:722,57,0,0
BRDA:722,57,1,0
BRDA:722,58,0,0
BRDA:722,58,1,0
BRDA:739,59,0,0
BRDA:739,59,1,0
BRDA:739,60,0,0
BRDA:739,60,1,0
BRDA:739,61,0,0
BRDA:739,61,1,0
BRDA:755,62,0,0
BRDA:755,62,1,0
BRDA:766,63,0,0
BRDA:766,63,1,0
BRDA:767,64,0,0
BRDA:767,64,1,0
BRDA:781,65,0,0
BRDA:812,66,0,0
BRDA:846,67,0,0
BRDA:859,68,0,0
BRDA:859,68,1,0
BRDA:873,69,0,0
BRDA:873,69,1,0
BRDA:874,70,0,0
BRDA:874,70,1,0
BRDA:875,71,0,0
BRDA:875,71,1,0
BRDA:876,72,0,0
BRDA:876,72,1,0
BRDA:877,73,0,0
BRDA:877,73,1,0
BRDA:878,74,0,0
BRDA:878,74,1,0
BRDA:883,75,0,0
BRDA:883,75,1,0
BRDA:903,76,0,0
BRDA:903,76,1,0
BRDA:903,77,0,0
BRDA:903,77,1,0
BRDA:904,78,0,0
BRDA:904,78,1,0
BRDA:904,79,0,0
BRDA:904,79,1,0
BRDA:905,80,0,0
BRDA:911,81,0,0
BRDA:911,81,1,0
BRDA:911,82,0,0
BRDA:911,82,1,0
BRDA:912,83,0,0
BRDA:912,84,0,0
BRDA:912,84,1,0
BRDA:914,85,0,0
BRDA:920,86,0,0
BRDA:920,86,1,0
BRDA:920,87,0,0
BRDA:920,87,1,0
BRDA:921,88,0,0
BRDA:921,89,0,0
BRDA:921,89,1,0
BRDA:926,90,0,0
BRDA:926,90,1,0
BRDA:926,91,0,0
BRDA:926,91,1,0
BRDA:927,92,0,0
BRDA:927,93,0,0
BRDA:927,93,1,0
BRDA:949,94,0,0
BRDA:949,94,1,0
BRDA:989,95,0,0
BRDA:989,95,1,0
BRDA:989,96,0,0
BRDA:989,96,1,0
BRDA:989,97,0,0
BRDA:989,97,1,0
BRDA:1002,98,0,0
BRDA:1002,98,1,0
BRDA:1020,99,0,0
BRDA:1020,99,1,0
BRF:178
BRH:0
end_of_record
TN:
SF:auth.ts
FN:37,(anonymous_8)
FN:43,(anonymous_9)
FN:78,(anonymous_10)
FN:78,(anonymous_11)
FN:83,(anonymous_12)
FN:83,(anonymous_13)
FN:88,(anonymous_14)
FN:92,(anonymous_15)
FN:96,(anonymous_16)
FN:100,(anonymous_17)
FN:106,(anonymous_18)
FN:106,(anonymous_19)
FN:129,(anonymous_20)
FN:129,(anonymous_21)
FN:137,(anonymous_22)
FN:144,(anonymous_23)
FN:179,(anonymous_24)
FN:179,(anonymous_25)
FN:213,(anonymous_26)
FN:214,(anonymous_27)
FN:228,(anonymous_28)
FN:257,(anonymous_29)
FN:258,(anonymous_30)
FNF:23
FNH:0
FNDA:0,(anonymous_8)
FNDA:0,(anonymous_9)
FNDA:0,(anonymous_10)
FNDA:0,(anonymous_11)
FNDA:0,(anonymous_12)
FNDA:0,(anonymous_13)
FNDA:0,(anonymous_14)
FNDA:0,(anonymous_15)
FNDA:0,(anonymous_16)
FNDA:0,(anonymous_17)
FNDA:0,(anonymous_18)
FNDA:0,(anonymous_19)
FNDA:0,(anonymous_20)
FNDA:0,(anonymous_21)
FNDA:0,(anonymous_22)
FNDA:0,(anonymous_23)
FNDA:0,(anonymous_24)
FNDA:0,(anonymous_25)
FNDA:0,(anonymous_26)
FNDA:0,(anonymous_27)
FNDA:0,(anonymous_28)
FNDA:0,(anonymous_29)
FNDA:0,(anonymous_30)
DA:1,0
DA:2,0
DA:3,0
DA:4,0
DA:6,0
DA:7,0
DA:8,0
DA:27,0
DA:29,0
DA:37,0
DA:38,0
DA:39,0
DA:40,0
DA:43,0
DA:46,0
DA:47,0
DA:48,0
DA:49,0
DA:51,0
DA:54,0
DA:55,0
DA:57,0
DA:64,0
DA:65,0
DA:68,0
DA:78,0
DA:79,0
DA:80,0
DA:83,0
DA:84,0
DA:88,0
DA:89,0
DA:92,0
DA:93,0
DA:96,0
DA:97,0
DA:100,0
DA:101,0
DA:102,0
DA:106,0
DA:108,0
DA:116,0
DA:117,0
DA:120,0
DA:122,0
DA:129,0
DA:130,0
DA:137,0
DA:144,0
DA:145,0
DA:171,0
DA:172,0
DA:179,0
DA:180,0
DA:181,0
DA:184,0
DA:186,0
DA:199,0
DA:200,0
DA:201,0
DA:204,0
DA:205,0
DA:207,0
DA:208,0
DA:213,0
DA:214,0
DA:215,0
DA:216,0
DA:219,0
DA:220,0
DA:223,0
DA:228,0
DA:229,0
DA:230,0
DA:232,0
DA:233,0
DA:234,0
DA:237,0
DA:245,0
DA:246,0
DA:247,0
DA:251,0
DA:252,0
DA:253,0
DA:257,0
DA:258,0
DA:259,0
DA:260,0
DA:262,0
DA:263,0
DA:264,0
DA:268,0
DA:269,0
DA:270,0
DA:274,0
DA:275,0
DA:277,0
DA:278,0
DA:280,0
DA:281,0
DA:282,0
DA:288,0
DA:289,0
DA:290,0
LF:104
LH:0
BRDA:38,0,0,0
BRDA:40,1,0,0
BRDA:40,1,1,0
BRDA:46,2,0,0
BRDA:48,3,0,0
BRDA:48,4,0,0
BRDA:48,4,1,0
BRDA:48,4,2,0
BRDA:64,5,0,0
BRDA:70,6,0,0
BRDA:70,6,1,0
BRDA:101,7,0,0
BRDA:116,8,0,0
BRDA:180,9,0,0
BRDA:199,10,0,0
BRDA:199,11,0,0
BRDA:199,11,1,0
BRDA:215,12,0,0
BRDA:219,13,0,0
BRDA:232,14,0,0
BRDA:245,15,0,0
BRDA:262,16,0,0
BRDA:268,17,0,0
BRDA:274,18,0,0
BRDA:274,18,1,0
BRDA:280,19,0,0
BRF:26
BRH:0
end_of_record
TN:
SF:cache-busting.ts
FN:5,(anonymous_7)
FN:14,(anonymous_8)
FN:22,(anonymous_9)
FN:23,(anonymous_10)
FN:36,(anonymous_11)
FN:68,(anonymous_12)
FNF:6
FNH:0
FNDA:0,(anonymous_7)
FNDA:0,(anonymous_8)
FNDA:0,(anonymous_9)
FNDA:0,(anonymous_10)
FNDA:0,(anonymous_11)
FNDA:0,(anonymous_12)
DA:2,0
DA:6,0
DA:7,0
DA:15,0
DA:23,0
DA:28,0
DA:30,0
DA:36,0
DA:37,0
DA:40,0
DA:42,0
DA:44,0
DA:45,0
DA:50,0
DA:52,0
DA:53,0
DA:54,0
DA:59,0
DA:60,0
DA:62,0
DA:63,0
DA:70,0
DA:71,0
DA:73,0
LF:24
LH:0
BRDA:25,0,0,0
BRDA:26,1,0,0
BRDA:42,2,0,0
BRDA:42,3,0,0
BRDA:42,3,1,0
BRDA:52,4,0,0
BRDA:52,5,0,0
BRDA:52,5,1,0
BRDA:59,6,0,0
BRDA:60,7,0,0
BRDA:60,7,1,0
BRDA:70,8,0,0
BRF:12
BRH:0
end_of_record
TN:
SF:database-providers.ts
FN:21,(anonymous_8)
FN:25,(anonymous_9)
FN:32,(anonymous_10)
FN:53,(anonymous_11)
FN:68,(anonymous_12)
FN:75,(anonymous_14)
FN:80,(anonymous_15)
FNF:7
FNH:0
FNDA:0,(anonymous_8)
FNDA:0,(anonymous_9)
FNDA:0,(anonymous_10)
FNDA:0,(anonymous_11)
FNDA:0,(anonymous_12)
FNDA:0,(anonymous_14)
FNDA:0,(anonymous_15)
DA:1,0
DA:2,0
DA:3,0
DA:6,0
DA:16,0
DA:18,0
DA:22,0
DA:26,0
DA:27,0
DA:29,0
DA:33,0
DA:34,0
DA:35,0
DA:39,0
DA:40,0
DA:41,0
DA:42,0
DA:43,0
DA:46,0
DA:54,0
DA:55,0
DA:63,0
DA:65,0
DA:69,0
DA:70,0
DA:71,0
DA:76,0
DA:81,0
DA:82,0
DA:84,0
LF:30
LH:0
BRDA:26,0,0,0
BRDA:34,1,0,0
BRDA:40,2,0,0
BRDA:40,2,1,0
BRDA:42,3,0,0
BRDA:42,4,0,0
BRDA:42,4,1,0
BRDA:54,5,0,0
BRDA:57,6,0,0
BRDA:57,6,1,0
BRDA:69,7,0,0
BRDA:81,8,0,0
BRF:12
BRH:0
end_of_record
TN:
SF:db.ts
FN:57,reinitializeDatabase
FNF:1
FNH:0
FNDA:0,reinitializeDatabase
DA:1,0
DA:2,0
DA:3,0
DA:4,0
DA:6,0
DA:9,0
DA:10,0
DA:12,0
DA:13,0
DA:18,0
DA:19,0
DA:21,0
DA:22,0
DA:23,0
DA:24,0
DA:25,0
DA:28,0
DA:42,0
DA:48,0
DA:49,0
DA:50,0
DA:51,0
DA:54,0
DA:57,0
DA:58,0
DA:59,0
DA:60,0
DA:61,0
DA:64,0
DA:65,0
DA:66,0
DA:68,0
DA:73,0
DA:87,0
DA:91,0
DA:92,0
DA:93,0
DA:94,0
DA:97,0
DA:99,0
DA:100,0
DA:101,0
DA:102,0
LF:43
LH:0
BRDA:12,0,0,0
BRDA:22,1,0,0
BRDA:22,1,1,0
BRDA:48,2,0,0
BRDA:64,3,0,0
BRDA:91,4,0,0
BRF:6
BRH:0
end_of_record
TN:
SF:demo-ai-handler.ts
FN:20,(anonymous_7)
FN:26,(anonymous_9)
FN:31,(anonymous_10)
FN:55,(anonymous_11)
FN:57,(anonymous_12)
FN:109,(anonymous_13)
FN:111,(anonymous_14)
FN:150,(anonymous_15)
FN:180,(anonymous_16)
FN:184,(anonymous_17)
FN:196,(anonymous_18)
FN:205,(anonymous_19)
FN:215,(anonymous_20)
FN:225,(anonymous_21)
FN:238,(anonymous_22)
FN:242,(anonymous_23)
FN:243,(anonymous_24)
FN:244,(anonymous_25)
FNF:18
FNH:0
FNDA:0,(anonymous_7)
FNDA:0,(anonymous_9)
FNDA:0,(anonymous_10)
FNDA:0,(anonymous_11)
FNDA:0,(anonymous_12)
FNDA:0,(anonymous_13)
FNDA:0,(anonymous_14)
FNDA:0,(anonymous_15)
FNDA:0,(anonymous_16)
FNDA:0,(anonymous_17)
FNDA:0,(anonymous_18)
FNDA:0,(anonymous_19)
FNDA:0,(anonymous_20)
FNDA:0,(anonymous_21)
FNDA:0,(anonymous_22)
FNDA:0,(anonymous_23)
FNDA:0,(anonymous_24)
FNDA:0,(anonymous_25)
DA:18,0
DA:21,0
DA:24,0
DA:25,0
DA:26,0
DA:29,0
DA:30,0
DA:31,0
DA:34,0
DA:35,0
DA:36,0
DA:39,0
DA:41,0
DA:57,0
DA:58,0
DA:61,0
DA:62,0
DA:70,0
DA:71,0
DA:79,0
DA:80,0
DA:88,0
DA:89,0
DA:97,0
DA:98,0
DA:106,0
DA:111,0
DA:112,0
DA:113,0
DA:116,0
DA:117,0
DA:118,0
DA:119,0
DA:123,0
DA:124,0
DA:125,0
DA:129,0
DA:130,0
DA:131,0
DA:132,0
DA:133,0
DA:134,0
DA:135,0
DA:136,0
DA:137,0
DA:140,0
DA:152,0
DA:180,0
DA:184,0
DA:197,0
DA:205,0
DA:215,0
DA:225,0
DA:238,0
DA:242,0
DA:243,0
DA:244,0
LF:57
LH:0
BRDA:61,0,0,0
BRDA:61,1,0,0
BRDA:61,1,1,0
BRDA:70,2,0,0
BRDA:70,3,0,0
BRDA:70,3,1,0
BRDA:79,4,0,0
BRDA:79,5,0,0
BRDA:79,5,1,0
BRDA:88,6,0,0
BRDA:88,7,0,0
BRDA:88,7,1,0
BRDA:97,8,0,0
BRDA:97,9,0,0
BRDA:97,9,1,0
BRDA:117,10,0,0
BRDA:117,10,1,0
BRDA:123,11,0,0
BRDA:123,11,1,0
BRDA:123,12,0,0
BRDA:123,12,1,0
BRDA:129,13,0,0
BRDA:129,13,1,0
BRDA:129,14,0,0
BRDA:129,14,1,0
BRDA:132,15,0,0
BRDA:132,15,1,0
BRDA:132,16,0,0
BRDA:132,16,1,0
BRDA:135,17,0,0
BRDA:144,18,0,0
BRDA:144,18,1,0
BRDA:145,19,0,0
BRDA:145,19,1,0
BRDA:187,20,0,0
BRDA:187,20,1,0
BRDA:187,21,0,0
BRDA:187,21,1,0
BRDA:187,22,0,0
BRDA:187,22,1,0
BRF:40
BRH:0
end_of_record
TN:
SF:job-queue.ts
FN:13,(anonymous_8)
FN:66,addAIAnalysisJob
FN:84,getJobStatus
FN:114,waitForJobCompletion
FN:115,(anonymous_14)
FN:124,(anonymous_15)
FN:125,(anonymous_16)
FN:130,(anonymous_17)
FN:134,(anonymous_18)
FN:144,cancelJob
FN:164,getQueueHealth
FN:185,cleanupOldJobs
FN:202,closeQueue
FN:212,(anonymous_27)
FN:216,(anonymous_28)
FN:220,(anonymous_29)
FN:224,(anonymous_30)
FN:232,(anonymous_31)
FN:241,(anonymous_32)
FN:242,(anonymous_33)
FNF:20
FNH:0
FNDA:0,(anonymous_8)
FNDA:0,addAIAnalysisJob
FNDA:0,getJobStatus
FNDA:0,waitForJobCompletion
FNDA:0,(anonymous_14)
FNDA:0,(anonymous_15)
FNDA:0,(anonymous_16)
FNDA:0,(anonymous_17)
FNDA:0,(anonymous_18)
FNDA:0,cancelJob
FNDA:0,getQueueHealth
FNDA:0,cleanupOldJobs
FNDA:0,closeQueue
FNDA:0,(anonymous_27)
FNDA:0,(anonymous_28)
FNDA:0,(anonymous_29)
FNDA:0,(anonymous_30)
FNDA:0,(anonymous_31)
FNDA:0,(anonymous_32)
FNDA:0,(anonymous_33)
DA:1,0
DA:2,0
DA:4,0
DA:7,0
DA:14,0
DA:15,0
DA:23,0
DA:66,0
DA:67,0
DA:68,0
DA:73,0
DA:74,0
DA:76,0
DA:77,0
DA:84,0
DA:85,0
DA:86,0
DA:88,0
DA:89,0
DA:92,0
DA:93,0
DA:95,0
DA:106,0
DA:107,0
DA:114,0
DA:115,0
DA:118,0
DA:120,0
DA:121,0
DA:124,0
DA:125,0
DA:126,0
DA:129,0
DA:131,0
DA:132,0
DA:135,0
DA:136,0
DA:144,0
DA:145,0
DA:146,0
DA:148,0
DA:149,0
DA:152,0
DA:153,0
DA:154,0
DA:156,0
DA:157,0
DA:164,0
DA:171,0
DA:179,0
DA:185,0
DA:186,0
DA:188,0
DA:191,0
DA:193,0
DA:195,0
DA:202,0
DA:203,0
DA:204,0
DA:205,0
DA:207,0
DA:212,0
DA:213,0
DA:216,0
DA:217,0
DA:220,0
DA:221,0
DA:224,0
DA:225,0
DA:232,0
DA:233,0
DA:241,0
DA:242,0
DA:243,0
DA:247,0
LF:75
LH:0
BRDA:8,0,0,0
BRDA:8,0,1,0
BRDA:9,1,0,0
BRDA:9,1,1,0
BRDA:10,2,0,0
BRDA:10,2,1,0
BRDA:88,3,0,0
BRDA:98,4,0,0
BRDA:98,4,1,0
BRDA:103,5,0,0
BRDA:103,5,1,0
BRDA:116,6,0,0
BRDA:120,7,0,0
BRDA:148,8,0,0
BRDA:234,9,0,0
BRDA:234,9,1,0
BRDA:234,10,0,0
BRDA:234,10,1,0
BRDA:235,11,0,0
BRDA:235,11,1,0
BRDA:235,12,0,0
BRDA:235,12,1,0
BRF:22
BRH:0
end_of_record
TN:
SF:job-worker.ts
FN:17,(anonymous_13)
FN:17,(anonymous_14)
FN:27,(anonymous_15)
FN:79,(anonymous_16)
FN:79,(anonymous_17)
FN:85,(anonymous_18)
FN:85,(anonymous_19)
FNF:7
FNH:0
FNDA:0,(anonymous_13)
FNDA:0,(anonymous_14)
FNDA:0,(anonymous_15)
FNDA:0,(anonymous_16)
FNDA:0,(anonymous_17)
FNDA:0,(anonymous_18)
FNDA:0,(anonymous_19)
DA:2,0
DA:3,0
DA:4,0
DA:6,0
DA:17,0
DA:18,0
DA:20,0
DA:22,0
DA:24,0
DA:27,0
DA:28,0
DA:31,0
DA:34,0
DA:42,0
DA:45,0
DA:48,0
DA:51,0
DA:57,0
DA:59,0
DA:61,0
DA:67,0
DA:74,0
DA:79,0
DA:80,0
DA:81,0
DA:82,0
DA:85,0
DA:86,0
DA:87,0
DA:88,0
DA:91,0
DA:96,0
LF:32
LH:0
BRDA:38,0,0,0
BRDA:38,0,1,0
BRDA:70,1,0,0
BRDA:70,1,1,0
BRF:4
BRH:0
end_of_record
TN:
SF:no-cache-routes.ts
FN:6,registerNoCacheRoutes
FN:8,(anonymous_8)
FN:19,(anonymous_9)
FN:19,(anonymous_10)
FN:35,(anonymous_11)
FN:35,(anonymous_12)
FN:51,(anonymous_13)
FN:51,(anonymous_14)
FNF:8
FNH:0
FNDA:0,registerNoCacheRoutes
FNDA:0,(anonymous_8)
FNDA:0,(anonymous_9)
FNDA:0,(anonymous_10)
FNDA:0,(anonymous_11)
FNDA:0,(anonymous_12)
FNDA:0,(anonymous_13)
FNDA:0,(anonymous_14)
DA:4,0
DA:6,0
DA:8,0
DA:9,0
DA:15,0
DA:19,0
DA:20,0
DA:21,0
DA:22,0
DA:24,0
DA:26,0
DA:27,0
DA:29,0
DA:30,0
DA:35,0
DA:36,0
DA:37,0
DA:38,0
DA:40,0
DA:42,0
DA:43,0
DA:45,0
DA:46,0
DA:51,0
DA:52,0
DA:53,0
DA:54,0
DA:56,0
DA:58,0
DA:59,0
DA:61,0
DA:62,0
LF:32
LH:0
BRF:0
BRH:0
end_of_record
TN:
SF:reliability-improvements.ts
FN:7,requestTimeout
FN:8,(anonymous_8)
FN:16,(anonymous_9)
FN:26,(anonymous_10)
FN:27,(anonymous_11)
FN:36,setupGracefulShutdown
FN:39,(anonymous_13)
FN:39,(anonymous_14)
FN:46,(anonymous_15)
FN:59,(anonymous_16)
FN:65,(anonymous_17)
FN:66,(anonymous_18)
FN:69,(anonymous_19)
FN:74,(anonymous_20)
FN:82,healthCheck
FN:106,createLogger
FN:108,(anonymous_24)
FN:111,(anonymous_25)
FN:114,(anonymous_26)
FN:117,(anonymous_27)
FNF:20
FNH:0
FNDA:0,requestTimeout
FNDA:0,(anonymous_8)
FNDA:0,(anonymous_9)
FNDA:0,(anonymous_10)
FNDA:0,(anonymous_11)
FNDA:0,setupGracefulShutdown
FNDA:0,(anonymous_13)
FNDA:0,(anonymous_14)
FNDA:0,(anonymous_15)
FNDA:0,(anonymous_16)
FNDA:0,(anonymous_17)
FNDA:0,(anonymous_18)
FNDA:0,(anonymous_19)
FNDA:0,(anonymous_20)
FNDA:0,healthCheck
FNDA:0,createLogger
FNDA:0,(anonymous_24)
FNDA:0,(anonymous_25)
FNDA:0,(anonymous_26)
FNDA:0,(anonymous_27)
DA:2,0
DA:7,0
DA:8,0
DA:10,0
DA:13,0
DA:16,0
DA:17,0
DA:18,0
DA:19,0
DA:26,0
DA:27,0
DA:29,0
DA:36,0
DA:37,0
DA:39,0
DA:40,0
DA:41,0
DA:43,0
DA:46,0
DA:47,0
DA:51,0
DA:52,0
DA:53,0
DA:55,0
DA:59,0
DA:60,0
DA:61,0
DA:65,0
DA:66,0
DA:69,0
DA:70,0
DA:71,0
DA:74,0
DA:75,0
DA:82,0
DA:83,0
DA:84,0
DA:85,0
DA:86,0
DA:88,0
DA:94,0
DA:95,0
DA:106,0
DA:107,0
DA:109,0
DA:112,0
DA:115,0
DA:118,0
LF:48
LH:0
BRDA:7,0,0,0
BRDA:10,1,0,0
BRDA:10,2,0,0
BRDA:10,2,1,0
BRDA:10,2,2,0
BRDA:17,3,0,0
BRDA:40,4,0,0
BRDA:61,5,0,0
BRDA:61,5,1,0
BRDA:98,6,0,0
BRDA:98,6,1,0
BRDA:109,7,0,0
BRF:12
BRH:0
end_of_record
TN:
SF:config/database.ts
FN:20,getDatabaseConfig
FN:53,getDatabaseUrl
FN:61,isDemoEnvironment
FN:68,isDevelopment
FN:75,isProduction
FN:84,isReadOnlyEnvironment
FN:92,isControlledAccessMode
FN:100,getSecureConnectionString
FN:108,assertWritePermissions
FN:121,getDatabaseConnectionInfo
FNF:10
FNH:0
FNDA:0,getDatabaseConfig
FNDA:0,getDatabaseUrl
FNDA:0,isDemoEnvironment
FNDA:0,isDevelopment
FNDA:0,isProduction
FNDA:0,isReadOnlyEnvironment
FNDA:0,isControlledAccessMode
FNDA:0,getSecureConnectionString
FNDA:0,assertWritePermissions
FNDA:0,getDatabaseConnectionInfo
DA:7,0
DA:20,0
DA:21,0
DA:22,0
DA:23,0
DA:25,0
DA:26,0
DA:33,0
DA:36,0
DA:37,0
DA:38,0
DA:39,0
DA:40,0
DA:42,0
DA:53,0
DA:54,0
DA:61,0
DA:62,0
DA:68,0
DA:69,0
DA:75,0
DA:76,0
DA:84,0
DA:85,0
DA:92,0
DA:93,0
DA:100,0
DA:101,0
DA:108,0
DA:109,0
DA:110,0
DA:111,0
DA:121,0
DA:129,0
DA:130,0
DA:131,0
DA:133,0
LF:37
LH:0
BRDA:21,0,0,0
BRDA:21,0,1,0
BRDA:22,1,0,0
BRDA:22,1,1,0
BRDA:23,2,0,0
BRDA:23,2,1,0
BRDA:25,3,0,0
BRDA:54,4,0,0
BRDA:54,4,1,0
BRDA:109,5,0,0
BRDA:110,6,0,0
BRDA:110,6,1,0
BRDA:129,7,0,0
BRDA:129,7,1,0
BRDA:130,8,0,0
BRDA:130,8,1,0
BRF:16
BRH:0
end_of_record
TN:
SF:config/environment.ts
FN:16,getEnvironmentConfig
FNF:1
FNH:0
FNDA:0,getEnvironmentConfig
DA:16,0
DA:17,0
DA:18,0
DA:19,0
DA:22,0
DA:25,0
DA:26,0
DA:29,0
DA:30,0
DA:31,0
DA:35,0
DA:37,0
DA:53,0
DA:57,0
LF:14
LH:0
BRDA:17,0,0,0
BRDA:17,0,1,0
BRDA:22,1,0,0
BRDA:22,1,1,0
BRDA:30,2,0,0
BRDA:48,3,0,0
BRDA:48,3,1,0
BRF:7
BRH:0
end_of_record
TN:
SF:config/loginRedirects.ts
FN:15,(anonymous_0)
FN:51,(anonymous_1)
FN:54,(anonymous_2)
FN:61,(anonymous_3)
FN:79,(anonymous_4)
FN:95,(anonymous_5)
FNF:6
FNH:0
FNDA:0,(anonymous_0)
FNDA:0,(anonymous_1)
FNDA:0,(anonymous_2)
FNDA:0,(anonymous_3)
FNDA:0,(anonymous_4)
FNDA:0,(anonymous_5)
DA:15,0
DA:16,0
DA:17,0
DA:18,0
DA:19,0
DA:23,0
DA:25,0
DA:35,0
DA:46,0
DA:51,0
DA:54,0
DA:55,0
DA:56,0
DA:58,0
DA:61,0
DA:64,0
DA:65,0
DA:66,0
DA:67,0
DA:68,0
DA:70,0
DA:74,0
DA:75,0
DA:78,0
DA:80,0
DA:81,0
DA:82,0
DA:83,0
DA:85,0
DA:95,0
DA:98,0
DA:100,0
DA:106,0
DA:107,0
DA:108,0
DA:109,0
DA:110,0
DA:115,0
DA:116,0
DA:117,0
DA:118,0
DA:121,0
LF:42
LH:0
BRDA:16,0,0,0
BRDA:18,1,0,0
BRDA:23,2,0,0
BRDA:23,2,1,0
BRDA:23,3,0,0
BRDA:23,3,1,0
BRDA:27,4,0,0
BRDA:27,4,1,0
BRDA:27,5,0,0
BRDA:27,5,1,0
BRDA:30,6,0,0
BRDA:30,6,1,0
BRDA:30,7,0,0
BRDA:30,7,1,0
BRDA:32,8,0,0
BRDA:32,8,1,0
BRDA:32,9,0,0
BRDA:32,9,1,0
BRDA:37,10,0,0
BRDA:37,10,1,0
BRDA:37,11,0,0
BRDA:37,11,1,0
BRDA:39,12,0,0
BRDA:39,12,1,0
BRDA:39,13,0,0
BRDA:39,13,1,0
BRDA:42,14,0,0
BRDA:42,14,1,0
BRDA:42,15,0,0
BRDA:42,15,1,0
BRDA:55,16,0,0
BRDA:56,17,0,0
BRDA:64,18,0,0
BRDA:65,19,0,0
BRDA:74,20,0,0
BRDA:74,21,0,0
BRDA:74,21,1,0
BRDA:80,22,0,0
BRDA:80,22,1,0
BRDA:82,23,0,0
BRDA:107,24,0,0
BRDA:109,25,0,0
BRDA:109,26,0,0
BRDA:109,26,1,0
BRDA:115,27,0,0
BRDA:115,27,1,0
BRDA:115,28,0,0
BRDA:115,28,1,0
BRDA:117,29,0,0
BRDA:117,30,0,0
BRDA:117,30,1,0
BRF:51
BRH:0
end_of_record
TN:
SF:config/postSecondaryPathways.ts
FN:73,getEffectivePathway
FN:92,validateReportCategories
FN:111,(anonymous_2)
FNF:3
FNH:0
FNDA:0,getEffectivePathway
FNDA:0,validateReportCategories
FNDA:0,(anonymous_2)
DA:27,0
DA:64,0
DA:73,0
DA:78,0
DA:79,0
DA:83,0
DA:84,0
DA:88,0
DA:92,0
DA:96,0
DA:97,0
DA:99,0
DA:101,0
DA:111,0
DA:112,0
DA:115,0
DA:116,0
DA:120,0
DA:126,0
LF:19
LH:0
BRDA:75,0,0,0
BRDA:78,1,0,0
BRDA:78,2,0,0
BRDA:78,2,1,0
BRDA:83,3,0,0
BRDA:83,4,0,0
BRDA:83,4,1,0
BRDA:115,5,0,0
BRF:8
BRH:0
end_of_record
TN:
SF:middleware/demoWriteGuard.ts
FN:59,shouldBlockWrite
FN:86,demoWriteGuard
FN:110,(anonymous_2)
FN:130,assertDemoWriteAllowed
FNF:4
FNH:0
FNDA:0,shouldBlockWrite
FNDA:0,demoWriteGuard
FNDA:0,(anonymous_2)
FNDA:0,assertDemoWriteAllowed
DA:12,0
DA:18,0
DA:29,0
DA:46,0
DA:59,0
DA:61,0
DA:62,0
DA:66,0
DA:67,0
DA:71,0
DA:72,0
DA:76,0
DA:86,0
DA:88,0
DA:89,0
DA:93,0
DA:94,0
DA:95,0
DA:99,0
DA:101,0
DA:104,0
DA:110,0
DA:112,0
DA:113,0
DA:114,0
DA:123,0
DA:130,0
DA:131,0
DA:132,0
LF:29
LH:0
BRDA:61,0,0,0
BRDA:66,1,0,0
BRDA:71,2,0,0
BRDA:88,3,0,0
BRDA:93,4,0,0
BRDA:101,5,0,0
BRDA:112,6,0,0
BRDA:131,7,0,0
BRF:8
BRH:0
end_of_record
TN:
SF:routes/analysis-routes.ts
FN:14,registerAnalysisRoutes
FN:16,(anonymous_15)
FN:16,(anonymous_16)
FN:81,(anonymous_17)
FN:102,(anonymous_18)
FN:109,(anonymous_19)
FN:145,(anonymous_20)
FN:181,(anonymous_21)
FN:181,(anonymous_22)
FN:239,(anonymous_23)
FN:244,(anonymous_24)
FN:262,(anonymous_25)
FN:266,(anonymous_26)
FN:279,(anonymous_27)
FN:279,(anonymous_28)
FN:280,(anonymous_29)
FN:297,(anonymous_30)
FN:309,(anonymous_31)
FN:339,(anonymous_32)
FN:457,(anonymous_33)
FN:472,(anonymous_34)
FN:588,(anonymous_35)
FN:608,(anonymous_36)
FN:645,(anonymous_37)
FN:645,(anonymous_38)
FN:676,(anonymous_39)
FN:702,(anonymous_40)
FN:764,validateItemMasterFields
FN:779,(anonymous_42)
FN:780,(anonymous_43)
FN:790,generateK12ReportFromItemMaster
FN:801,(anonymous_46)
FN:806,(anonymous_47)
FN:809,(anonymous_48)
FN:829,(anonymous_49)
FN:832,(anonymous_50)
FN:835,(anonymous_51)
FN:847,(anonymous_52)
FN:850,(anonymous_53)
FN:852,(anonymous_54)
FN:973,(anonymous_55)
FN:989,(anonymous_56)
FN:996,(anonymous_57)
FN:1021,(anonymous_58)
FN:1026,(anonymous_59)
FN:1027,(anonymous_60)
FN:1045,(anonymous_61)
FN:1074,saveReportDataDirectly
FN:1076,(anonymous_64)
FN:1105,saveItemMasterDataToDatabase
FN:1130,(anonymous_67)
FN:1165,createAssessmentCaseDirectly
FN:1167,(anonymous_70)
FNF:53
FNH:0
FNDA:0,registerAnalysisRoutes
FNDA:0,(anonymous_15)
FNDA:0,(anonymous_16)
FNDA:0,(anonymous_17)
FNDA:0,(anonymous_18)
FNDA:0,(anonymous_19)
FNDA:0,(anonymous_20)
FNDA:0,(anonymous_21)
FNDA:0,(anonymous_22)
FNDA:0,(anonymous_23)
FNDA:0,(anonymous_24)
FNDA:0,(anonymous_25)
FNDA:0,(anonymous_26)
FNDA:0,(anonymous_27)
FNDA:0,(anonymous_28)
FNDA:0,(anonymous_29)
FNDA:0,(anonymous_30)
FNDA:0,(anonymous_31)
FNDA:0,(anonymous_32)
FNDA:0,(anonymous_33)
FNDA:0,(anonymous_34)
FNDA:0,(anonymous_35)
FNDA:0,(anonymous_36)
FNDA:0,(anonymous_37)
FNDA:0,(anonymous_38)
FNDA:0,(anonymous_39)
FNDA:0,(anonymous_40)
FNDA:0,validateItemMasterFields
FNDA:0,(anonymous_42)
FNDA:0,(anonymous_43)
FNDA:0,generateK12ReportFromItemMaster
FNDA:0,(anonymous_46)
FNDA:0,(anonymous_47)
FNDA:0,(anonymous_48)
FNDA:0,(anonymous_49)
FNDA:0,(anonymous_50)
FNDA:0,(anonymous_51)
FNDA:0,(anonymous_52)
FNDA:0,(anonymous_53)
FNDA:0,(anonymous_54)
FNDA:0,(anonymous_55)
FNDA:0,(anonymous_56)
FNDA:0,(anonymous_57)
FNDA:0,(anonymous_58)
FNDA:0,(anonymous_59)
FNDA:0,(anonymous_60)
FNDA:0,(anonymous_61)
FNDA:0,saveReportDataDirectly
FNDA:0,(anonymous_64)
FNDA:0,saveItemMasterDataToDatabase
FNDA:0,(anonymous_67)
FNDA:0,createAssessmentCaseDirectly
FNDA:0,(anonymous_70)
DA:2,0
DA:3,0
DA:4,0
DA:5,0
DA:6,0
DA:7,0
DA:8,0
DA:9,0
DA:10,0
DA:11,0
DA:12,0
DA:14,0
DA:16,0
DA:17,0
DA:18,0
DA:21,0
DA:22,0
DA:26,0
DA:29,0
DA:31,0
DA:32,0
DA:33,0
DA:34,0
DA:35,0
DA:36,0
DA:38,0
DA:47,0
DA:48,0
DA:49,0
DA:50,0
DA:51,0
DA:52,0
DA:53,0
DA:54,0
DA:55,0
DA:56,0
DA:57,0
DA:58,0
DA:59,0
DA:62,0
DA:63,0
DA:64,0
DA:65,0
DA:66,0
DA:67,0
DA:68,0
DA:69,0
DA:71,0
DA:72,0
DA:73,0
DA:74,0
DA:77,0
DA:78,0
DA:81,0
DA:82,0
DA:89,0
DA:95,0
DA:98,0
DA:99,0
DA:102,0
DA:104,0
DA:105,0
DA:109,0
DA:120,0
DA:123,0
DA:124,0
DA:126,0
DA:145,0
DA:148,0
DA:149,0
DA:150,0
DA:152,0
DA:156,0
DA:166,0
DA:172,0
DA:173,0
DA:181,0
DA:182,0
DA:183,0
DA:184,0
DA:185,0
DA:186,0
DA:187,0
DA:188,0
DA:189,0
DA:190,0
DA:192,0
DA:193,0
DA:194,0
DA:195,0
DA:196,0
DA:199,0
DA:200,0
DA:201,0
DA:202,0
DA:205,0
DA:206,0
DA:217,0
DA:218,0
DA:220,0
DA:224,0
DA:225,0
DA:226,0
DA:228,0
DA:231,0
DA:234,0
DA:235,0
DA:239,0
DA:242,0
DA:243,0
DA:244,0
DA:245,0
DA:246,0
DA:247,0
DA:251,0
DA:252,0
DA:255,0
DA:258,0
DA:262,0
DA:265,0
DA:266,0
DA:267,0
DA:268,0
DA:272,0
DA:278,0
DA:279,0
DA:280,0
DA:282,0
DA:285,0
DA:286,0
DA:287,0
DA:292,0
DA:293,0
DA:296,0
DA:297,0
DA:309,0
DA:310,0
DA:312,0
DA:313,0
DA:314,0
DA:319,0
DA:321,0
DA:326,0
DA:327,0
DA:328,0
DA:334,0
DA:335,0
DA:337,0
DA:339,0
DA:342,0
DA:349,0
DA:350,0
DA:351,0
DA:353,0
DA:357,0
DA:358,0
DA:360,0
DA:390,0
DA:392,0
DA:404,0
DA:405,0
DA:406,0
DA:416,0
DA:418,0
DA:434,0
DA:436,0
DA:437,0
DA:440,0
DA:443,0
DA:445,0
DA:457,0
DA:458,0
DA:459,0
DA:464,0
DA:472,0
DA:473,0
DA:474,0
DA:480,0
DA:481,0
DA:482,0
DA:485,0
DA:486,0
DA:490,0
DA:491,0
DA:494,0
DA:495,0
DA:496,0
DA:498,0
DA:499,0
DA:500,0
DA:501,0
DA:507,0
DA:523,0
DA:524,0
DA:525,0
DA:527,0
DA:531,0
DA:532,0
DA:535,0
DA:537,0
DA:538,0
DA:541,0
DA:542,0
DA:543,0
DA:544,0
DA:547,0
DA:548,0
DA:550,0
DA:551,0
DA:555,0
DA:559,0
DA:571,0
DA:572,0
DA:573,0
DA:574,0
DA:575,0
DA:578,0
DA:579,0
DA:582,0
DA:588,0
DA:592,0
DA:595,0
DA:601,0
DA:608,0
DA:617,0
DA:619,0
DA:620,0
DA:622,0
DA:625,0
DA:627,0
DA:631,0
DA:634,0
DA:635,0
DA:645,0
DA:646,0
DA:648,0
DA:652,0
DA:654,0
DA:656,0
DA:666,0
DA:669,0
DA:676,0
DA:680,0
DA:682,0
DA:683,0
DA:684,0
DA:687,0
DA:694,0
DA:697,0
DA:698,0
DA:701,0
DA:702,0
DA:703,0
DA:707,0
DA:711,0
DA:714,0
DA:720,0
DA:725,0
DA:731,0
DA:737,0
DA:738,0
DA:740,0
DA:741,0
DA:742,0
DA:744,0
DA:749,0
DA:750,0
DA:753,0
DA:754,0
DA:769,0
DA:770,0
DA:779,0
DA:780,0
DA:782,0
DA:795,0
DA:796,0
DA:797,0
DA:798,0
DA:801,0
DA:806,0
DA:807,0
DA:808,0
DA:809,0
DA:810,0
DA:815,0
DA:816,0
DA:819,0
DA:822,0
DA:823,0
DA:824,0
DA:825,0
DA:826,0
DA:829,0
DA:830,0
DA:832,0
DA:833,0
DA:835,0
DA:836,0
DA:839,0
DA:840,0
DA:841,0
DA:842,0
DA:843,0
DA:844,0
DA:847,0
DA:848,0
DA:850,0
DA:852,0
DA:853,0
DA:854,0
DA:856,0
DA:860,0
DA:862,0
DA:889,0
DA:890,0
DA:891,0
DA:892,0
DA:895,0
DA:896,0
DA:897,0
DA:898,0
DA:901,0
DA:904,0
DA:905,0
DA:908,0
DA:909,0
DA:912,0
DA:913,0
DA:916,0
DA:917,0
DA:920,0
DA:921,0
DA:924,0
DA:925,0
DA:928,0
DA:929,0
DA:933,0
DA:935,0
DA:939,0
DA:941,0
DA:942,0
DA:944,0
DA:945,0
DA:946,0
DA:952,0
DA:953,0
DA:956,0
DA:957,0
DA:958,0
DA:959,0
DA:960,0
DA:961,0
DA:962,0
DA:965,0
DA:966,0
DA:967,0
DA:968,0
DA:969,0
DA:972,0
DA:973,0
DA:974,0
DA:975,0
DA:976,0
DA:977,0
DA:981,0
DA:982,0
DA:983,0
DA:984,0
DA:985,0
DA:986,0
DA:989,0
DA:990,0
DA:996,0
DA:997,0
DA:1000,0
DA:1004,0
DA:1009,0
DA:1014,0
DA:1019,0
DA:1021,0
DA:1024,0
DA:1026,0
DA:1027,0
DA:1030,0
DA:1032,0
DA:1035,0
DA:1045,0
DA:1075,0
DA:1076,0
DA:1079,0
DA:1084,0
DA:1085,0
DA:1086,0
DA:1090,0
DA:1095,0
DA:1096,0
DA:1098,0
DA:1099,0
DA:1106,0
DA:1108,0
DA:1109,0
DA:1111,0
DA:1130,0
DA:1131,0
DA:1158,0
DA:1160,0
DA:1166,0
DA:1167,0
DA:1169,0
DA:1184,0
DA:1185,0
DA:1187,0
DA:1188,0
LF:413
LH:0
BRDA:21,0,0,0
BRDA:21,0,1,0
BRDA:22,1,0,0
BRDA:22,1,1,0
BRDA:26,2,0,0
BRDA:26,2,1,0
BRDA:29,3,0,0
BRDA:29,3,1,0
BRDA:31,4,0,0
BRDA:31,5,0,0
BRDA:31,5,1,0
BRDA:31,5,2,0
BRDA:34,6,0,0
BRDA:34,6,1,0
BRDA:35,7,0,0
BRDA:35,7,1,0
BRDA:47,8,0,0
BRDA:47,8,1,0
BRDA:52,9,0,0
BRDA:52,9,1,0
BRDA:52,10,0,0
BRDA:52,10,1,0
BRDA:56,11,0,0
BRDA:62,12,0,0
BRDA:62,12,1,0
BRDA:63,13,0,0
BRDA:63,13,1,0
BRDA:64,14,0,0
BRDA:64,14,1,0
BRDA:65,15,0,0
BRDA:65,15,1,0
BRDA:65,15,2,0
BRDA:77,16,0,0
BRDA:77,16,1,0
BRDA:81,17,0,0
BRDA:81,17,1,0
BRDA:98,18,0,0
BRDA:98,19,0,0
BRDA:98,19,1,0
BRDA:102,20,0,0
BRDA:102,20,1,0
BRDA:123,21,0,0
BRDA:123,21,1,0
BRDA:123,22,0,0
BRDA:123,22,1,0
BRDA:124,23,0,0
BRDA:124,23,1,0
BRDA:130,24,0,0
BRDA:130,24,1,0
BRDA:130,24,2,0
BRDA:130,25,0,0
BRDA:130,25,1,0
BRDA:130,26,0,0
BRDA:130,26,1,0
BRDA:130,27,0,0
BRDA:130,27,1,0
BRDA:130,28,0,0
BRDA:130,28,1,0
BRDA:130,29,0,0
BRDA:130,29,1,0
BRDA:133,30,0,0
BRDA:133,30,1,0
BRDA:135,31,0,0
BRDA:135,31,1,0
BRDA:136,32,0,0
BRDA:136,32,1,0
BRDA:141,33,0,0
BRDA:141,33,1,0
BRDA:141,34,0,0
BRDA:141,34,1,0
BRDA:141,35,0,0
BRDA:141,35,1,0
BRDA:142,36,0,0
BRDA:142,36,1,0
BRDA:142,37,0,0
BRDA:142,37,1,0
BRDA:142,38,0,0
BRDA:142,38,1,0
BRDA:143,39,0,0
BRDA:143,39,1,0
BRDA:143,40,0,0
BRDA:143,40,1,0
BRDA:143,41,0,0
BRDA:143,41,1,0
BRDA:145,42,0,0
BRDA:145,42,1,0
BRDA:145,42,2,0
BRDA:174,43,0,0
BRDA:174,43,1,0
BRDA:183,44,0,0
BRDA:183,44,1,0
BRDA:184,45,0,0
BRDA:184,45,1,0
BRDA:185,46,0,0
BRDA:185,46,1,0
BRDA:186,47,0,0
BRDA:186,47,1,0
BRDA:186,47,2,0
BRDA:199,48,0,0
BRDA:199,48,1,0
BRDA:201,49,0,0
BRDA:201,49,1,0
BRDA:201,50,0,0
BRDA:201,50,1,0
BRDA:201,50,2,0
BRDA:224,51,0,0
BRDA:224,51,1,0
BRDA:224,51,2,0
BRDA:224,51,3,0
BRDA:226,52,0,0
BRDA:226,52,1,0
BRDA:234,53,0,0
BRDA:234,53,1,0
BRDA:235,54,0,0
BRDA:235,54,1,0
BRDA:242,55,0,0
BRDA:242,55,1,0
BRDA:242,56,0,0
BRDA:242,56,1,0
BRDA:242,57,0,0
BRDA:242,57,1,0
BRDA:243,58,0,0
BRDA:243,59,0,0
BRDA:243,59,1,0
BRDA:245,60,0,0
BRDA:258,61,0,0
BRDA:258,61,1,0
BRDA:265,62,0,0
BRDA:265,63,0,0
BRDA:265,63,1,0
BRDA:267,64,0,0
BRDA:272,65,0,0
BRDA:272,65,1,0
BRDA:280,66,0,0
BRDA:280,66,1,0
BRDA:280,67,0,0
BRDA:280,67,1,0
BRDA:282,68,0,0
BRDA:282,68,1,0
BRDA:282,69,0,0
BRDA:282,69,1,0
BRDA:282,70,0,0
BRDA:282,70,1,0
BRDA:282,71,0,0
BRDA:282,71,1,0
BRDA:282,72,0,0
BRDA:282,72,1,0
BRDA:285,73,0,0
BRDA:285,74,0,0
BRDA:285,74,1,0
BRDA:302,75,0,0
BRDA:302,75,1,0
BRDA:312,76,0,0
BRDA:326,77,0,0
BRDA:326,78,0,0
BRDA:326,78,1,0
BRDA:326,79,0,0
BRDA:326,79,1,0
BRDA:334,80,0,0
BRDA:350,81,0,0
BRDA:350,81,1,0
BRDA:363,82,0,0
BRDA:363,82,1,0
BRDA:374,83,0,0
BRDA:374,83,1,0
BRDA:376,84,0,0
BRDA:376,84,1,0
BRDA:376,85,0,0
BRDA:376,85,1,0
BRDA:376,86,0,0
BRDA:376,86,1,0
BRDA:385,87,0,0
BRDA:385,87,1,0
BRDA:385,88,0,0
BRDA:385,88,1,0
BRDA:386,89,0,0
BRDA:386,89,1,0
BRDA:386,90,0,0
BRDA:386,90,1,0
BRDA:399,91,0,0
BRDA:399,91,1,0
BRDA:405,92,0,0
BRDA:405,92,1,0
BRDA:434,93,0,0
BRDA:434,93,1,0
BRDA:443,94,0,0
BRDA:458,95,0,0
BRDA:458,96,0,0
BRDA:458,96,1,0
BRDA:473,97,0,0
BRDA:473,98,0,0
BRDA:473,98,1,0
BRDA:480,99,0,0
BRDA:480,100,0,0
BRDA:480,100,1,0
BRDA:481,101,0,0
BRDA:485,102,0,0
BRDA:494,103,0,0
BRDA:494,103,1,0
BRDA:494,104,0,0
BRDA:494,104,1,0
BRDA:498,105,0,0
BRDA:498,106,0,0
BRDA:498,106,1,0
BRDA:498,107,0,0
BRDA:498,107,1,0
BRDA:523,108,0,0
BRDA:523,108,1,0
BRDA:531,109,0,0
BRDA:531,110,0,0
BRDA:531,110,1,0
BRDA:538,111,0,0
BRDA:538,111,1,0
BRDA:543,112,0,0
BRDA:568,113,0,0
BRDA:568,113,1,0
BRDA:573,114,0,0
BRDA:573,114,1,0
BRDA:573,115,0,0
BRDA:573,115,1,0
BRDA:573,116,0,0
BRDA:573,116,1,0
BRDA:584,117,0,0
BRDA:584,117,1,0
BRDA:584,117,2,0
BRDA:584,118,0,0
BRDA:584,118,1,0
BRDA:584,119,0,0
BRDA:584,119,1,0
BRDA:584,120,0,0
BRDA:584,120,1,0
BRDA:588,121,0,0
BRDA:588,121,1,0
BRDA:588,121,2,0
BRDA:597,122,0,0
BRDA:597,122,1,0
BRDA:604,123,0,0
BRDA:604,123,1,0
BRDA:608,124,0,0
BRDA:608,124,1,0
BRDA:608,124,2,0
BRDA:611,125,0,0
BRDA:611,125,1,0
BRDA:611,126,0,0
BRDA:611,126,1,0
BRDA:611,127,0,0
BRDA:611,127,1,0
BRDA:612,128,0,0
BRDA:612,128,1,0
BRDA:612,129,0,0
BRDA:612,129,1,0
BRDA:612,130,0,0
BRDA:612,130,1,0
BRDA:613,131,0,0
BRDA:613,131,1,0
BRDA:613,132,0,0
BRDA:613,132,1,0
BRDA:613,133,0,0
BRDA:613,133,1,0
BRDA:619,134,0,0
BRDA:619,134,1,0
BRDA:672,135,0,0
BRDA:672,135,1,0
BRDA:672,135,2,0
BRDA:672,136,0,0
BRDA:672,136,1,0
BRDA:672,137,0,0
BRDA:672,137,1,0
BRDA:676,138,0,0
BRDA:676,138,1,0
BRDA:676,138,2,0
BRDA:682,139,0,0
BRDA:697,140,0,0
BRDA:716,141,0,0
BRDA:716,141,1,0
BRDA:716,142,0,0
BRDA:716,142,1,0
BRDA:716,143,0,0
BRDA:716,143,1,0
BRDA:727,144,0,0
BRDA:727,144,1,0
BRDA:737,145,0,0
BRDA:737,146,0,0
BRDA:737,146,1,0
BRDA:807,147,0,0
BRDA:810,148,0,0
BRDA:810,148,1,0
BRDA:815,149,0,0
BRDA:815,149,1,0
BRDA:815,150,0,0
BRDA:815,150,1,0
BRDA:830,151,0,0
BRDA:830,151,1,0
BRDA:833,152,0,0
BRDA:833,152,1,0
BRDA:833,152,2,0
BRDA:848,153,0,0
BRDA:853,154,0,0
BRDA:853,155,0,0
BRDA:853,155,1,0
BRDA:853,155,2,0
BRDA:860,156,0,0
BRDA:860,156,1,0
BRDA:862,157,0,0
BRDA:862,157,1,0
BRDA:862,157,2,0
BRDA:864,158,0,0
BRDA:864,158,1,0
BRDA:864,158,2,0
BRDA:866,159,0,0
BRDA:866,159,1,0
BRDA:866,159,2,0
BRDA:868,160,0,0
BRDA:868,160,1,0
BRDA:868,160,2,0
BRDA:870,161,0,0
BRDA:870,161,1,0
BRDA:870,161,2,0
BRDA:872,162,0,0
BRDA:872,162,1,0
BRDA:872,162,2,0
BRDA:874,163,0,0
BRDA:874,163,1,0
BRDA:874,163,2,0
BRDA:876,164,0,0
BRDA:876,164,1,0
BRDA:876,164,2,0
BRDA:879,165,0,0
BRDA:879,165,1,0
BRDA:880,166,0,0
BRDA:880,166,1,0
BRDA:881,167,0,0
BRDA:881,167,1,0
BRDA:882,168,0,0
BRDA:882,168,1,0
BRDA:928,169,0,0
BRDA:928,169,1,0
BRDA:933,170,0,0
BRDA:933,170,1,0
BRDA:939,171,0,0
BRDA:942,172,0,0
BRDA:942,173,0,0
BRDA:942,173,1,0
BRDA:977,174,0,0
BRDA:977,174,1,0
BRDA:977,175,0,0
BRDA:977,175,1,0
BRDA:989,176,0,0
BRDA:989,176,1,0
BRDA:997,177,0,0
BRDA:997,177,1,0
BRDA:1000,178,0,0
BRDA:1000,178,1,0
BRDA:1021,179,0,0
BRDA:1021,179,1,0
BRDA:1026,180,0,0
BRDA:1026,180,1,0
BRDA:1026,181,0,0
BRDA:1026,181,1,0
BRDA:1045,182,0,0
BRDA:1045,182,1,0
BRDA:1047,183,0,0
BRDA:1047,183,1,0
BRDA:1047,183,2,0
BRDA:1049,184,0,0
BRDA:1049,184,1,0
BRDA:1049,184,2,0
BRDA:1051,185,0,0
BRDA:1051,185,1,0
BRDA:1051,185,2,0
BRDA:1084,186,0,0
BRDA:1115,187,0,0
BRDA:1115,187,1,0
BRDA:1121,188,0,0
BRDA:1121,188,1,0
BRDA:1122,189,0,0
BRDA:1122,189,1,0
BRDA:1123,190,0,0
BRDA:1123,190,1,0
BRDA:1124,191,0,0
BRDA:1124,191,1,0
BRDA:1125,192,0,0
BRDA:1125,192,1,0
BRDA:1176,193,0,0
BRDA:1176,193,1,0
BRF:385
BRH:0
end_of_record
TN:
SF:routes/auth-routes.ts
FN:27,registerAuthRoutes
FN:29,(anonymous_14)
FN:38,(anonymous_15)
FN:38,(anonymous_16)
FN:168,(anonymous_17)
FN:168,(anonymous_18)
FN:238,(anonymous_19)
FN:239,(anonymous_20)
FN:248,(anonymous_21)
FN:258,(anonymous_22)
FN:258,(anonymous_23)
FN:291,(anonymous_24)
FN:315,(anonymous_25)
FN:315,(anonymous_26)
FN:333,(anonymous_27)
FN:342,(anonymous_28)
FN:345,(anonymous_29)
FN:367,(anonymous_30)
FN:367,(anonymous_31)
FN:420,registerAdminRoutes
FN:425,(anonymous_33)
FN:425,(anonymous_34)
FN:445,(anonymous_35)
FN:454,(anonymous_36)
FN:455,(anonymous_37)
FN:468,(anonymous_38)
FN:468,(anonymous_39)
FN:493,(anonymous_40)
FN:493,(anonymous_41)
FNF:29
FNH:0
FNDA:0,registerAuthRoutes
FNDA:0,(anonymous_14)
FNDA:0,(anonymous_15)
FNDA:0,(anonymous_16)
FNDA:0,(anonymous_17)
FNDA:0,(anonymous_18)
FNDA:0,(anonymous_19)
FNDA:0,(anonymous_20)
FNDA:0,(anonymous_21)
FNDA:0,(anonymous_22)
FNDA:0,(anonymous_23)
FNDA:0,(anonymous_24)
FNDA:0,(anonymous_25)
FNDA:0,(anonymous_26)
FNDA:0,(anonymous_27)
FNDA:0,(anonymous_28)
FNDA:0,(anonymous_29)
FNDA:0,(anonymous_30)
FNDA:0,(anonymous_31)
FNDA:0,registerAdminRoutes
FNDA:0,(anonymous_33)
FNDA:0,(anonymous_34)
FNDA:0,(anonymous_35)
FNDA:0,(anonymous_36)
FNDA:0,(anonymous_37)
FNDA:0,(anonymous_38)
FNDA:0,(anonymous_39)
FNDA:0,(anonymous_40)
FNDA:0,(anonymous_41)
DA:2,0
DA:3,0
DA:4,0
DA:5,0
DA:6,0
DA:17,0
DA:18,0
DA:19,0
DA:27,0
DA:29,0
DA:30,0
DA:35,0
DA:38,0
DA:39,0
DA:40,0
DA:42,0
DA:43,0
DA:48,0
DA:49,0
DA:51,0
DA:52,0
DA:57,0
DA:58,0
DA:63,0
DA:64,0
DA:69,0
DA:70,0
DA:76,0
DA:81,0
DA:82,0
DA:85,0
DA:90,0
DA:91,0
DA:94,0
DA:95,0
DA:97,0
DA:98,0
DA:99,0
DA:101,0
DA:102,0
DA:103,0
DA:104,0
DA:106,0
DA:107,0
DA:108,0
DA:109,0
DA:110,0
DA:111,0
DA:113,0
DA:117,0
DA:142,0
DA:151,0
DA:163,0
DA:164,0
DA:168,0
DA:169,0
DA:170,0
DA:172,0
DA:173,0
DA:176,0
DA:181,0
DA:182,0
DA:185,0
DA:186,0
DA:191,0
DA:192,0
DA:193,0
DA:196,0
DA:199,0
DA:202,0
DA:212,0
DA:213,0
DA:218,0
DA:221,0
DA:226,0
DA:233,0
DA:234,0
DA:238,0
DA:239,0
DA:240,0
DA:241,0
DA:242,0
DA:244,0
DA:248,0
DA:249,0
DA:258,0
DA:259,0
DA:260,0
DA:262,0
DA:263,0
DA:266,0
DA:271,0
DA:272,0
DA:278,0
DA:279,0
DA:280,0
DA:282,0
DA:290,0
DA:291,0
DA:295,0
DA:296,0
DA:297,0
DA:298,0
DA:299,0
DA:302,0
DA:305,0
DA:310,0
DA:311,0
DA:315,0
DA:316,0
DA:317,0
DA:319,0
DA:320,0
DA:323,0
DA:333,0
DA:334,0
DA:335,0
DA:341,0
DA:342,0
DA:345,0
DA:346,0
DA:347,0
DA:348,0
DA:349,0
DA:351,0
DA:354,0
DA:357,0
DA:362,0
DA:363,0
DA:367,0
DA:368,0
DA:369,0
DA:371,0
DA:372,0
DA:375,0
DA:377,0
DA:382,0
DA:383,0
DA:386,0
DA:387,0
DA:395,0
DA:398,0
DA:400,0
DA:409,0
DA:411,0
DA:412,0
DA:420,0
DA:421,0
DA:425,0
DA:426,0
DA:427,0
DA:445,0
DA:451,0
DA:454,0
DA:455,0
DA:458,0
DA:459,0
DA:464,0
DA:468,0
DA:469,0
DA:470,0
DA:471,0
DA:473,0
DA:474,0
DA:475,0
DA:476,0
DA:477,0
DA:478,0
DA:480,0
DA:485,0
DA:487,0
DA:488,0
DA:493,0
DA:494,0
DA:495,0
DA:497,0
DA:498,0
DA:503,0
DA:508,0
DA:509,0
DA:512,0
DA:513,0
DA:515,0
DA:536,0
DA:546,0
DA:551,0
DA:552,0
LF:187
LH:0
BRDA:33,0,0,0
BRDA:33,0,1,0
BRDA:42,1,0,0
BRDA:42,2,0,0
BRDA:42,2,1,0
BRDA:42,2,2,0
BRDA:51,3,0,0
BRDA:57,4,0,0
BRDA:63,5,0,0
BRDA:69,6,0,0
BRDA:81,7,0,0
BRDA:90,8,0,0
BRDA:97,9,0,0
BRDA:97,9,1,0
BRDA:98,10,0,0
BRDA:98,10,1,0
BRDA:99,11,0,0
BRDA:99,11,1,0
BRDA:102,12,0,0
BRDA:102,13,0,0
BRDA:102,13,1,0
BRDA:102,13,2,0
BRDA:106,14,0,0
BRDA:106,14,1,0
BRDA:108,15,0,0
BRDA:108,15,1,0
BRDA:110,16,0,0
BRDA:110,16,1,0
BRDA:144,17,0,0
BRDA:144,17,1,0
BRDA:147,18,0,0
BRDA:147,18,1,0
BRDA:148,19,0,0
BRDA:148,19,1,0
BRDA:172,20,0,0
BRDA:172,21,0,0
BRDA:172,21,1,0
BRDA:181,22,0,0
BRDA:181,23,0,0
BRDA:181,23,1,0
BRDA:185,24,0,0
BRDA:192,25,0,0
BRDA:212,26,0,0
BRDA:212,26,1,0
BRDA:240,27,0,0
BRDA:262,28,0,0
BRDA:271,29,0,0
BRDA:271,30,0,0
BRDA:271,30,1,0
BRDA:295,31,0,0
BRDA:295,31,1,0
BRDA:298,32,0,0
BRDA:319,33,0,0
BRDA:334,34,0,0
BRDA:348,35,0,0
BRDA:348,35,1,0
BRDA:371,36,0,0
BRDA:371,37,0,0
BRDA:371,37,1,0
BRDA:382,38,0,0
BRDA:382,39,0,0
BRDA:382,39,1,0
BRDA:386,40,0,0
BRDA:474,41,0,0
BRDA:475,42,0,0
BRDA:476,43,0,0
BRDA:477,44,0,0
BRDA:478,45,0,0
BRDA:497,46,0,0
BRDA:508,47,0,0
BRF:70
BRH:0
end_of_record
TN:
SF:routes/index.ts
FN:13,isDemoOperationAllowed
FN:68,(anonymous_8)
FN:87,registerRoutes
FN:94,(anonymous_11)
FN:100,(anonymous_12)
FN:119,(anonymous_13)
FN:211,(anonymous_14)
FNF:7
FNH:0
FNDA:0,isDemoOperationAllowed
FNDA:0,(anonymous_8)
FNDA:0,registerRoutes
FNDA:0,(anonymous_11)
FNDA:0,(anonymous_12)
FNDA:0,(anonymous_13)
FNDA:0,(anonymous_14)
DA:2,0
DA:3,0
DA:4,0
DA:5,0
DA:6,0
DA:7,0
DA:8,0
DA:9,0
DA:10,0
DA:11,0
DA:12,0
DA:16,0
DA:68,0
DA:69,0
DA:70,0
DA:73,0
DA:77,0
DA:78,0
DA:84,0
DA:87,0
DA:91,0
DA:94,0
DA:95,0
DA:96,0
DA:100,0
DA:101,0
DA:102,0
DA:105,0
DA:107,0
DA:108,0
DA:111,0
DA:112,0
DA:113,0
DA:117,0
DA:119,0
DA:120,0
DA:123,0
DA:124,0
DA:128,0
DA:129,0
DA:133,0
DA:135,0
DA:138,0
DA:142,0
DA:143,0
DA:150,0
DA:157,0
DA:158,0
DA:159,0
DA:160,0
DA:161,0
DA:168,0
DA:169,0
DA:170,0
DA:173,0
DA:176,0
DA:177,0
DA:192,0
DA:193,0
DA:201,0
DA:209,0
DA:210,0
DA:211,0
DA:213,0
DA:214,0
DA:221,0
DA:229,0
DA:241,0
DA:245,0
DA:255,0
DA:267,0
DA:270,0
DA:271,0
DA:272,0
DA:273,0
DA:274,0
DA:275,0
DA:278,0
DA:280,0
DA:281,0
LF:80
LH:0
BRDA:70,0,0,0
BRDA:70,0,1,0
BRDA:73,1,0,0
BRDA:73,1,1,0
BRDA:77,2,0,0
BRDA:108,3,0,0
BRDA:108,3,1,0
BRDA:111,4,0,0
BRDA:111,5,0,0
BRDA:111,5,1,0
BRDA:111,5,2,0
BRDA:117,6,0,0
BRDA:120,7,0,0
BRDA:123,8,0,0
BRDA:123,9,0,0
BRDA:123,9,1,0
BRDA:128,10,0,0
BRDA:128,11,0,0
BRDA:128,11,1,0
BRDA:133,12,0,0
BRDA:133,13,0,0
BRDA:133,13,1,0
BRDA:133,13,2,0
BRDA:142,14,0,0
BRDA:142,15,0,0
BRDA:142,15,1,0
BRDA:145,16,0,0
BRDA:145,16,1,0
BRDA:145,17,0,0
BRDA:145,17,1,0
BRDA:145,18,0,0
BRDA:145,18,1,0
BRDA:157,19,0,0
BRDA:157,20,0,0
BRDA:157,20,1,0
BRDA:157,20,2,0
BRDA:158,21,0,0
BRDA:158,22,0,0
BRDA:158,22,1,0
BRDA:160,23,0,0
BRDA:168,24,0,0
BRDA:168,25,0,0
BRDA:168,25,1,0
BRDA:173,26,0,0
BRDA:176,27,0,0
BRDA:176,27,1,0
BRDA:192,28,0,0
BRDA:192,29,0,0
BRDA:192,29,1,0
BRDA:209,30,0,0
BRDA:209,30,1,0
BRDA:213,31,0,0
BRDA:213,32,0,0
BRDA:213,32,1,0
BRDA:252,33,0,0
BRDA:252,33,1,0
BRDA:256,34,0,0
BRDA:256,34,1,0
BRDA:261,35,0,0
BRDA:261,35,1,0
BRF:60
BRH:0
end_of_record
TN:
SF:routes/status-routes.ts
FN:4,registerStatusRoutes
FN:5,(anonymous_8)
FN:5,(anonymous_9)
FN:25,(anonymous_10)
FNF:4
FNH:0
FNDA:0,registerStatusRoutes
FNDA:0,(anonymous_8)
FNDA:0,(anonymous_9)
FNDA:0,(anonymous_10)
DA:2,0
DA:4,0
DA:5,0
DA:6,0
DA:7,0
DA:8,0
DA:15,0
DA:16,0
DA:25,0
DA:26,0
DA:27,0
LF:11
LH:0
BRDA:48,0,0,0
BRDA:48,0,1,0
BRF:2
BRH:0
end_of_record
TN:
SF:services/sendgrid.ts
FN:19,sendEmail
FN:38,generatePasswordResetEmail
FN:78,generateForgotUsernameEmail
FNF:3
FNH:0
FNDA:0,sendEmail
FNDA:0,generatePasswordResetEmail
FNDA:0,generateForgotUsernameEmail
DA:2,0
DA:4,0
DA:5,0
DA:8,0
DA:9,0
DA:19,0
DA:20,0
DA:21,0
DA:27,0
DA:28,0
DA:30,0
DA:31,0
DA:33,0
DA:34,0
DA:38,0
DA:39,0
DA:40,0
DA:78,0
DA:79,0
DA:80,0
DA:84,0
LF:21
LH:0
BRDA:4,0,0,0
BRDA:27,1,0,0
BRDA:28,2,0,0
BRDA:39,3,0,0
BRDA:39,3,1,0
BRDA:79,4,0,0
BRDA:79,4,1,0
BRDA:80,5,0,0
BRDA:80,5,1,0
BRDA:95,6,0,0
BRDA:95,6,1,0
BRDA:109,7,0,0
BRDA:109,7,1,0
BRF:13
BRH:0
end_of_record
TN:
SF:utils/environmentDetection.ts
FN:8,normalizeEnvironment
FN:21,isDemoEnvironment
FN:57,getModuleFromEnvironment
FN:75,isEnvironment
FN:83,getEnvironmentStatus
FNF:5
FNH:4
FNDA:19,normalizeEnvironment
FNDA:5,isDemoEnvironment
FNDA:5,getModuleFromEnvironment
FNDA:0,isEnvironment
FNDA:1,getEnvironmentStatus
DA:8,1
DA:9,19
DA:12,16
DA:21,1
DA:23,5
DA:31,5
DA:32,12
DA:34,7
DA:37,7
DA:41,3
DA:46,2
DA:48,1
DA:51,1
DA:57,1
DA:58,5
DA:60,5
DA:61,2
DA:62,3
DA:63,1
DA:64,2
DA:65,1
DA:69,1
DA:75,1
DA:76,0
DA:77,0
DA:79,0
DA:83,1
DA:89,1
DA:90,1
DA:91,1
DA:92,1
DA:94,1
DA:102,1
LF:33
LH:30
BRDA:9,0,0,3
BRDA:32,1,0,5
BRDA:37,2,0,3
BRDA:37,3,0,7
BRDA:37,3,1,5
BRDA:37,3,2,5
BRDA:37,3,3,4
BRDA:46,4,0,1
BRDA:46,5,0,2
BRDA:46,5,1,2
BRDA:60,6,0,2
BRDA:60,6,1,3
BRDA:62,7,0,1
BRDA:62,7,1,2
BRDA:64,8,0,1
BRDA:79,9,0,0
BRDA:79,9,1,0
BRF:17
BRH:15
end_of_record
